CRITICAL - 2021-04-30 14:50:03 --> Trying to access array offset on value of type null
#0 C:\xampp\htdocs\isales\app\Controllers\Reporting\ReportingController.php(70): CodeIgniter\Debug\Exceptions->errorHandler(8, 'Trying to acces...', 'C:\\xampp\\htdocs...', 70, Array)
#1 C:\xampp\htdocs\isales\system\CodeIgniter.php(914): App\Controllers\Reporting\ReportingController->exportDpr()
#2 C:\xampp\htdocs\isales\system\CodeIgniter.php(400): CodeIgniter\CodeIgniter->runController(Object(App\Controllers\Reporting\ReportingController))
#3 C:\xampp\htdocs\isales\system\CodeIgniter.php(308): CodeIgniter\CodeIgniter->handleRequest(NULL, Object(Config\Cache), false)
#4 C:\xampp\htdocs\isales\index.php(45): CodeIgniter\CodeIgniter->run()
#5 {main}
CRITICAL - 2021-04-30 14:50:03 --> Uncaught CodeIgniter\Format\Exceptions\FormatException: Failed to parse json string, error: "Type is not supported". in C:\xampp\htdocs\isales\system\Format\Exceptions\FormatException.php:9
Stack trace:
#0 C:\xampp\htdocs\isales\system\Format\JSONFormatter.php(67): CodeIgniter\Format\Exceptions\FormatException::forInvalidJSON('Type is not sup...')
#1 C:\xampp\htdocs\isales\system\API\ResponseTrait.php(414): CodeIgniter\Format\JSONFormatter->format(Array)
#2 C:\xampp\htdocs\isales\system\API\ResponseTrait.php(134): CodeIgniter\Debug\Exceptions->format(Array)
#3 C:\xampp\htdocs\isales\system\Debug\Exceptions.php(166): CodeIgniter\Debug\Exceptions->respond(Array, 500)
#4 [internal function]: CodeIgniter\Debug\Exceptions->exceptionHandler(Object(ErrorException))
#5 {main}
  thrown
#0 [internal function]: CodeIgniter\Debug\Exceptions->shutdownHandler()
#1 {main}
CRITICAL - 2021-04-30 14:50:36 --> Trying to access array offset on value of type null
#0 C:\xampp\htdocs\isales\app\Controllers\Reporting\ReportingController.php(70): CodeIgniter\Debug\Exceptions->errorHandler(8, 'Trying to acces...', 'C:\\xampp\\htdocs...', 70, Array)
#1 C:\xampp\htdocs\isales\system\CodeIgniter.php(914): App\Controllers\Reporting\ReportingController->exportDpr()
#2 C:\xampp\htdocs\isales\system\CodeIgniter.php(400): CodeIgniter\CodeIgniter->runController(Object(App\Controllers\Reporting\ReportingController))
#3 C:\xampp\htdocs\isales\system\CodeIgniter.php(308): CodeIgniter\CodeIgniter->handleRequest(NULL, Object(Config\Cache), false)
#4 C:\xampp\htdocs\isales\index.php(45): CodeIgniter\CodeIgniter->run()
#5 {main}
CRITICAL - 2021-04-30 14:50:36 --> Uncaught CodeIgniter\Format\Exceptions\FormatException: Failed to parse json string, error: "Type is not supported". in C:\xampp\htdocs\isales\system\Format\Exceptions\FormatException.php:9
Stack trace:
#0 C:\xampp\htdocs\isales\system\Format\JSONFormatter.php(67): CodeIgniter\Format\Exceptions\FormatException::forInvalidJSON('Type is not sup...')
#1 C:\xampp\htdocs\isales\system\API\ResponseTrait.php(414): CodeIgniter\Format\JSONFormatter->format(Array)
#2 C:\xampp\htdocs\isales\system\API\ResponseTrait.php(134): CodeIgniter\Debug\Exceptions->format(Array)
#3 C:\xampp\htdocs\isales\system\Debug\Exceptions.php(166): CodeIgniter\Debug\Exceptions->respond(Array, 500)
#4 [internal function]: CodeIgniter\Debug\Exceptions->exceptionHandler(Object(ErrorException))
#5 {main}
  thrown
#0 [internal function]: CodeIgniter\Debug\Exceptions->shutdownHandler()
#1 {main}
CRITICAL - 2021-04-30 14:52:54 --> Trying to access array offset on value of type null
#0 C:\xampp\htdocs\isales\app\Controllers\Reporting\ReportingController.php(70): CodeIgniter\Debug\Exceptions->errorHandler(8, 'Trying to acces...', 'C:\\xampp\\htdocs...', 70, Array)
#1 C:\xampp\htdocs\isales\system\CodeIgniter.php(914): App\Controllers\Reporting\ReportingController->exportDpr()
#2 C:\xampp\htdocs\isales\system\CodeIgniter.php(400): CodeIgniter\CodeIgniter->runController(Object(App\Controllers\Reporting\ReportingController))
#3 C:\xampp\htdocs\isales\system\CodeIgniter.php(308): CodeIgniter\CodeIgniter->handleRequest(NULL, Object(Config\Cache), false)
#4 C:\xampp\htdocs\isales\index.php(45): CodeIgniter\CodeIgniter->run()
#5 {main}
CRITICAL - 2021-04-30 14:52:54 --> Uncaught CodeIgniter\Format\Exceptions\FormatException: Failed to parse json string, error: "Type is not supported". in C:\xampp\htdocs\isales\system\Format\Exceptions\FormatException.php:9
Stack trace:
#0 C:\xampp\htdocs\isales\system\Format\JSONFormatter.php(67): CodeIgniter\Format\Exceptions\FormatException::forInvalidJSON('Type is not sup...')
#1 C:\xampp\htdocs\isales\system\API\ResponseTrait.php(414): CodeIgniter\Format\JSONFormatter->format(Array)
#2 C:\xampp\htdocs\isales\system\API\ResponseTrait.php(134): CodeIgniter\Debug\Exceptions->format(Array)
#3 C:\xampp\htdocs\isales\system\Debug\Exceptions.php(166): CodeIgniter\Debug\Exceptions->respond(Array, 500)
#4 [internal function]: CodeIgniter\Debug\Exceptions->exceptionHandler(Object(ErrorException))
#5 {main}
  thrown
#0 [internal function]: CodeIgniter\Debug\Exceptions->shutdownHandler()
#1 {main}
CRITICAL - 2021-04-30 14:53:35 --> Trying to access array offset on value of type null
#0 C:\xampp\htdocs\isales\app\Controllers\Reporting\ReportingController.php(70): CodeIgniter\Debug\Exceptions->errorHandler(8, 'Trying to acces...', 'C:\\xampp\\htdocs...', 70, Array)
#1 C:\xampp\htdocs\isales\system\CodeIgniter.php(914): App\Controllers\Reporting\ReportingController->exportDpr()
#2 C:\xampp\htdocs\isales\system\CodeIgniter.php(400): CodeIgniter\CodeIgniter->runController(Object(App\Controllers\Reporting\ReportingController))
#3 C:\xampp\htdocs\isales\system\CodeIgniter.php(308): CodeIgniter\CodeIgniter->handleRequest(NULL, Object(Config\Cache), false)
#4 C:\xampp\htdocs\isales\index.php(45): CodeIgniter\CodeIgniter->run()
#5 {main}
CRITICAL - 2021-04-30 14:53:35 --> Uncaught CodeIgniter\Format\Exceptions\FormatException: Failed to parse json string, error: "Type is not supported". in C:\xampp\htdocs\isales\system\Format\Exceptions\FormatException.php:9
Stack trace:
#0 C:\xampp\htdocs\isales\system\Format\JSONFormatter.php(67): CodeIgniter\Format\Exceptions\FormatException::forInvalidJSON('Type is not sup...')
#1 C:\xampp\htdocs\isales\system\API\ResponseTrait.php(414): CodeIgniter\Format\JSONFormatter->format(Array)
#2 C:\xampp\htdocs\isales\system\API\ResponseTrait.php(134): CodeIgniter\Debug\Exceptions->format(Array)
#3 C:\xampp\htdocs\isales\system\Debug\Exceptions.php(166): CodeIgniter\Debug\Exceptions->respond(Array, 500)
#4 [internal function]: CodeIgniter\Debug\Exceptions->exceptionHandler(Object(ErrorException))
#5 {main}
  thrown
#0 [internal function]: CodeIgniter\Debug\Exceptions->shutdownHandler()
#1 {main}
