CRITICAL - 2021-03-29 12:33:55 --> Undefined index: nik
#0 C:\xampp\htdocs\isales\app\Views\admin\spaj\print.php(19): CodeIgniter\Debug\Exceptions->errorHandler(8, 'Undefined index...', 'C:\\xampp\\htdocs...', 19, Array)
#1 C:\xampp\htdocs\isales\system\View\View.php(246): include('C:\\xampp\\htdocs...')
#2 C:\xampp\htdocs\isales\system\Common.php(1087): CodeIgniter\View\View->render('admin/spaj/prin...', Array, true)
#3 C:\xampp\htdocs\isales\app\Controllers\Admin\AdminSpajController.php(133): view('admin/spaj/prin...', Array)
#4 C:\xampp\htdocs\isales\system\CodeIgniter.php(914): App\Controllers\Admin\AdminSpajController->printPdf('5')
#5 C:\xampp\htdocs\isales\system\CodeIgniter.php(400): CodeIgniter\CodeIgniter->runController(Object(App\Controllers\Admin\AdminSpajController))
#6 C:\xampp\htdocs\isales\system\CodeIgniter.php(308): CodeIgniter\CodeIgniter->handleRequest(NULL, Object(Config\Cache), false)
#7 C:\xampp\htdocs\isales\index.php(45): CodeIgniter\CodeIgniter->run()
#8 {main}
CRITICAL - 2021-03-29 12:35:44 --> Undefined variable: sales
#0 C:\xampp\htdocs\isales\app\Views\admin\spaj\print.php(19): CodeIgniter\Debug\Exceptions->errorHandler(8, 'Undefined varia...', 'C:\\xampp\\htdocs...', 19, Array)
#1 C:\xampp\htdocs\isales\system\View\View.php(246): include('C:\\xampp\\htdocs...')
#2 C:\xampp\htdocs\isales\system\Common.php(1087): CodeIgniter\View\View->render('admin/spaj/prin...', Array, true)
#3 C:\xampp\htdocs\isales\app\Controllers\Admin\AdminSpajController.php(133): view('admin/spaj/prin...', Array)
#4 C:\xampp\htdocs\isales\system\CodeIgniter.php(914): App\Controllers\Admin\AdminSpajController->printPdf('5')
#5 C:\xampp\htdocs\isales\system\CodeIgniter.php(400): CodeIgniter\CodeIgniter->runController(Object(App\Controllers\Admin\AdminSpajController))
#6 C:\xampp\htdocs\isales\system\CodeIgniter.php(308): CodeIgniter\CodeIgniter->handleRequest(NULL, Object(Config\Cache), false)
#7 C:\xampp\htdocs\isales\index.php(45): CodeIgniter\CodeIgniter->run()
#8 {main}
CRITICAL - 2021-03-29 12:35:51 --> Undefined index: nik
#0 C:\xampp\htdocs\isales\app\Views\admin\spaj\print.php(19): CodeIgniter\Debug\Exceptions->errorHandler(8, 'Undefined index...', 'C:\\xampp\\htdocs...', 19, Array)
#1 C:\xampp\htdocs\isales\system\View\View.php(246): include('C:\\xampp\\htdocs...')
#2 C:\xampp\htdocs\isales\system\Common.php(1087): CodeIgniter\View\View->render('admin/spaj/prin...', Array, true)
#3 C:\xampp\htdocs\isales\app\Controllers\Admin\AdminSpajController.php(133): view('admin/spaj/prin...', Array)
#4 C:\xampp\htdocs\isales\system\CodeIgniter.php(914): App\Controllers\Admin\AdminSpajController->printPdf('5')
#5 C:\xampp\htdocs\isales\system\CodeIgniter.php(400): CodeIgniter\CodeIgniter->runController(Object(App\Controllers\Admin\AdminSpajController))
#6 C:\xampp\htdocs\isales\system\CodeIgniter.php(308): CodeIgniter\CodeIgniter->handleRequest(NULL, Object(Config\Cache), false)
#7 C:\xampp\htdocs\isales\index.php(45): CodeIgniter\CodeIgniter->run()
#8 {main}
CRITICAL - 2021-03-29 12:36:21 --> Undefined variable: sales
#0 C:\xampp\htdocs\isales\app\Views\admin\spaj\print.php(60): CodeIgniter\Debug\Exceptions->errorHandler(8, 'Undefined varia...', 'C:\\xampp\\htdocs...', 60, Array)
#1 C:\xampp\htdocs\isales\system\View\View.php(246): include('C:\\xampp\\htdocs...')
#2 C:\xampp\htdocs\isales\system\Common.php(1087): CodeIgniter\View\View->render('admin/spaj/prin...', Array, true)
#3 C:\xampp\htdocs\isales\app\Controllers\Admin\AdminSpajController.php(133): view('admin/spaj/prin...', Array)
#4 C:\xampp\htdocs\isales\system\CodeIgniter.php(914): App\Controllers\Admin\AdminSpajController->printPdf('5')
#5 C:\xampp\htdocs\isales\system\CodeIgniter.php(400): CodeIgniter\CodeIgniter->runController(Object(App\Controllers\Admin\AdminSpajController))
#6 C:\xampp\htdocs\isales\system\CodeIgniter.php(308): CodeIgniter\CodeIgniter->handleRequest(NULL, Object(Config\Cache), false)
#7 C:\xampp\htdocs\isales\index.php(45): CodeIgniter\CodeIgniter->run()
#8 {main}
CRITICAL - 2021-03-29 13:08:32 --> Undefined index: wali_tlp
#0 C:\xampp\htdocs\isales\app\Views\admin\spaj\print.php(111): CodeIgniter\Debug\Exceptions->errorHandler(8, 'Undefined index...', 'C:\\xampp\\htdocs...', 111, Array)
#1 C:\xampp\htdocs\isales\system\View\View.php(246): include('C:\\xampp\\htdocs...')
#2 C:\xampp\htdocs\isales\system\Common.php(1087): CodeIgniter\View\View->render('admin/spaj/prin...', Array, true)
#3 C:\xampp\htdocs\isales\app\Controllers\Admin\AdminSpajController.php(133): view('admin/spaj/prin...', Array)
#4 C:\xampp\htdocs\isales\system\CodeIgniter.php(914): App\Controllers\Admin\AdminSpajController->printPdf('5')
#5 C:\xampp\htdocs\isales\system\CodeIgniter.php(400): CodeIgniter\CodeIgniter->runController(Object(App\Controllers\Admin\AdminSpajController))
#6 C:\xampp\htdocs\isales\system\CodeIgniter.php(308): CodeIgniter\CodeIgniter->handleRequest(NULL, Object(Config\Cache), false)
#7 C:\xampp\htdocs\isales\index.php(45): CodeIgniter\CodeIgniter->run()
#8 {main}
CRITICAL - 2021-03-29 13:09:25 --> Undefined index: wali_telp
#0 C:\xampp\htdocs\isales\app\Views\admin\spaj\print.php(111): CodeIgniter\Debug\Exceptions->errorHandler(8, 'Undefined index...', 'C:\\xampp\\htdocs...', 111, Array)
#1 C:\xampp\htdocs\isales\system\View\View.php(246): include('C:\\xampp\\htdocs...')
#2 C:\xampp\htdocs\isales\system\Common.php(1087): CodeIgniter\View\View->render('admin/spaj/prin...', Array, true)
#3 C:\xampp\htdocs\isales\app\Controllers\Admin\AdminSpajController.php(133): view('admin/spaj/prin...', Array)
#4 C:\xampp\htdocs\isales\system\CodeIgniter.php(914): App\Controllers\Admin\AdminSpajController->printPdf('5')
#5 C:\xampp\htdocs\isales\system\CodeIgniter.php(400): CodeIgniter\CodeIgniter->runController(Object(App\Controllers\Admin\AdminSpajController))
#6 C:\xampp\htdocs\isales\system\CodeIgniter.php(308): CodeIgniter\CodeIgniter->handleRequest(NULL, Object(Config\Cache), false)
#7 C:\xampp\htdocs\isales\index.php(45): CodeIgniter\CodeIgniter->run()
#8 {main}
CRITICAL - 2021-03-29 13:14:18 --> The row #6 could not be found, please file an issue in the tracker with the HTML code
#0 C:\xampp\htdocs\isales\vendor\dompdf\dompdf\src\FrameReflower\TableRow.php(62): Dompdf\Cellmap->get_frame_height(Object(Dompdf\FrameDecorator\TableRow))
#1 C:\xampp\htdocs\isales\vendor\dompdf\dompdf\src\FrameDecorator\AbstractFrameDecorator.php(895): Dompdf\FrameReflower\TableRow->reflow(NULL)
#2 C:\xampp\htdocs\isales\vendor\dompdf\dompdf\src\FrameReflower\TableRowGroup.php(51): Dompdf\FrameDecorator\AbstractFrameDecorator->reflow()
#3 C:\xampp\htdocs\isales\vendor\dompdf\dompdf\src\FrameDecorator\AbstractFrameDecorator.php(895): Dompdf\FrameReflower\TableRowGroup->reflow(NULL)
#4 C:\xampp\htdocs\isales\vendor\dompdf\dompdf\src\FrameReflower\Table.php(489): Dompdf\FrameDecorator\AbstractFrameDecorator->reflow()
#5 C:\xampp\htdocs\isales\vendor\dompdf\dompdf\src\FrameDecorator\AbstractFrameDecorator.php(895): Dompdf\FrameReflower\Table->reflow(Object(Dompdf\FrameDecorator\Block))
#6 C:\xampp\htdocs\isales\vendor\dompdf\dompdf\src\FrameReflower\Block.php(845): Dompdf\FrameDecorator\AbstractFrameDecorator->reflow(Object(Dompdf\FrameDecorator\Block))
#7 C:\xampp\htdocs\isales\vendor\dompdf\dompdf\src\FrameDecorator\AbstractFrameDecorator.php(895): Dompdf\FrameReflower\Block->reflow(Object(Dompdf\FrameDecorator\Block))
#8 C:\xampp\htdocs\isales\vendor\dompdf\dompdf\src\FrameReflower\Block.php(845): Dompdf\FrameDecorator\AbstractFrameDecorator->reflow(Object(Dompdf\FrameDecorator\Block))
#9 C:\xampp\htdocs\isales\vendor\dompdf\dompdf\src\FrameDecorator\AbstractFrameDecorator.php(895): Dompdf\FrameReflower\Block->reflow(NULL)
#10 C:\xampp\htdocs\isales\vendor\dompdf\dompdf\src\FrameReflower\Page.php(141): Dompdf\FrameDecorator\AbstractFrameDecorator->reflow()
#11 C:\xampp\htdocs\isales\vendor\dompdf\dompdf\src\FrameDecorator\AbstractFrameDecorator.php(895): Dompdf\FrameReflower\Page->reflow(NULL)
#12 C:\xampp\htdocs\isales\vendor\dompdf\dompdf\src\Dompdf.php(838): Dompdf\FrameDecorator\AbstractFrameDecorator->reflow()
#13 C:\xampp\htdocs\isales\app\Controllers\Admin\AdminSpajController.php(135): Dompdf\Dompdf->render()
#14 C:\xampp\htdocs\isales\system\CodeIgniter.php(914): App\Controllers\Admin\AdminSpajController->printPdf('5')
#15 C:\xampp\htdocs\isales\system\CodeIgniter.php(400): CodeIgniter\CodeIgniter->runController(Object(App\Controllers\Admin\AdminSpajController))
#16 C:\xampp\htdocs\isales\system\CodeIgniter.php(308): CodeIgniter\CodeIgniter->handleRequest(NULL, Object(Config\Cache), false)
#17 C:\xampp\htdocs\isales\index.php(45): CodeIgniter\CodeIgniter->run()
#18 {main}
CRITICAL - 2021-03-29 13:14:40 --> Allowed memory size of 536870912 bytes exhausted (tried to allocate 264245248 bytes)
#0 [internal function]: CodeIgniter\Debug\Exceptions->shutdownHandler()
#1 {main}
CRITICAL - 2021-03-29 13:14:54 --> The row #6 could not be found, please file an issue in the tracker with the HTML code
#0 C:\xampp\htdocs\isales\vendor\dompdf\dompdf\src\FrameReflower\TableRow.php(62): Dompdf\Cellmap->get_frame_height(Object(Dompdf\FrameDecorator\TableRow))
#1 C:\xampp\htdocs\isales\vendor\dompdf\dompdf\src\FrameDecorator\AbstractFrameDecorator.php(895): Dompdf\FrameReflower\TableRow->reflow(NULL)
#2 C:\xampp\htdocs\isales\vendor\dompdf\dompdf\src\FrameReflower\TableRowGroup.php(51): Dompdf\FrameDecorator\AbstractFrameDecorator->reflow()
#3 C:\xampp\htdocs\isales\vendor\dompdf\dompdf\src\FrameDecorator\AbstractFrameDecorator.php(895): Dompdf\FrameReflower\TableRowGroup->reflow(NULL)
#4 C:\xampp\htdocs\isales\vendor\dompdf\dompdf\src\FrameReflower\Table.php(489): Dompdf\FrameDecorator\AbstractFrameDecorator->reflow()
#5 C:\xampp\htdocs\isales\vendor\dompdf\dompdf\src\FrameDecorator\AbstractFrameDecorator.php(895): Dompdf\FrameReflower\Table->reflow(Object(Dompdf\FrameDecorator\Block))
#6 C:\xampp\htdocs\isales\vendor\dompdf\dompdf\src\FrameReflower\Block.php(845): Dompdf\FrameDecorator\AbstractFrameDecorator->reflow(Object(Dompdf\FrameDecorator\Block))
#7 C:\xampp\htdocs\isales\vendor\dompdf\dompdf\src\FrameDecorator\AbstractFrameDecorator.php(895): Dompdf\FrameReflower\Block->reflow(Object(Dompdf\FrameDecorator\Block))
#8 C:\xampp\htdocs\isales\vendor\dompdf\dompdf\src\FrameReflower\Block.php(845): Dompdf\FrameDecorator\AbstractFrameDecorator->reflow(Object(Dompdf\FrameDecorator\Block))
#9 C:\xampp\htdocs\isales\vendor\dompdf\dompdf\src\FrameDecorator\AbstractFrameDecorator.php(895): Dompdf\FrameReflower\Block->reflow(NULL)
#10 C:\xampp\htdocs\isales\vendor\dompdf\dompdf\src\FrameReflower\Page.php(141): Dompdf\FrameDecorator\AbstractFrameDecorator->reflow()
#11 C:\xampp\htdocs\isales\vendor\dompdf\dompdf\src\FrameDecorator\AbstractFrameDecorator.php(895): Dompdf\FrameReflower\Page->reflow(NULL)
#12 C:\xampp\htdocs\isales\vendor\dompdf\dompdf\src\Dompdf.php(838): Dompdf\FrameDecorator\AbstractFrameDecorator->reflow()
#13 C:\xampp\htdocs\isales\app\Controllers\Admin\AdminSpajController.php(135): Dompdf\Dompdf->render()
#14 C:\xampp\htdocs\isales\system\CodeIgniter.php(914): App\Controllers\Admin\AdminSpajController->printPdf('5')
#15 C:\xampp\htdocs\isales\system\CodeIgniter.php(400): CodeIgniter\CodeIgniter->runController(Object(App\Controllers\Admin\AdminSpajController))
#16 C:\xampp\htdocs\isales\system\CodeIgniter.php(308): CodeIgniter\CodeIgniter->handleRequest(NULL, Object(Config\Cache), false)
#17 C:\xampp\htdocs\isales\index.php(45): CodeIgniter\CodeIgniter->run()
#18 {main}
CRITICAL - 2021-03-29 13:15:15 --> Allowed memory size of 536870912 bytes exhausted (tried to allocate 264245248 bytes)
#0 [internal function]: CodeIgniter\Debug\Exceptions->shutdownHandler()
#1 {main}
CRITICAL - 2021-03-29 13:16:05 --> The row #6 could not be found, please file an issue in the tracker with the HTML code
#0 C:\xampp\htdocs\isales\vendor\dompdf\dompdf\src\FrameReflower\TableRow.php(62): Dompdf\Cellmap->get_frame_height(Object(Dompdf\FrameDecorator\TableRow))
#1 C:\xampp\htdocs\isales\vendor\dompdf\dompdf\src\FrameDecorator\AbstractFrameDecorator.php(895): Dompdf\FrameReflower\TableRow->reflow(NULL)
#2 C:\xampp\htdocs\isales\vendor\dompdf\dompdf\src\FrameReflower\TableRowGroup.php(51): Dompdf\FrameDecorator\AbstractFrameDecorator->reflow()
#3 C:\xampp\htdocs\isales\vendor\dompdf\dompdf\src\FrameDecorator\AbstractFrameDecorator.php(895): Dompdf\FrameReflower\TableRowGroup->reflow(NULL)
#4 C:\xampp\htdocs\isales\vendor\dompdf\dompdf\src\FrameReflower\Table.php(489): Dompdf\FrameDecorator\AbstractFrameDecorator->reflow()
#5 C:\xampp\htdocs\isales\vendor\dompdf\dompdf\src\FrameDecorator\AbstractFrameDecorator.php(895): Dompdf\FrameReflower\Table->reflow(Object(Dompdf\FrameDecorator\Block))
#6 C:\xampp\htdocs\isales\vendor\dompdf\dompdf\src\FrameReflower\Block.php(845): Dompdf\FrameDecorator\AbstractFrameDecorator->reflow(Object(Dompdf\FrameDecorator\Block))
#7 C:\xampp\htdocs\isales\vendor\dompdf\dompdf\src\FrameDecorator\AbstractFrameDecorator.php(895): Dompdf\FrameReflower\Block->reflow(Object(Dompdf\FrameDecorator\Block))
#8 C:\xampp\htdocs\isales\vendor\dompdf\dompdf\src\FrameReflower\Block.php(845): Dompdf\FrameDecorator\AbstractFrameDecorator->reflow(Object(Dompdf\FrameDecorator\Block))
#9 C:\xampp\htdocs\isales\vendor\dompdf\dompdf\src\FrameDecorator\AbstractFrameDecorator.php(895): Dompdf\FrameReflower\Block->reflow(NULL)
#10 C:\xampp\htdocs\isales\vendor\dompdf\dompdf\src\FrameReflower\Page.php(141): Dompdf\FrameDecorator\AbstractFrameDecorator->reflow()
#11 C:\xampp\htdocs\isales\vendor\dompdf\dompdf\src\FrameDecorator\AbstractFrameDecorator.php(895): Dompdf\FrameReflower\Page->reflow(NULL)
#12 C:\xampp\htdocs\isales\vendor\dompdf\dompdf\src\Dompdf.php(838): Dompdf\FrameDecorator\AbstractFrameDecorator->reflow()
#13 C:\xampp\htdocs\isales\app\Controllers\Admin\AdminSpajController.php(135): Dompdf\Dompdf->render()
#14 C:\xampp\htdocs\isales\system\CodeIgniter.php(914): App\Controllers\Admin\AdminSpajController->printPdf('5')
#15 C:\xampp\htdocs\isales\system\CodeIgniter.php(400): CodeIgniter\CodeIgniter->runController(Object(App\Controllers\Admin\AdminSpajController))
#16 C:\xampp\htdocs\isales\system\CodeIgniter.php(308): CodeIgniter\CodeIgniter->handleRequest(NULL, Object(Config\Cache), false)
#17 C:\xampp\htdocs\isales\index.php(45): CodeIgniter\CodeIgniter->run()
#18 {main}
CRITICAL - 2021-03-29 13:16:28 --> Allowed memory size of 536870912 bytes exhausted (tried to allocate 264245248 bytes)
#0 [internal function]: CodeIgniter\Debug\Exceptions->shutdownHandler()
#1 {main}
CRITICAL - 2021-03-29 13:16:31 --> The row #6 could not be found, please file an issue in the tracker with the HTML code
#0 C:\xampp\htdocs\isales\vendor\dompdf\dompdf\src\FrameReflower\TableRow.php(62): Dompdf\Cellmap->get_frame_height(Object(Dompdf\FrameDecorator\TableRow))
#1 C:\xampp\htdocs\isales\vendor\dompdf\dompdf\src\FrameDecorator\AbstractFrameDecorator.php(895): Dompdf\FrameReflower\TableRow->reflow(NULL)
#2 C:\xampp\htdocs\isales\vendor\dompdf\dompdf\src\FrameReflower\TableRowGroup.php(51): Dompdf\FrameDecorator\AbstractFrameDecorator->reflow()
#3 C:\xampp\htdocs\isales\vendor\dompdf\dompdf\src\FrameDecorator\AbstractFrameDecorator.php(895): Dompdf\FrameReflower\TableRowGroup->reflow(NULL)
#4 C:\xampp\htdocs\isales\vendor\dompdf\dompdf\src\FrameReflower\Table.php(489): Dompdf\FrameDecorator\AbstractFrameDecorator->reflow()
#5 C:\xampp\htdocs\isales\vendor\dompdf\dompdf\src\FrameDecorator\AbstractFrameDecorator.php(895): Dompdf\FrameReflower\Table->reflow(Object(Dompdf\FrameDecorator\Block))
#6 C:\xampp\htdocs\isales\vendor\dompdf\dompdf\src\FrameReflower\Block.php(845): Dompdf\FrameDecorator\AbstractFrameDecorator->reflow(Object(Dompdf\FrameDecorator\Block))
#7 C:\xampp\htdocs\isales\vendor\dompdf\dompdf\src\FrameDecorator\AbstractFrameDecorator.php(895): Dompdf\FrameReflower\Block->reflow(Object(Dompdf\FrameDecorator\Block))
#8 C:\xampp\htdocs\isales\vendor\dompdf\dompdf\src\FrameReflower\Block.php(845): Dompdf\FrameDecorator\AbstractFrameDecorator->reflow(Object(Dompdf\FrameDecorator\Block))
#9 C:\xampp\htdocs\isales\vendor\dompdf\dompdf\src\FrameDecorator\AbstractFrameDecorator.php(895): Dompdf\FrameReflower\Block->reflow(NULL)
#10 C:\xampp\htdocs\isales\vendor\dompdf\dompdf\src\FrameReflower\Page.php(141): Dompdf\FrameDecorator\AbstractFrameDecorator->reflow()
#11 C:\xampp\htdocs\isales\vendor\dompdf\dompdf\src\FrameDecorator\AbstractFrameDecorator.php(895): Dompdf\FrameReflower\Page->reflow(NULL)
#12 C:\xampp\htdocs\isales\vendor\dompdf\dompdf\src\Dompdf.php(838): Dompdf\FrameDecorator\AbstractFrameDecorator->reflow()
#13 C:\xampp\htdocs\isales\app\Controllers\Admin\AdminSpajController.php(135): Dompdf\Dompdf->render()
#14 C:\xampp\htdocs\isales\system\CodeIgniter.php(914): App\Controllers\Admin\AdminSpajController->printPdf('5')
#15 C:\xampp\htdocs\isales\system\CodeIgniter.php(400): CodeIgniter\CodeIgniter->runController(Object(App\Controllers\Admin\AdminSpajController))
#16 C:\xampp\htdocs\isales\system\CodeIgniter.php(308): CodeIgniter\CodeIgniter->handleRequest(NULL, Object(Config\Cache), false)
#17 C:\xampp\htdocs\isales\index.php(45): CodeIgniter\CodeIgniter->run()
#18 {main}
CRITICAL - 2021-03-29 13:16:55 --> Allowed memory size of 536870912 bytes exhausted (tried to allocate 264245248 bytes)
#0 [internal function]: CodeIgniter\Debug\Exceptions->shutdownHandler()
#1 {main}
CRITICAL - 2021-03-29 13:36:48 --> The row #6 could not be found, please file an issue in the tracker with the HTML code
#0 C:\xampp\htdocs\isales\vendor\dompdf\dompdf\src\FrameReflower\TableRow.php(62): Dompdf\Cellmap->get_frame_height(Object(Dompdf\FrameDecorator\TableRow))
#1 C:\xampp\htdocs\isales\vendor\dompdf\dompdf\src\FrameDecorator\AbstractFrameDecorator.php(895): Dompdf\FrameReflower\TableRow->reflow(NULL)
#2 C:\xampp\htdocs\isales\vendor\dompdf\dompdf\src\FrameReflower\TableRowGroup.php(51): Dompdf\FrameDecorator\AbstractFrameDecorator->reflow()
#3 C:\xampp\htdocs\isales\vendor\dompdf\dompdf\src\FrameDecorator\AbstractFrameDecorator.php(895): Dompdf\FrameReflower\TableRowGroup->reflow(NULL)
#4 C:\xampp\htdocs\isales\vendor\dompdf\dompdf\src\FrameReflower\Table.php(489): Dompdf\FrameDecorator\AbstractFrameDecorator->reflow()
#5 C:\xampp\htdocs\isales\vendor\dompdf\dompdf\src\FrameDecorator\AbstractFrameDecorator.php(895): Dompdf\FrameReflower\Table->reflow(Object(Dompdf\FrameDecorator\Block))
#6 C:\xampp\htdocs\isales\vendor\dompdf\dompdf\src\FrameReflower\Block.php(845): Dompdf\FrameDecorator\AbstractFrameDecorator->reflow(Object(Dompdf\FrameDecorator\Block))
#7 C:\xampp\htdocs\isales\vendor\dompdf\dompdf\src\FrameDecorator\AbstractFrameDecorator.php(895): Dompdf\FrameReflower\Block->reflow(Object(Dompdf\FrameDecorator\Block))
#8 C:\xampp\htdocs\isales\vendor\dompdf\dompdf\src\FrameReflower\Block.php(845): Dompdf\FrameDecorator\AbstractFrameDecorator->reflow(Object(Dompdf\FrameDecorator\Block))
#9 C:\xampp\htdocs\isales\vendor\dompdf\dompdf\src\FrameDecorator\AbstractFrameDecorator.php(895): Dompdf\FrameReflower\Block->reflow(NULL)
#10 C:\xampp\htdocs\isales\vendor\dompdf\dompdf\src\FrameReflower\Page.php(141): Dompdf\FrameDecorator\AbstractFrameDecorator->reflow()
#11 C:\xampp\htdocs\isales\vendor\dompdf\dompdf\src\FrameDecorator\AbstractFrameDecorator.php(895): Dompdf\FrameReflower\Page->reflow(NULL)
#12 C:\xampp\htdocs\isales\vendor\dompdf\dompdf\src\Dompdf.php(838): Dompdf\FrameDecorator\AbstractFrameDecorator->reflow()
#13 C:\xampp\htdocs\isales\app\Controllers\Admin\AdminSpajController.php(135): Dompdf\Dompdf->render()
#14 C:\xampp\htdocs\isales\system\CodeIgniter.php(914): App\Controllers\Admin\AdminSpajController->printPdf('5')
#15 C:\xampp\htdocs\isales\system\CodeIgniter.php(400): CodeIgniter\CodeIgniter->runController(Object(App\Controllers\Admin\AdminSpajController))
#16 C:\xampp\htdocs\isales\system\CodeIgniter.php(308): CodeIgniter\CodeIgniter->handleRequest(NULL, Object(Config\Cache), false)
#17 C:\xampp\htdocs\isales\index.php(45): CodeIgniter\CodeIgniter->run()
#18 {main}
CRITICAL - 2021-03-29 13:37:08 --> Allowed memory size of 536870912 bytes exhausted (tried to allocate 264245248 bytes)
#0 [internal function]: CodeIgniter\Debug\Exceptions->shutdownHandler()
#1 {main}
CRITICAL - 2021-03-29 13:45:15 --> The row #6 could not be found, please file an issue in the tracker with the HTML code
#0 C:\xampp\htdocs\isales\vendor\dompdf\dompdf\src\FrameReflower\TableRow.php(62): Dompdf\Cellmap->get_frame_height(Object(Dompdf\FrameDecorator\TableRow))
#1 C:\xampp\htdocs\isales\vendor\dompdf\dompdf\src\FrameDecorator\AbstractFrameDecorator.php(895): Dompdf\FrameReflower\TableRow->reflow(NULL)
#2 C:\xampp\htdocs\isales\vendor\dompdf\dompdf\src\FrameReflower\TableRowGroup.php(51): Dompdf\FrameDecorator\AbstractFrameDecorator->reflow()
#3 C:\xampp\htdocs\isales\vendor\dompdf\dompdf\src\FrameDecorator\AbstractFrameDecorator.php(895): Dompdf\FrameReflower\TableRowGroup->reflow(NULL)
#4 C:\xampp\htdocs\isales\vendor\dompdf\dompdf\src\FrameReflower\Table.php(489): Dompdf\FrameDecorator\AbstractFrameDecorator->reflow()
#5 C:\xampp\htdocs\isales\vendor\dompdf\dompdf\src\FrameDecorator\AbstractFrameDecorator.php(895): Dompdf\FrameReflower\Table->reflow(Object(Dompdf\FrameDecorator\Block))
#6 C:\xampp\htdocs\isales\vendor\dompdf\dompdf\src\FrameReflower\Block.php(845): Dompdf\FrameDecorator\AbstractFrameDecorator->reflow(Object(Dompdf\FrameDecorator\Block))
#7 C:\xampp\htdocs\isales\vendor\dompdf\dompdf\src\FrameDecorator\AbstractFrameDecorator.php(895): Dompdf\FrameReflower\Block->reflow(Object(Dompdf\FrameDecorator\Block))
#8 C:\xampp\htdocs\isales\vendor\dompdf\dompdf\src\FrameReflower\Block.php(845): Dompdf\FrameDecorator\AbstractFrameDecorator->reflow(Object(Dompdf\FrameDecorator\Block))
#9 C:\xampp\htdocs\isales\vendor\dompdf\dompdf\src\FrameDecorator\AbstractFrameDecorator.php(895): Dompdf\FrameReflower\Block->reflow(NULL)
#10 C:\xampp\htdocs\isales\vendor\dompdf\dompdf\src\FrameReflower\Page.php(141): Dompdf\FrameDecorator\AbstractFrameDecorator->reflow()
#11 C:\xampp\htdocs\isales\vendor\dompdf\dompdf\src\FrameDecorator\AbstractFrameDecorator.php(895): Dompdf\FrameReflower\Page->reflow(NULL)
#12 C:\xampp\htdocs\isales\vendor\dompdf\dompdf\src\Dompdf.php(838): Dompdf\FrameDecorator\AbstractFrameDecorator->reflow()
#13 C:\xampp\htdocs\isales\app\Controllers\Admin\AdminSpajController.php(135): Dompdf\Dompdf->render()
#14 C:\xampp\htdocs\isales\system\CodeIgniter.php(914): App\Controllers\Admin\AdminSpajController->printPdf('5')
#15 C:\xampp\htdocs\isales\system\CodeIgniter.php(400): CodeIgniter\CodeIgniter->runController(Object(App\Controllers\Admin\AdminSpajController))
#16 C:\xampp\htdocs\isales\system\CodeIgniter.php(308): CodeIgniter\CodeIgniter->handleRequest(NULL, Object(Config\Cache), false)
#17 C:\xampp\htdocs\isales\index.php(45): CodeIgniter\CodeIgniter->run()
#18 {main}
CRITICAL - 2021-03-29 13:45:37 --> Allowed memory size of 536870912 bytes exhausted (tried to allocate 264245248 bytes)
#0 [internal function]: CodeIgniter\Debug\Exceptions->shutdownHandler()
#1 {main}
CRITICAL - 2021-03-29 13:50:46 --> Allowed memory size of 2097152 bytes exhausted (tried to allocate 32768 bytes)
#0 [internal function]: CodeIgniter\Debug\Exceptions->shutdownHandler()
#1 {main}
CRITICAL - 2021-03-29 13:50:46 --> Trying to access array offset on value of type null
#0 C:\xampp\htdocs\isales\app\Controllers\Admin\AdminSpajController.php(123): CodeIgniter\Debug\Exceptions->errorHandler(8, 'Trying to acces...', 'C:\\xampp\\htdocs...', 123, Array)
#1 C:\xampp\htdocs\isales\system\CodeIgniter.php(914): App\Controllers\Admin\AdminSpajController->printPdf('5')
#2 C:\xampp\htdocs\isales\system\CodeIgniter.php(400): CodeIgniter\CodeIgniter->runController(Object(App\Controllers\Admin\AdminSpajController))
#3 C:\xampp\htdocs\isales\system\CodeIgniter.php(308): CodeIgniter\CodeIgniter->handleRequest(NULL, Object(Config\Cache), false)
#4 C:\xampp\htdocs\isales\index.php(45): CodeIgniter\CodeIgniter->run()
#5 {main}
CRITICAL - 2021-03-29 13:51:04 --> Allowed memory size of 2097152 bytes exhausted (tried to allocate 32768 bytes)
#0 [internal function]: CodeIgniter\Debug\Exceptions->shutdownHandler()
#1 {main}
CRITICAL - 2021-03-29 13:51:04 --> Trying to access array offset on value of type null
#0 C:\xampp\htdocs\isales\app\Controllers\Admin\AdminSpajController.php(42): CodeIgniter\Debug\Exceptions->errorHandler(8, 'Trying to acces...', 'C:\\xampp\\htdocs...', 42, Array)
#1 C:\xampp\htdocs\isales\system\CodeIgniter.php(914): App\Controllers\Admin\AdminSpajController->getData()
#2 C:\xampp\htdocs\isales\system\CodeIgniter.php(400): CodeIgniter\CodeIgniter->runController(Object(App\Controllers\Admin\AdminSpajController))
#3 C:\xampp\htdocs\isales\system\CodeIgniter.php(308): CodeIgniter\CodeIgniter->handleRequest(NULL, Object(Config\Cache), false)
#4 C:\xampp\htdocs\isales\index.php(45): CodeIgniter\CodeIgniter->run()
#5 {main}
CRITICAL - 2021-03-29 13:51:05 --> Uncaught CodeIgniter\Format\Exceptions\FormatException: Failed to parse json string, error: "Type is not supported". in C:\xampp\htdocs\isales\system\Format\Exceptions\FormatException.php:9
Stack trace:
#0 C:\xampp\htdocs\isales\system\Format\JSONFormatter.php(67): CodeIgniter\Format\Exceptions\FormatException::forInvalidJSON('Type is not sup...')
#1 C:\xampp\htdocs\isales\system\API\ResponseTrait.php(414): CodeIgniter\Format\JSONFormatter->format(Array)
#2 C:\xampp\htdocs\isales\system\API\ResponseTrait.php(134): CodeIgniter\Debug\Exceptions->format(Array)
#3 C:\xampp\htdocs\isales\system\Debug\Exceptions.php(166): CodeIgniter\Debug\Exceptions->respond(Array, 500)
#4 [internal function]: CodeIgniter\Debug\Exceptions->exceptionHandler(Object(ErrorException))
#5 {main}
  thrown
#0 [internal function]: CodeIgniter\Debug\Exceptions->shutdownHandler()
#1 {main}
CRITICAL - 2021-03-29 13:51:11 --> Allowed memory size of 2097152 bytes exhausted (tried to allocate 4096 bytes)
#0 [internal function]: CodeIgniter\Debug\Exceptions->shutdownHandler()
#1 {main}
CRITICAL - 2021-03-29 13:51:11 --> Trying to access array offset on value of type null
#0 C:\xampp\htdocs\isales\app\Controllers\Admin\AdminPerformanceController.php(43): CodeIgniter\Debug\Exceptions->errorHandler(8, 'Trying to acces...', 'C:\\xampp\\htdocs...', 43, Array)
#1 C:\xampp\htdocs\isales\system\CodeIgniter.php(914): App\Controllers\Admin\AdminPerformanceController->index()
#2 C:\xampp\htdocs\isales\system\CodeIgniter.php(400): CodeIgniter\CodeIgniter->runController(Object(App\Controllers\Admin\AdminPerformanceController))
#3 C:\xampp\htdocs\isales\system\CodeIgniter.php(308): CodeIgniter\CodeIgniter->handleRequest(NULL, Object(Config\Cache), false)
#4 C:\xampp\htdocs\isales\index.php(45): CodeIgniter\CodeIgniter->run()
#5 {main}
CRITICAL - 2021-03-29 14:40:39 --> The row #6 could not be found, please file an issue in the tracker with the HTML code
#0 C:\xampp\htdocs\isales\vendor\dompdf\dompdf\src\FrameReflower\TableRow.php(62): Dompdf\Cellmap->get_frame_height(Object(Dompdf\FrameDecorator\TableRow))
#1 C:\xampp\htdocs\isales\vendor\dompdf\dompdf\src\FrameDecorator\AbstractFrameDecorator.php(895): Dompdf\FrameReflower\TableRow->reflow(NULL)
#2 C:\xampp\htdocs\isales\vendor\dompdf\dompdf\src\FrameReflower\TableRowGroup.php(51): Dompdf\FrameDecorator\AbstractFrameDecorator->reflow()
#3 C:\xampp\htdocs\isales\vendor\dompdf\dompdf\src\FrameDecorator\AbstractFrameDecorator.php(895): Dompdf\FrameReflower\TableRowGroup->reflow(NULL)
#4 C:\xampp\htdocs\isales\vendor\dompdf\dompdf\src\FrameReflower\Table.php(489): Dompdf\FrameDecorator\AbstractFrameDecorator->reflow()
#5 C:\xampp\htdocs\isales\vendor\dompdf\dompdf\src\FrameDecorator\AbstractFrameDecorator.php(895): Dompdf\FrameReflower\Table->reflow(Object(Dompdf\FrameDecorator\Block))
#6 C:\xampp\htdocs\isales\vendor\dompdf\dompdf\src\FrameReflower\Block.php(845): Dompdf\FrameDecorator\AbstractFrameDecorator->reflow(Object(Dompdf\FrameDecorator\Block))
#7 C:\xampp\htdocs\isales\vendor\dompdf\dompdf\src\FrameDecorator\AbstractFrameDecorator.php(895): Dompdf\FrameReflower\Block->reflow(Object(Dompdf\FrameDecorator\Block))
#8 C:\xampp\htdocs\isales\vendor\dompdf\dompdf\src\FrameReflower\Block.php(845): Dompdf\FrameDecorator\AbstractFrameDecorator->reflow(Object(Dompdf\FrameDecorator\Block))
#9 C:\xampp\htdocs\isales\vendor\dompdf\dompdf\src\FrameDecorator\AbstractFrameDecorator.php(895): Dompdf\FrameReflower\Block->reflow(NULL)
#10 C:\xampp\htdocs\isales\vendor\dompdf\dompdf\src\FrameReflower\Page.php(141): Dompdf\FrameDecorator\AbstractFrameDecorator->reflow()
#11 C:\xampp\htdocs\isales\vendor\dompdf\dompdf\src\FrameDecorator\AbstractFrameDecorator.php(895): Dompdf\FrameReflower\Page->reflow(NULL)
#12 C:\xampp\htdocs\isales\vendor\dompdf\dompdf\src\Dompdf.php(838): Dompdf\FrameDecorator\AbstractFrameDecorator->reflow()
#13 C:\xampp\htdocs\isales\app\Controllers\Admin\AdminSpajController.php(135): Dompdf\Dompdf->render()
#14 C:\xampp\htdocs\isales\system\CodeIgniter.php(914): App\Controllers\Admin\AdminSpajController->printPdf('5')
#15 C:\xampp\htdocs\isales\system\CodeIgniter.php(400): CodeIgniter\CodeIgniter->runController(Object(App\Controllers\Admin\AdminSpajController))
#16 C:\xampp\htdocs\isales\system\CodeIgniter.php(308): CodeIgniter\CodeIgniter->handleRequest(NULL, Object(Config\Cache), false)
#17 C:\xampp\htdocs\isales\index.php(45): CodeIgniter\CodeIgniter->run()
#18 {main}
CRITICAL - 2021-03-29 14:41:09 --> Allowed memory size of 536870912 bytes exhausted (tried to allocate 264245248 bytes)
#0 [internal function]: CodeIgniter\Debug\Exceptions->shutdownHandler()
#1 {main}
CRITICAL - 2021-03-29 14:41:26 --> The row #6 could not be found, please file an issue in the tracker with the HTML code
#0 C:\xampp\htdocs\isales\vendor\dompdf\dompdf\src\FrameReflower\TableRow.php(62): Dompdf\Cellmap->get_frame_height(Object(Dompdf\FrameDecorator\TableRow))
#1 C:\xampp\htdocs\isales\vendor\dompdf\dompdf\src\FrameDecorator\AbstractFrameDecorator.php(895): Dompdf\FrameReflower\TableRow->reflow(NULL)
#2 C:\xampp\htdocs\isales\vendor\dompdf\dompdf\src\FrameReflower\TableRowGroup.php(51): Dompdf\FrameDecorator\AbstractFrameDecorator->reflow()
#3 C:\xampp\htdocs\isales\vendor\dompdf\dompdf\src\FrameDecorator\AbstractFrameDecorator.php(895): Dompdf\FrameReflower\TableRowGroup->reflow(NULL)
#4 C:\xampp\htdocs\isales\vendor\dompdf\dompdf\src\FrameReflower\Table.php(489): Dompdf\FrameDecorator\AbstractFrameDecorator->reflow()
#5 C:\xampp\htdocs\isales\vendor\dompdf\dompdf\src\FrameDecorator\AbstractFrameDecorator.php(895): Dompdf\FrameReflower\Table->reflow(Object(Dompdf\FrameDecorator\Block))
#6 C:\xampp\htdocs\isales\vendor\dompdf\dompdf\src\FrameReflower\Block.php(845): Dompdf\FrameDecorator\AbstractFrameDecorator->reflow(Object(Dompdf\FrameDecorator\Block))
#7 C:\xampp\htdocs\isales\vendor\dompdf\dompdf\src\FrameDecorator\AbstractFrameDecorator.php(895): Dompdf\FrameReflower\Block->reflow(Object(Dompdf\FrameDecorator\Block))
#8 C:\xampp\htdocs\isales\vendor\dompdf\dompdf\src\FrameReflower\Block.php(845): Dompdf\FrameDecorator\AbstractFrameDecorator->reflow(Object(Dompdf\FrameDecorator\Block))
#9 C:\xampp\htdocs\isales\vendor\dompdf\dompdf\src\FrameDecorator\AbstractFrameDecorator.php(895): Dompdf\FrameReflower\Block->reflow(NULL)
#10 C:\xampp\htdocs\isales\vendor\dompdf\dompdf\src\FrameReflower\Page.php(141): Dompdf\FrameDecorator\AbstractFrameDecorator->reflow()
#11 C:\xampp\htdocs\isales\vendor\dompdf\dompdf\src\FrameDecorator\AbstractFrameDecorator.php(895): Dompdf\FrameReflower\Page->reflow(NULL)
#12 C:\xampp\htdocs\isales\vendor\dompdf\dompdf\src\Dompdf.php(838): Dompdf\FrameDecorator\AbstractFrameDecorator->reflow()
#13 C:\xampp\htdocs\isales\app\Controllers\Admin\AdminSpajController.php(135): Dompdf\Dompdf->render()
#14 C:\xampp\htdocs\isales\system\CodeIgniter.php(914): App\Controllers\Admin\AdminSpajController->printPdf('5')
#15 C:\xampp\htdocs\isales\system\CodeIgniter.php(400): CodeIgniter\CodeIgniter->runController(Object(App\Controllers\Admin\AdminSpajController))
#16 C:\xampp\htdocs\isales\system\CodeIgniter.php(308): CodeIgniter\CodeIgniter->handleRequest(NULL, Object(Config\Cache), false)
#17 C:\xampp\htdocs\isales\index.php(45): CodeIgniter\CodeIgniter->run()
#18 {main}
CRITICAL - 2021-03-29 14:41:47 --> Allowed memory size of 536870912 bytes exhausted (tried to allocate 262148096 bytes)
#0 [internal function]: CodeIgniter\Debug\Exceptions->shutdownHandler()
#1 {main}
CRITICAL - 2021-03-29 14:45:30 --> The row #6 could not be found, please file an issue in the tracker with the HTML code
#0 C:\xampp\htdocs\isales\vendor\dompdf\dompdf\src\FrameReflower\TableRow.php(62): Dompdf\Cellmap->get_frame_height(Object(Dompdf\FrameDecorator\TableRow))
#1 C:\xampp\htdocs\isales\vendor\dompdf\dompdf\src\FrameDecorator\AbstractFrameDecorator.php(895): Dompdf\FrameReflower\TableRow->reflow(NULL)
#2 C:\xampp\htdocs\isales\vendor\dompdf\dompdf\src\FrameReflower\TableRowGroup.php(51): Dompdf\FrameDecorator\AbstractFrameDecorator->reflow()
#3 C:\xampp\htdocs\isales\vendor\dompdf\dompdf\src\FrameDecorator\AbstractFrameDecorator.php(895): Dompdf\FrameReflower\TableRowGroup->reflow(NULL)
#4 C:\xampp\htdocs\isales\vendor\dompdf\dompdf\src\FrameReflower\Table.php(489): Dompdf\FrameDecorator\AbstractFrameDecorator->reflow()
#5 C:\xampp\htdocs\isales\vendor\dompdf\dompdf\src\FrameDecorator\AbstractFrameDecorator.php(895): Dompdf\FrameReflower\Table->reflow(Object(Dompdf\FrameDecorator\Block))
#6 C:\xampp\htdocs\isales\vendor\dompdf\dompdf\src\FrameReflower\Block.php(845): Dompdf\FrameDecorator\AbstractFrameDecorator->reflow(Object(Dompdf\FrameDecorator\Block))
#7 C:\xampp\htdocs\isales\vendor\dompdf\dompdf\src\FrameDecorator\AbstractFrameDecorator.php(895): Dompdf\FrameReflower\Block->reflow(Object(Dompdf\FrameDecorator\Block))
#8 C:\xampp\htdocs\isales\vendor\dompdf\dompdf\src\FrameReflower\Block.php(845): Dompdf\FrameDecorator\AbstractFrameDecorator->reflow(Object(Dompdf\FrameDecorator\Block))
#9 C:\xampp\htdocs\isales\vendor\dompdf\dompdf\src\FrameDecorator\AbstractFrameDecorator.php(895): Dompdf\FrameReflower\Block->reflow(NULL)
#10 C:\xampp\htdocs\isales\vendor\dompdf\dompdf\src\FrameReflower\Page.php(141): Dompdf\FrameDecorator\AbstractFrameDecorator->reflow()
#11 C:\xampp\htdocs\isales\vendor\dompdf\dompdf\src\FrameDecorator\AbstractFrameDecorator.php(895): Dompdf\FrameReflower\Page->reflow(NULL)
#12 C:\xampp\htdocs\isales\vendor\dompdf\dompdf\src\Dompdf.php(838): Dompdf\FrameDecorator\AbstractFrameDecorator->reflow()
#13 C:\xampp\htdocs\isales\app\Controllers\Admin\AdminSpajController.php(135): Dompdf\Dompdf->render()
#14 C:\xampp\htdocs\isales\system\CodeIgniter.php(914): App\Controllers\Admin\AdminSpajController->printPdf('5')
#15 C:\xampp\htdocs\isales\system\CodeIgniter.php(400): CodeIgniter\CodeIgniter->runController(Object(App\Controllers\Admin\AdminSpajController))
#16 C:\xampp\htdocs\isales\system\CodeIgniter.php(308): CodeIgniter\CodeIgniter->handleRequest(NULL, Object(Config\Cache), false)
#17 C:\xampp\htdocs\isales\index.php(45): CodeIgniter\CodeIgniter->run()
#18 {main}
CRITICAL - 2021-03-29 14:45:49 --> Allowed memory size of 536870912 bytes exhausted (tried to allocate 266342400 bytes)
#0 [internal function]: CodeIgniter\Debug\Exceptions->shutdownHandler()
#1 {main}
CRITICAL - 2021-03-29 14:46:10 --> The row #6 could not be found, please file an issue in the tracker with the HTML code
#0 C:\xampp\htdocs\isales\vendor\dompdf\dompdf\src\FrameReflower\TableRow.php(62): Dompdf\Cellmap->get_frame_height(Object(Dompdf\FrameDecorator\TableRow))
#1 C:\xampp\htdocs\isales\vendor\dompdf\dompdf\src\FrameDecorator\AbstractFrameDecorator.php(895): Dompdf\FrameReflower\TableRow->reflow(NULL)
#2 C:\xampp\htdocs\isales\vendor\dompdf\dompdf\src\FrameReflower\TableRowGroup.php(51): Dompdf\FrameDecorator\AbstractFrameDecorator->reflow()
#3 C:\xampp\htdocs\isales\vendor\dompdf\dompdf\src\FrameDecorator\AbstractFrameDecorator.php(895): Dompdf\FrameReflower\TableRowGroup->reflow(NULL)
#4 C:\xampp\htdocs\isales\vendor\dompdf\dompdf\src\FrameReflower\Table.php(489): Dompdf\FrameDecorator\AbstractFrameDecorator->reflow()
#5 C:\xampp\htdocs\isales\vendor\dompdf\dompdf\src\FrameDecorator\AbstractFrameDecorator.php(895): Dompdf\FrameReflower\Table->reflow(Object(Dompdf\FrameDecorator\Block))
#6 C:\xampp\htdocs\isales\vendor\dompdf\dompdf\src\FrameReflower\Block.php(845): Dompdf\FrameDecorator\AbstractFrameDecorator->reflow(Object(Dompdf\FrameDecorator\Block))
#7 C:\xampp\htdocs\isales\vendor\dompdf\dompdf\src\FrameDecorator\AbstractFrameDecorator.php(895): Dompdf\FrameReflower\Block->reflow(Object(Dompdf\FrameDecorator\Block))
#8 C:\xampp\htdocs\isales\vendor\dompdf\dompdf\src\FrameReflower\Block.php(845): Dompdf\FrameDecorator\AbstractFrameDecorator->reflow(Object(Dompdf\FrameDecorator\Block))
#9 C:\xampp\htdocs\isales\vendor\dompdf\dompdf\src\FrameDecorator\AbstractFrameDecorator.php(895): Dompdf\FrameReflower\Block->reflow(NULL)
#10 C:\xampp\htdocs\isales\vendor\dompdf\dompdf\src\FrameReflower\Page.php(141): Dompdf\FrameDecorator\AbstractFrameDecorator->reflow()
#11 C:\xampp\htdocs\isales\vendor\dompdf\dompdf\src\FrameDecorator\AbstractFrameDecorator.php(895): Dompdf\FrameReflower\Page->reflow(NULL)
#12 C:\xampp\htdocs\isales\vendor\dompdf\dompdf\src\Dompdf.php(838): Dompdf\FrameDecorator\AbstractFrameDecorator->reflow()
#13 C:\xampp\htdocs\isales\app\Controllers\Admin\AdminSpajController.php(135): Dompdf\Dompdf->render()
#14 C:\xampp\htdocs\isales\system\CodeIgniter.php(914): App\Controllers\Admin\AdminSpajController->printPdf('5')
#15 C:\xampp\htdocs\isales\system\CodeIgniter.php(400): CodeIgniter\CodeIgniter->runController(Object(App\Controllers\Admin\AdminSpajController))
#16 C:\xampp\htdocs\isales\system\CodeIgniter.php(308): CodeIgniter\CodeIgniter->handleRequest(NULL, Object(Config\Cache), false)
#17 C:\xampp\htdocs\isales\index.php(45): CodeIgniter\CodeIgniter->run()
#18 {main}
CRITICAL - 2021-03-29 14:46:33 --> Allowed memory size of 536870912 bytes exhausted (tried to allocate 266342400 bytes)
#0 [internal function]: CodeIgniter\Debug\Exceptions->shutdownHandler()
#1 {main}
CRITICAL - 2021-03-29 15:52:19 --> Undefined variable: pembeli
#0 C:\xampp\htdocs\isales\app\Views\admin\spaj\print.php(229): CodeIgniter\Debug\Exceptions->errorHandler(8, 'Undefined varia...', 'C:\\xampp\\htdocs...', 229, Array)
#1 C:\xampp\htdocs\isales\system\View\View.php(246): include('C:\\xampp\\htdocs...')
#2 C:\xampp\htdocs\isales\system\Common.php(1087): CodeIgniter\View\View->render('admin/spaj/prin...', Array, true)
#3 C:\xampp\htdocs\isales\app\Controllers\Admin\AdminSpajController.php(133): view('admin/spaj/prin...', Array)
#4 C:\xampp\htdocs\isales\system\CodeIgniter.php(914): App\Controllers\Admin\AdminSpajController->printPdf('5')
#5 C:\xampp\htdocs\isales\system\CodeIgniter.php(400): CodeIgniter\CodeIgniter->runController(Object(App\Controllers\Admin\AdminSpajController))
#6 C:\xampp\htdocs\isales\system\CodeIgniter.php(308): CodeIgniter\CodeIgniter->handleRequest(NULL, Object(Config\Cache), false)
#7 C:\xampp\htdocs\isales\index.php(45): CodeIgniter\CodeIgniter->run()
#8 {main}
