CRITICAL - 2021-04-03 18:29:04 --> Call to undefined method Dompdf\FrameDecorator\TableRowGroup::get_cellmap()
#0 C:\xampp\htdocs\isales\vendor\dompdf\dompdf\src\FrameDecorator\AbstractFrameDecorator.php(679): Dompdf\FrameDecorator\TableRowGroup->split(Object(Dompdf\FrameDecorator\TableRow), false)
#1 C:\xampp\htdocs\isales\vendor\dompdf\dompdf\src\FrameDecorator\TableRow.php(62): Dompdf\FrameDecorator\AbstractFrameDecorator->split()
#2 C:\xampp\htdocs\isales\vendor\dompdf\dompdf\src\FrameDecorator\Page.php(533): Dompdf\FrameDecorator\TableRow->split(NULL, true)
#3 C:\xampp\htdocs\isales\vendor\dompdf\dompdf\src\FrameReflower\TableRowGroup.php(54): Dompdf\FrameDecorator\Page->check_page_break(Object(Dompdf\FrameDecorator\TableRow))
#4 C:\xampp\htdocs\isales\vendor\dompdf\dompdf\src\FrameDecorator\AbstractFrameDecorator.php(895): Dompdf\FrameReflower\TableRowGroup->reflow(NULL)
#5 C:\xampp\htdocs\isales\vendor\dompdf\dompdf\src\FrameReflower\TableRowGroup.php(51): Dompdf\FrameDecorator\AbstractFrameDecorator->reflow()
#6 C:\xampp\htdocs\isales\vendor\dompdf\dompdf\src\FrameDecorator\AbstractFrameDecorator.php(895): Dompdf\FrameReflower\TableRowGroup->reflow(NULL)
#7 C:\xampp\htdocs\isales\vendor\dompdf\dompdf\src\FrameReflower\Table.php(489): Dompdf\FrameDecorator\AbstractFrameDecorator->reflow()
#8 C:\xampp\htdocs\isales\vendor\dompdf\dompdf\src\FrameDecorator\AbstractFrameDecorator.php(895): Dompdf\FrameReflower\Table->reflow(Object(Dompdf\FrameDecorator\Block))
#9 C:\xampp\htdocs\isales\vendor\dompdf\dompdf\src\FrameReflower\Block.php(845): Dompdf\FrameDecorator\AbstractFrameDecorator->reflow(Object(Dompdf\FrameDecorator\Block))
#10 C:\xampp\htdocs\isales\vendor\dompdf\dompdf\src\FrameDecorator\AbstractFrameDecorator.php(895): Dompdf\FrameReflower\Block->reflow(NULL)
#11 C:\xampp\htdocs\isales\vendor\dompdf\dompdf\src\FrameReflower\Page.php(141): Dompdf\FrameDecorator\AbstractFrameDecorator->reflow()
#12 C:\xampp\htdocs\isales\vendor\dompdf\dompdf\src\FrameDecorator\AbstractFrameDecorator.php(895): Dompdf\FrameReflower\Page->reflow(NULL)
#13 C:\xampp\htdocs\isales\vendor\dompdf\dompdf\src\Dompdf.php(838): Dompdf\FrameDecorator\AbstractFrameDecorator->reflow()
#14 C:\xampp\htdocs\isales\app\Controllers\Admin\AdminSpajController.php(135): Dompdf\Dompdf->render()
#15 C:\xampp\htdocs\isales\system\CodeIgniter.php(914): App\Controllers\Admin\AdminSpajController->printPdf('5')
#16 C:\xampp\htdocs\isales\system\CodeIgniter.php(400): CodeIgniter\CodeIgniter->runController(Object(App\Controllers\Admin\AdminSpajController))
#17 C:\xampp\htdocs\isales\system\CodeIgniter.php(308): CodeIgniter\CodeIgniter->handleRequest(NULL, Object(Config\Cache), false)
#18 C:\xampp\htdocs\isales\index.php(45): CodeIgniter\CodeIgniter->run()
#19 {main}
CRITICAL - 2021-04-03 18:29:28 --> Allowed memory size of 536870912 bytes exhausted (tried to allocate 264245248 bytes)
#0 [internal function]: CodeIgniter\Debug\Exceptions->shutdownHandler()
#1 {main}
CRITICAL - 2021-04-03 18:29:34 --> Call to undefined method Dompdf\FrameDecorator\TableRowGroup::get_cellmap()
#0 C:\xampp\htdocs\isales\vendor\dompdf\dompdf\src\FrameDecorator\AbstractFrameDecorator.php(679): Dompdf\FrameDecorator\TableRowGroup->split(Object(Dompdf\FrameDecorator\TableRow), false)
#1 C:\xampp\htdocs\isales\vendor\dompdf\dompdf\src\FrameDecorator\TableRow.php(62): Dompdf\FrameDecorator\AbstractFrameDecorator->split()
#2 C:\xampp\htdocs\isales\vendor\dompdf\dompdf\src\FrameDecorator\Page.php(533): Dompdf\FrameDecorator\TableRow->split(NULL, true)
#3 C:\xampp\htdocs\isales\vendor\dompdf\dompdf\src\FrameReflower\TableRowGroup.php(54): Dompdf\FrameDecorator\Page->check_page_break(Object(Dompdf\FrameDecorator\TableRow))
#4 C:\xampp\htdocs\isales\vendor\dompdf\dompdf\src\FrameDecorator\AbstractFrameDecorator.php(895): Dompdf\FrameReflower\TableRowGroup->reflow(NULL)
#5 C:\xampp\htdocs\isales\vendor\dompdf\dompdf\src\FrameReflower\TableRowGroup.php(51): Dompdf\FrameDecorator\AbstractFrameDecorator->reflow()
#6 C:\xampp\htdocs\isales\vendor\dompdf\dompdf\src\FrameDecorator\AbstractFrameDecorator.php(895): Dompdf\FrameReflower\TableRowGroup->reflow(NULL)
#7 C:\xampp\htdocs\isales\vendor\dompdf\dompdf\src\FrameReflower\Table.php(489): Dompdf\FrameDecorator\AbstractFrameDecorator->reflow()
#8 C:\xampp\htdocs\isales\vendor\dompdf\dompdf\src\FrameDecorator\AbstractFrameDecorator.php(895): Dompdf\FrameReflower\Table->reflow(Object(Dompdf\FrameDecorator\Block))
#9 C:\xampp\htdocs\isales\vendor\dompdf\dompdf\src\FrameReflower\Block.php(845): Dompdf\FrameDecorator\AbstractFrameDecorator->reflow(Object(Dompdf\FrameDecorator\Block))
#10 C:\xampp\htdocs\isales\vendor\dompdf\dompdf\src\FrameDecorator\AbstractFrameDecorator.php(895): Dompdf\FrameReflower\Block->reflow(NULL)
#11 C:\xampp\htdocs\isales\vendor\dompdf\dompdf\src\FrameReflower\Page.php(141): Dompdf\FrameDecorator\AbstractFrameDecorator->reflow()
#12 C:\xampp\htdocs\isales\vendor\dompdf\dompdf\src\FrameDecorator\AbstractFrameDecorator.php(895): Dompdf\FrameReflower\Page->reflow(NULL)
#13 C:\xampp\htdocs\isales\vendor\dompdf\dompdf\src\Dompdf.php(838): Dompdf\FrameDecorator\AbstractFrameDecorator->reflow()
#14 C:\xampp\htdocs\isales\app\Controllers\Admin\AdminSpajController.php(135): Dompdf\Dompdf->render()
#15 C:\xampp\htdocs\isales\system\CodeIgniter.php(914): App\Controllers\Admin\AdminSpajController->printPdf('5')
#16 C:\xampp\htdocs\isales\system\CodeIgniter.php(400): CodeIgniter\CodeIgniter->runController(Object(App\Controllers\Admin\AdminSpajController))
#17 C:\xampp\htdocs\isales\system\CodeIgniter.php(308): CodeIgniter\CodeIgniter->handleRequest(NULL, Object(Config\Cache), false)
#18 C:\xampp\htdocs\isales\index.php(45): CodeIgniter\CodeIgniter->run()
#19 {main}
CRITICAL - 2021-04-03 18:29:55 --> Allowed memory size of 536870912 bytes exhausted (tried to allocate 264245248 bytes)
#0 [internal function]: CodeIgniter\Debug\Exceptions->shutdownHandler()
#1 {main}
