CRITICAL - 2021-05-31 11:35:31 --> Table 'isales.t_virtual_account' doesn't exist
#0 C:\xampp\htdocs\isales-new\system\Database\MySQLi\Connection.php(331): mysqli->query('SELECT `t_virtu...')
#1 C:\xampp\htdocs\isales-new\system\Database\BaseConnection.php(738): CodeIgniter\Database\MySQLi\Connection->execute('SELECT `t_virtu...')
#2 C:\xampp\htdocs\isales-new\system\Database\BaseConnection.php(666): CodeIgniter\Database\BaseConnection->simpleQuery('SELECT `t_virtu...')
#3 C:\xampp\htdocs\isales-new\system\Database\BaseBuilder.php(1845): CodeIgniter\Database\BaseConnection->query('SELECT `t_virtu...', Array, false)
#4 C:\xampp\htdocs\isales-new\system\Model.php(1716): CodeIgniter\Database\BaseBuilder->get()
#5 C:\xampp\htdocs\isales-new\app\Models\VirtualAccountModel.php(38): CodeIgniter\Model->__call('get', Array)
#6 C:\xampp\htdocs\isales-new\app\Controllers\VirtualAccount\VirtualAccountController.php(77): App\Models\VirtualAccountModel->getAll()
#7 C:\xampp\htdocs\isales-new\system\CodeIgniter.php(914): App\Controllers\VirtualAccount\VirtualAccountController->listVa()
#8 C:\xampp\htdocs\isales-new\system\CodeIgniter.php(400): CodeIgniter\CodeIgniter->runController(Object(App\Controllers\VirtualAccount\VirtualAccountController))
#9 C:\xampp\htdocs\isales-new\system\CodeIgniter.php(308): CodeIgniter\CodeIgniter->handleRequest(NULL, Object(Config\Cache), false)
#10 C:\xampp\htdocs\isales-new\index.php(45): CodeIgniter\CodeIgniter->run()
#11 {main}
CRITICAL - 2021-05-31 11:35:31 --> Undefined index: error
#0 C:\xampp\htdocs\isales-new\app\Controllers\Admin\AdminVaController.php(27): CodeIgniter\Debug\Exceptions->errorHandler(8, 'Undefined index...', 'C:\\xampp\\htdocs...', 27, Array)
#1 C:\xampp\htdocs\isales-new\system\CodeIgniter.php(914): App\Controllers\Admin\AdminVaController->index()
#2 C:\xampp\htdocs\isales-new\system\CodeIgniter.php(400): CodeIgniter\CodeIgniter->runController(Object(App\Controllers\Admin\AdminVaController))
#3 C:\xampp\htdocs\isales-new\system\CodeIgniter.php(308): CodeIgniter\CodeIgniter->handleRequest(NULL, Object(Config\Cache), false)
#4 C:\xampp\htdocs\isales-new\index.php(45): CodeIgniter\CodeIgniter->run()
#5 {main}
CRITICAL - 2021-05-31 15:38:03 --> Table 'isales.t_shared_leads' doesn't exist
#0 C:\xampp\htdocs\isales-new\system\Database\MySQLi\Connection.php(331): mysqli->query('SELECT `t_login...')
#1 C:\xampp\htdocs\isales-new\system\Database\BaseConnection.php(738): CodeIgniter\Database\MySQLi\Connection->execute('SELECT `t_login...')
#2 C:\xampp\htdocs\isales-new\system\Database\BaseConnection.php(666): CodeIgniter\Database\BaseConnection->simpleQuery('SELECT `t_login...')
#3 C:\xampp\htdocs\isales-new\system\Model.php(1712): CodeIgniter\Database\BaseConnection->query('SELECT `t_login...', Array)
#4 C:\xampp\htdocs\isales-new\app\Models\LoginModel.php(118): CodeIgniter\Model->__call('query', Array)
#5 C:\xampp\htdocs\isales-new\app\Controllers\Performance\PerformanceController.php(75): App\Models\LoginModel->getAll(Array)
#6 C:\xampp\htdocs\isales-new\system\CodeIgniter.php(914): App\Controllers\Performance\PerformanceController->dashboardList()
#7 C:\xampp\htdocs\isales-new\system\CodeIgniter.php(400): CodeIgniter\CodeIgniter->runController(Object(App\Controllers\Performance\PerformanceController))
#8 C:\xampp\htdocs\isales-new\system\CodeIgniter.php(308): CodeIgniter\CodeIgniter->handleRequest(NULL, Object(Config\Cache), false)
#9 C:\xampp\htdocs\isales-new\index.php(45): CodeIgniter\CodeIgniter->run()
#10 {main}
CRITICAL - 2021-05-31 15:38:03 --> Undefined index: error
#0 C:\xampp\htdocs\isales-new\app\Controllers\Admin\AdminPerformanceController.php(65): CodeIgniter\Debug\Exceptions->errorHandler(8, 'Undefined index...', 'C:\\xampp\\htdocs...', 65, Array)
#1 C:\xampp\htdocs\isales-new\system\CodeIgniter.php(914): App\Controllers\Admin\AdminPerformanceController->index()
#2 C:\xampp\htdocs\isales-new\system\CodeIgniter.php(400): CodeIgniter\CodeIgniter->runController(Object(App\Controllers\Admin\AdminPerformanceController))
#3 C:\xampp\htdocs\isales-new\system\CodeIgniter.php(308): CodeIgniter\CodeIgniter->handleRequest(NULL, Object(Config\Cache), false)
#4 C:\xampp\htdocs\isales-new\index.php(45): CodeIgniter\CodeIgniter->run()
#5 {main}
CRITICAL - 2021-05-31 15:47:44 --> Table 'isales.t_spaj' doesn't exist
#0 C:\xampp\htdocs\isales-new\system\Database\MySQLi\Connection.php(331): mysqli->query('SELECT `t_spaj`...')
#1 C:\xampp\htdocs\isales-new\system\Database\BaseConnection.php(738): CodeIgniter\Database\MySQLi\Connection->execute('SELECT `t_spaj`...')
#2 C:\xampp\htdocs\isales-new\system\Database\BaseConnection.php(666): CodeIgniter\Database\BaseConnection->simpleQuery('SELECT `t_spaj`...')
#3 C:\xampp\htdocs\isales-new\system\Database\BaseBuilder.php(1845): CodeIgniter\Database\BaseConnection->query('SELECT `t_spaj`...', Array, false)
#4 C:\xampp\htdocs\isales-new\system\Model.php(1716): CodeIgniter\Database\BaseBuilder->get()
#5 C:\xampp\htdocs\isales-new\app\Models\DataNasabahModel.php(72): CodeIgniter\Model->__call('get', Array)
#6 C:\xampp\htdocs\isales-new\app\Controllers\Spaj\SpajController.php(66): App\Models\DataNasabahModel->getAll(Array)
#7 C:\xampp\htdocs\isales-new\system\CodeIgniter.php(914): App\Controllers\Spaj\SpajController->listSpaj()
#8 C:\xampp\htdocs\isales-new\system\CodeIgniter.php(400): CodeIgniter\CodeIgniter->runController(Object(App\Controllers\Spaj\SpajController))
#9 C:\xampp\htdocs\isales-new\system\CodeIgniter.php(308): CodeIgniter\CodeIgniter->handleRequest(NULL, Object(Config\Cache), false)
#10 C:\xampp\htdocs\isales-new\index.php(45): CodeIgniter\CodeIgniter->run()
#11 {main}
CRITICAL - 2021-05-31 15:47:44 --> Undefined index: error
#0 C:\xampp\htdocs\isales-new\app\Controllers\Admin\AdminSpajController.php(44): CodeIgniter\Debug\Exceptions->errorHandler(8, 'Undefined index...', 'C:\\xampp\\htdocs...', 44, Array)
#1 C:\xampp\htdocs\isales-new\system\CodeIgniter.php(914): App\Controllers\Admin\AdminSpajController->getData()
#2 C:\xampp\htdocs\isales-new\system\CodeIgniter.php(400): CodeIgniter\CodeIgniter->runController(Object(App\Controllers\Admin\AdminSpajController))
#3 C:\xampp\htdocs\isales-new\system\CodeIgniter.php(308): CodeIgniter\CodeIgniter->handleRequest(NULL, Object(Config\Cache), false)
#4 C:\xampp\htdocs\isales-new\index.php(45): CodeIgniter\CodeIgniter->run()
#5 {main}
CRITICAL - 2021-05-31 15:47:44 --> Uncaught CodeIgniter\Format\Exceptions\FormatException: Failed to parse json string, error: "{0}". in C:\xampp\htdocs\isales-new\system\Format\Exceptions\FormatException.php:9
Stack trace:
#0 C:\xampp\htdocs\isales-new\system\Format\JSONFormatter.php(67): CodeIgniter\Format\Exceptions\FormatException::forInvalidJSON('Type is not sup...')
#1 C:\xampp\htdocs\isales-new\system\API\ResponseTrait.php(414): CodeIgniter\Format\JSONFormatter->format(Array)
#2 C:\xampp\htdocs\isales-new\system\API\ResponseTrait.php(134): CodeIgniter\Debug\Exceptions->format(Array)
#3 C:\xampp\htdocs\isales-new\system\Debug\Exceptions.php(166): CodeIgniter\Debug\Exceptions->respond(Array, 500)
#4 [internal function]: CodeIgniter\Debug\Exceptions->exceptionHandler(Object(ErrorException))
#5 {main}
  thrown
#0 [internal function]: CodeIgniter\Debug\Exceptions->shutdownHandler()
#1 {main}
CRITICAL - 2021-05-31 15:53:56 --> Undefined index: no_proposal
#0 C:\xampp\htdocs\isales-new\app\Views\admin\campaign\preview.php(36): CodeIgniter\Debug\Exceptions->errorHandler(8, 'Undefined index...', 'C:\\xampp\\htdocs...', 36, Array)
#1 C:\xampp\htdocs\isales-new\system\View\View.php(246): include('C:\\xampp\\htdocs...')
#2 C:\xampp\htdocs\isales-new\system\Common.php(1087): CodeIgniter\View\View->render('admin/campaign/...', Array, true)
#3 C:\xampp\htdocs\isales-new\app\Controllers\Admin\AdminCampaignController.php(137): view('admin/campaign/...', Array)
#4 C:\xampp\htdocs\isales-new\system\CodeIgniter.php(914): App\Controllers\Admin\AdminCampaignController->previewCampaign('279')
#5 C:\xampp\htdocs\isales-new\system\CodeIgniter.php(400): CodeIgniter\CodeIgniter->runController(Object(App\Controllers\Admin\AdminCampaignController))
#6 C:\xampp\htdocs\isales-new\system\CodeIgniter.php(308): CodeIgniter\CodeIgniter->handleRequest(NULL, Object(Config\Cache), false)
#7 C:\xampp\htdocs\isales-new\index.php(45): CodeIgniter\CodeIgniter->run()
#8 {main}
CRITICAL - 2021-05-31 16:44:57 --> Illegal string offset 'log_gagal'
#0 C:\xampp\htdocs\isales-new\app\Controllers\Admin\AdminCampaignController.php(139): CodeIgniter\Debug\Exceptions->errorHandler(2, 'Illegal string ...', 'C:\\xampp\\htdocs...', 139, Array)
#1 C:\xampp\htdocs\isales-new\system\CodeIgniter.php(914): App\Controllers\Admin\AdminCampaignController->previewCampaign('279')
#2 C:\xampp\htdocs\isales-new\system\CodeIgniter.php(400): CodeIgniter\CodeIgniter->runController(Object(App\Controllers\Admin\AdminCampaignController))
#3 C:\xampp\htdocs\isales-new\system\CodeIgniter.php(308): CodeIgniter\CodeIgniter->handleRequest(NULL, Object(Config\Cache), false)
#4 C:\xampp\htdocs\isales-new\index.php(45): CodeIgniter\CodeIgniter->run()
#5 {main}
CRITICAL - 2021-05-31 16:45:25 --> json_decode() expects parameter 1 to be string, array given
#0 [internal function]: CodeIgniter\Debug\Exceptions->errorHandler(2, 'json_decode() e...', 'C:\\xampp\\htdocs...', 141, Array)
#1 C:\xampp\htdocs\isales-new\app\Controllers\Admin\AdminCampaignController.php(141): json_decode(Array)
#2 C:\xampp\htdocs\isales-new\system\CodeIgniter.php(914): App\Controllers\Admin\AdminCampaignController->previewCampaign('279')
#3 C:\xampp\htdocs\isales-new\system\CodeIgniter.php(400): CodeIgniter\CodeIgniter->runController(Object(App\Controllers\Admin\AdminCampaignController))
#4 C:\xampp\htdocs\isales-new\system\CodeIgniter.php(308): CodeIgniter\CodeIgniter->handleRequest(NULL, Object(Config\Cache), false)
#5 C:\xampp\htdocs\isales-new\index.php(45): CodeIgniter\CodeIgniter->run()
#6 {main}
CRITICAL - 2021-05-31 16:56:28 --> json_decode() expects parameter 1 to be string, array given
#0 [internal function]: CodeIgniter\Debug\Exceptions->errorHandler(2, 'json_decode() e...', 'C:\\xampp\\htdocs...', 136, Array)
#1 C:\xampp\htdocs\isales-new\app\Controllers\Admin\AdminCampaignController.php(136): json_decode(Array)
#2 C:\xampp\htdocs\isales-new\system\CodeIgniter.php(914): App\Controllers\Admin\AdminCampaignController->previewCampaign('279')
#3 C:\xampp\htdocs\isales-new\system\CodeIgniter.php(400): CodeIgniter\CodeIgniter->runController(Object(App\Controllers\Admin\AdminCampaignController))
#4 C:\xampp\htdocs\isales-new\system\CodeIgniter.php(308): CodeIgniter\CodeIgniter->handleRequest(NULL, Object(Config\Cache), false)
#5 C:\xampp\htdocs\isales-new\index.php(45): CodeIgniter\CodeIgniter->run()
#6 {main}
CRITICAL - 2021-05-31 17:25:18 --> Undefined variable: campaign
#0 C:\xampp\htdocs\isales-new\app\Views\admin\campaign\preview.php(9): CodeIgniter\Debug\Exceptions->errorHandler(8, 'Undefined varia...', 'C:\\xampp\\htdocs...', 9, Array)
#1 C:\xampp\htdocs\isales-new\system\View\View.php(246): include('C:\\xampp\\htdocs...')
#2 C:\xampp\htdocs\isales-new\system\Common.php(1087): CodeIgniter\View\View->render('admin/campaign/...', Array, true)
#3 C:\xampp\htdocs\isales-new\app\Controllers\Admin\AdminCampaignController.php(117): view('admin/campaign/...')
#4 C:\xampp\htdocs\isales-new\system\CodeIgniter.php(914): App\Controllers\Admin\AdminCampaignController->previewCampaign('279')
#5 C:\xampp\htdocs\isales-new\system\CodeIgniter.php(400): CodeIgniter\CodeIgniter->runController(Object(App\Controllers\Admin\AdminCampaignController))
#6 C:\xampp\htdocs\isales-new\system\CodeIgniter.php(308): CodeIgniter\CodeIgniter->handleRequest(NULL, Object(Config\Cache), false)
#7 C:\xampp\htdocs\isales-new\index.php(45): CodeIgniter\CodeIgniter->run()
#8 {main}
CRITICAL - 2021-05-31 17:25:57 --> Undefined variable: campaign
#0 C:\xampp\htdocs\isales-new\app\Views\admin\campaign\preview.php(9): CodeIgniter\Debug\Exceptions->errorHandler(8, 'Undefined varia...', 'C:\\xampp\\htdocs...', 9, Array)
#1 C:\xampp\htdocs\isales-new\system\View\View.php(246): include('C:\\xampp\\htdocs...')
#2 C:\xampp\htdocs\isales-new\system\Common.php(1087): CodeIgniter\View\View->render('admin/campaign/...', Array, true)
#3 C:\xampp\htdocs\isales-new\app\Controllers\Admin\AdminCampaignController.php(117): view('admin/campaign/...')
#4 C:\xampp\htdocs\isales-new\system\CodeIgniter.php(914): App\Controllers\Admin\AdminCampaignController->previewCampaign('279')
#5 C:\xampp\htdocs\isales-new\system\CodeIgniter.php(400): CodeIgniter\CodeIgniter->runController(Object(App\Controllers\Admin\AdminCampaignController))
#6 C:\xampp\htdocs\isales-new\system\CodeIgniter.php(308): CodeIgniter\CodeIgniter->handleRequest(NULL, Object(Config\Cache), false)
#7 C:\xampp\htdocs\isales-new\index.php(45): CodeIgniter\CodeIgniter->run()
#8 {main}
CRITICAL - 2021-05-31 17:40:59 --> Undefined variable: campaign
#0 C:\xampp\htdocs\isales-new\app\Views\admin\campaign\preview.php(9): CodeIgniter\Debug\Exceptions->errorHandler(8, 'Undefined varia...', 'C:\\xampp\\htdocs...', 9, Array)
#1 C:\xampp\htdocs\isales-new\system\View\View.php(246): include('C:\\xampp\\htdocs...')
#2 C:\xampp\htdocs\isales-new\system\Common.php(1087): CodeIgniter\View\View->render('admin/campaign/...', Array, true)
#3 C:\xampp\htdocs\isales-new\app\Controllers\Admin\AdminCampaignController.php(117): view('admin/campaign/...')
#4 C:\xampp\htdocs\isales-new\system\CodeIgniter.php(914): App\Controllers\Admin\AdminCampaignController->previewCampaign('279')
#5 C:\xampp\htdocs\isales-new\system\CodeIgniter.php(400): CodeIgniter\CodeIgniter->runController(Object(App\Controllers\Admin\AdminCampaignController))
#6 C:\xampp\htdocs\isales-new\system\CodeIgniter.php(308): CodeIgniter\CodeIgniter->handleRequest(NULL, Object(Config\Cache), false)
#7 C:\xampp\htdocs\isales-new\index.php(45): CodeIgniter\CodeIgniter->run()
#8 {main}
