CRITICAL - 2021-04-09 12:57:59 --> Undefined variable: spaj
#0 C:\xampp\htdocs\isales\app\Views\admin\spaj\preview.php(9): CodeIgniter\Debug\Exceptions->errorHandler(8, 'Undefined varia...', 'C:\\xampp\\htdocs...', 9, Array)
#1 C:\xampp\htdocs\isales\system\View\View.php(246): include('C:\\xampp\\htdocs...')
#2 C:\xampp\htdocs\isales\system\Common.php(1087): CodeIgniter\View\View->render('admin/spaj/prev...', Array, true)
#3 C:\xampp\htdocs\isales\app\Controllers\Admin\AdminSpajController.php(110): view('admin/spaj/prev...', Array)
#4 C:\xampp\htdocs\isales\system\CodeIgniter.php(914): App\Controllers\Admin\AdminSpajController->preview('14')
#5 C:\xampp\htdocs\isales\system\CodeIgniter.php(400): CodeIgniter\CodeIgniter->runController(Object(App\Controllers\Admin\AdminSpajController))
#6 C:\xampp\htdocs\isales\system\CodeIgniter.php(308): CodeIgniter\CodeIgniter->handleRequest(NULL, Object(Config\Cache), false)
#7 C:\xampp\htdocs\isales\index.php(45): CodeIgniter\CodeIgniter->run()
#8 {main}
CRITICAL - 2021-04-09 14:06:09 --> syntax error, unexpected ']', expecting ')'
#0 C:\xampp\htdocs\isales\system\Common.php(1087): CodeIgniter\View\View->render('admin/spaj/prev...', Array, true)
#1 C:\xampp\htdocs\isales\app\Controllers\Admin\AdminSpajController.php(109): view('admin/spaj/prev...', Array)
#2 C:\xampp\htdocs\isales\system\CodeIgniter.php(914): App\Controllers\Admin\AdminSpajController->preview('14')
#3 C:\xampp\htdocs\isales\system\CodeIgniter.php(400): CodeIgniter\CodeIgniter->runController(Object(App\Controllers\Admin\AdminSpajController))
#4 C:\xampp\htdocs\isales\system\CodeIgniter.php(308): CodeIgniter\CodeIgniter->handleRequest(NULL, Object(Config\Cache), false)
#5 C:\xampp\htdocs\isales\index.php(45): CodeIgniter\CodeIgniter->run()
#6 {main}
CRITICAL - 2021-04-09 14:06:17 --> explode(): Empty delimiter
#0 [internal function]: CodeIgniter\Debug\Exceptions->errorHandler(2, 'explode(): Empt...', 'C:\\xampp\\htdocs...', 56, Array)
#1 C:\xampp\htdocs\isales\app\Views\admin\spaj\preview.php(56): explode('', '')
#2 C:\xampp\htdocs\isales\system\View\View.php(246): include('C:\\xampp\\htdocs...')
#3 C:\xampp\htdocs\isales\system\Common.php(1087): CodeIgniter\View\View->render('admin/spaj/prev...', Array, true)
#4 C:\xampp\htdocs\isales\app\Controllers\Admin\AdminSpajController.php(109): view('admin/spaj/prev...', Array)
#5 C:\xampp\htdocs\isales\system\CodeIgniter.php(914): App\Controllers\Admin\AdminSpajController->preview('14')
#6 C:\xampp\htdocs\isales\system\CodeIgniter.php(400): CodeIgniter\CodeIgniter->runController(Object(App\Controllers\Admin\AdminSpajController))
#7 C:\xampp\htdocs\isales\system\CodeIgniter.php(308): CodeIgniter\CodeIgniter->handleRequest(NULL, Object(Config\Cache), false)
#8 C:\xampp\htdocs\isales\index.php(45): CodeIgniter\CodeIgniter->run()
#9 {main}
CRITICAL - 2021-04-09 14:09:59 --> explode(): Empty delimiter
#0 [internal function]: CodeIgniter\Debug\Exceptions->errorHandler(2, 'explode(): Empt...', 'C:\\xampp\\htdocs...', 56, Array)
#1 C:\xampp\htdocs\isales\app\Views\admin\spaj\preview.php(56): explode('', '')
#2 C:\xampp\htdocs\isales\system\View\View.php(246): include('C:\\xampp\\htdocs...')
#3 C:\xampp\htdocs\isales\system\Common.php(1087): CodeIgniter\View\View->render('admin/spaj/prev...', Array, true)
#4 C:\xampp\htdocs\isales\app\Controllers\Admin\AdminSpajController.php(109): view('admin/spaj/prev...', Array)
#5 C:\xampp\htdocs\isales\system\CodeIgniter.php(914): App\Controllers\Admin\AdminSpajController->preview('14')
#6 C:\xampp\htdocs\isales\system\CodeIgniter.php(400): CodeIgniter\CodeIgniter->runController(Object(App\Controllers\Admin\AdminSpajController))
#7 C:\xampp\htdocs\isales\system\CodeIgniter.php(308): CodeIgniter\CodeIgniter->handleRequest(NULL, Object(Config\Cache), false)
#8 C:\xampp\htdocs\isales\index.php(45): CodeIgniter\CodeIgniter->run()
#9 {main}
CRITICAL - 2021-04-09 14:24:50 --> Undefined offset: 2
#0 C:\xampp\htdocs\isales\app\Views\admin\spaj\preview.php(53): CodeIgniter\Debug\Exceptions->errorHandler(8, 'Undefined offse...', 'C:\\xampp\\htdocs...', 53, Array)
#1 C:\xampp\htdocs\isales\system\View\View.php(246): include('C:\\xampp\\htdocs...')
#2 C:\xampp\htdocs\isales\system\Common.php(1087): CodeIgniter\View\View->render('admin/spaj/prev...', Array, true)
#3 C:\xampp\htdocs\isales\app\Controllers\Admin\AdminSpajController.php(110): view('admin/spaj/prev...', Array)
#4 C:\xampp\htdocs\isales\system\CodeIgniter.php(914): App\Controllers\Admin\AdminSpajController->preview('14')
#5 C:\xampp\htdocs\isales\system\CodeIgniter.php(400): CodeIgniter\CodeIgniter->runController(Object(App\Controllers\Admin\AdminSpajController))
#6 C:\xampp\htdocs\isales\system\CodeIgniter.php(308): CodeIgniter\CodeIgniter->handleRequest(NULL, Object(Config\Cache), false)
#7 C:\xampp\htdocs\isales\index.php(45): CodeIgniter\CodeIgniter->run()
#8 {main}
CRITICAL - 2021-04-09 14:35:54 --> Use of undefined constant “123456789” - assumed '“123456789”' (this will throw an Error in a future version of PHP)
#0 C:\xampp\htdocs\isales\app\Views\admin\spaj\preview.php(57): CodeIgniter\Debug\Exceptions->errorHandler(2, 'Use of undefine...', 'C:\\xampp\\htdocs...', 57, Array)
#1 C:\xampp\htdocs\isales\system\View\View.php(246): include('C:\\xampp\\htdocs...')
#2 C:\xampp\htdocs\isales\system\Common.php(1087): CodeIgniter\View\View->render('admin/spaj/prev...', Array, true)
#3 C:\xampp\htdocs\isales\app\Controllers\Admin\AdminSpajController.php(110): view('admin/spaj/prev...', Array)
#4 C:\xampp\htdocs\isales\system\CodeIgniter.php(914): App\Controllers\Admin\AdminSpajController->preview('14')
#5 C:\xampp\htdocs\isales\system\CodeIgniter.php(400): CodeIgniter\CodeIgniter->runController(Object(App\Controllers\Admin\AdminSpajController))
#6 C:\xampp\htdocs\isales\system\CodeIgniter.php(308): CodeIgniter\CodeIgniter->handleRequest(NULL, Object(Config\Cache), false)
#7 C:\xampp\htdocs\isales\index.php(45): CodeIgniter\CodeIgniter->run()
#8 {main}
CRITICAL - 2021-04-09 14:54:44 --> Call to undefined function App\Controllers\Admin\sensor()
#0 C:\xampp\htdocs\isales\system\CodeIgniter.php(914): App\Controllers\Admin\AdminSpajController->getData()
#1 C:\xampp\htdocs\isales\system\CodeIgniter.php(400): CodeIgniter\CodeIgniter->runController(Object(App\Controllers\Admin\AdminSpajController))
#2 C:\xampp\htdocs\isales\system\CodeIgniter.php(308): CodeIgniter\CodeIgniter->handleRequest(NULL, Object(Config\Cache), false)
#3 C:\xampp\htdocs\isales\index.php(45): CodeIgniter\CodeIgniter->run()
#4 {main}
CRITICAL - 2021-04-09 14:56:56 --> Call to undefined method CodeIgniter\View\View::sensor()
#0 C:\xampp\htdocs\isales\system\View\View.php(246): include()
#1 C:\xampp\htdocs\isales\system\Common.php(1087): CodeIgniter\View\View->render('admin/spaj/prev...', Array, true)
#2 C:\xampp\htdocs\isales\app\Controllers\Admin\AdminSpajController.php(111): view('admin/spaj/prev...', Array)
#3 C:\xampp\htdocs\isales\system\CodeIgniter.php(914): App\Controllers\Admin\AdminSpajController->preview('14')
#4 C:\xampp\htdocs\isales\system\CodeIgniter.php(400): CodeIgniter\CodeIgniter->runController(Object(App\Controllers\Admin\AdminSpajController))
#5 C:\xampp\htdocs\isales\system\CodeIgniter.php(308): CodeIgniter\CodeIgniter->handleRequest(NULL, Object(Config\Cache), false)
#6 C:\xampp\htdocs\isales\index.php(45): CodeIgniter\CodeIgniter->run()
#7 {main}
CRITICAL - 2021-04-09 14:58:00 --> Call to undefined method CodeIgniter\View\View::sensor()
#0 C:\xampp\htdocs\isales\system\View\View.php(246): include()
#1 C:\xampp\htdocs\isales\system\Common.php(1087): CodeIgniter\View\View->render('admin/spaj/prev...', Array, true)
#2 C:\xampp\htdocs\isales\app\Controllers\Admin\AdminSpajController.php(111): view('admin/spaj/prev...', Array)
#3 C:\xampp\htdocs\isales\system\CodeIgniter.php(914): App\Controllers\Admin\AdminSpajController->preview('14')
#4 C:\xampp\htdocs\isales\system\CodeIgniter.php(400): CodeIgniter\CodeIgniter->runController(Object(App\Controllers\Admin\AdminSpajController))
#5 C:\xampp\htdocs\isales\system\CodeIgniter.php(308): CodeIgniter\CodeIgniter->handleRequest(NULL, Object(Config\Cache), false)
#6 C:\xampp\htdocs\isales\index.php(45): CodeIgniter\CodeIgniter->run()
#7 {main}
CRITICAL - 2021-04-09 17:22:32 --> Undefined offset: 0
#0 C:\xampp\htdocs\isales\app\Views\admin\spaj\preview.php(262): CodeIgniter\Debug\Exceptions->errorHandler(8, 'Undefined offse...', 'C:\\xampp\\htdocs...', 262, Array)
#1 C:\xampp\htdocs\isales\system\View\View.php(246): include('C:\\xampp\\htdocs...')
#2 C:\xampp\htdocs\isales\system\Common.php(1087): CodeIgniter\View\View->render('admin/spaj/prev...', Array, true)
#3 C:\xampp\htdocs\isales\app\Controllers\Admin\AdminSpajController.php(123): view('admin/spaj/prev...', Array)
#4 C:\xampp\htdocs\isales\system\CodeIgniter.php(914): App\Controllers\Admin\AdminSpajController->preview('14')
#5 C:\xampp\htdocs\isales\system\CodeIgniter.php(400): CodeIgniter\CodeIgniter->runController(Object(App\Controllers\Admin\AdminSpajController))
#6 C:\xampp\htdocs\isales\system\CodeIgniter.php(308): CodeIgniter\CodeIgniter->handleRequest(NULL, Object(Config\Cache), false)
#7 C:\xampp\htdocs\isales\index.php(45): CodeIgniter\CodeIgniter->run()
#8 {main}
