CRITICAL - 2021-03-19 15:05:11 --> syntax error, unexpected '[', expecting identifier (T_STRING) or variable (T_VARIABLE) or '{' or '$'
#0 /var/www/html/isales/system/Autoloader/Autoloader.php(296): CodeIgniter\Autoloader\Autoloader->requireFile('/var/www/html/i...')
#1 /var/www/html/isales/system/Autoloader/Autoloader.php(258): CodeIgniter\Autoloader\Autoloader->loadInNamespace('App\\Controllers...')
#2 [internal function]: CodeIgniter\Autoloader\Autoloader->loadClass('App\\Controllers...')
#3 [internal function]: spl_autoload_call('App\\Controllers...')
#4 /var/www/html/isales/system/CodeIgniter.php(865): class_exists('\\App\\Controller...', true)
#5 /var/www/html/isales/system/CodeIgniter.php(390): CodeIgniter\CodeIgniter->startController()
#6 /var/www/html/isales/system/CodeIgniter.php(308): CodeIgniter\CodeIgniter->handleRequest(NULL, Object(Config\Cache), false)
#7 /var/www/html/isales/index.php(45): CodeIgniter\CodeIgniter->run()
#8 {main}
CRITICAL - 2021-03-19 15:33:00 --> Undefined index: recording_date
#0 /var/www/html/isales/app/Controllers/ServicesAdmin/ServicesAdminController.php(224): CodeIgniter\Debug\Exceptions->errorHandler(8, 'Undefined index...', '/var/www/html/i...', 224, Array)
#1 /var/www/html/isales/system/CodeIgniter.php(914): App\Controllers\ServicesAdmin\ServicesAdminController->listRecording()
#2 /var/www/html/isales/system/CodeIgniter.php(400): CodeIgniter\CodeIgniter->runController(Object(App\Controllers\ServicesAdmin\ServicesAdminController))
#3 /var/www/html/isales/system/CodeIgniter.php(308): CodeIgniter\CodeIgniter->handleRequest(NULL, Object(Config\Cache), false)
#4 /var/www/html/isales/index.php(45): CodeIgniter\CodeIgniter->run()
#5 {main}
CRITICAL - 2021-03-19 15:34:14 --> Undefined index: recording_file
#0 /var/www/html/isales/app/Controllers/ServicesAdmin/ServicesAdminController.php(224): CodeIgniter\Debug\Exceptions->errorHandler(8, 'Undefined index...', '/var/www/html/i...', 224, Array)
#1 /var/www/html/isales/system/CodeIgniter.php(914): App\Controllers\ServicesAdmin\ServicesAdminController->listRecording()
#2 /var/www/html/isales/system/CodeIgniter.php(400): CodeIgniter\CodeIgniter->runController(Object(App\Controllers\ServicesAdmin\ServicesAdminController))
#3 /var/www/html/isales/system/CodeIgniter.php(308): CodeIgniter\CodeIgniter->handleRequest(NULL, Object(Config\Cache), false)
#4 /var/www/html/isales/index.php(45): CodeIgniter\CodeIgniter->run()
#5 {main}
CRITICAL - 2021-03-19 15:37:40 --> Undefined index: recording_date
#0 /var/www/html/isales/app/Controllers/ServicesAdmin/ServicesAdminController.php(224): CodeIgniter\Debug\Exceptions->errorHandler(8, 'Undefined index...', '/var/www/html/i...', 224, Array)
#1 /var/www/html/isales/system/CodeIgniter.php(914): App\Controllers\ServicesAdmin\ServicesAdminController->listRecording()
#2 /var/www/html/isales/system/CodeIgniter.php(400): CodeIgniter\CodeIgniter->runController(Object(App\Controllers\ServicesAdmin\ServicesAdminController))
#3 /var/www/html/isales/system/CodeIgniter.php(308): CodeIgniter\CodeIgniter->handleRequest(NULL, Object(Config\Cache), false)
#4 /var/www/html/isales/index.php(45): CodeIgniter\CodeIgniter->run()
#5 {main}
CRITICAL - 2021-03-19 15:37:48 --> Undefined index: recording_file
#0 /var/www/html/isales/app/Controllers/ServicesAdmin/ServicesAdminController.php(224): CodeIgniter\Debug\Exceptions->errorHandler(8, 'Undefined index...', '/var/www/html/i...', 224, Array)
#1 /var/www/html/isales/system/CodeIgniter.php(914): App\Controllers\ServicesAdmin\ServicesAdminController->listRecording()
#2 /var/www/html/isales/system/CodeIgniter.php(400): CodeIgniter\CodeIgniter->runController(Object(App\Controllers\ServicesAdmin\ServicesAdminController))
#3 /var/www/html/isales/system/CodeIgniter.php(308): CodeIgniter\CodeIgniter->handleRequest(NULL, Object(Config\Cache), false)
#4 /var/www/html/isales/index.php(45): CodeIgniter\CodeIgniter->run()
#5 {main}
CRITICAL - 2021-03-19 15:38:50 --> syntax error, unexpected ';', expecting ']'
#0 /var/www/html/isales/system/Autoloader/Autoloader.php(296): CodeIgniter\Autoloader\Autoloader->requireFile('/var/www/html/i...')
#1 /var/www/html/isales/system/Autoloader/Autoloader.php(258): CodeIgniter\Autoloader\Autoloader->loadInNamespace('App\\Controllers...')
#2 [internal function]: CodeIgniter\Autoloader\Autoloader->loadClass('App\\Controllers...')
#3 [internal function]: spl_autoload_call('App\\Controllers...')
#4 /var/www/html/isales/system/CodeIgniter.php(865): class_exists('\\App\\Controller...', true)
#5 /var/www/html/isales/system/CodeIgniter.php(390): CodeIgniter\CodeIgniter->startController()
#6 /var/www/html/isales/system/CodeIgniter.php(308): CodeIgniter\CodeIgniter->handleRequest(NULL, Object(Config\Cache), false)
#7 /var/www/html/isales/index.php(45): CodeIgniter\CodeIgniter->run()
#8 {main}
CRITICAL - 2021-03-19 21:04:21 --> Maximum execution time of 30 seconds exceeded
#0 [internal function]: CodeIgniter\Debug\Exceptions->shutdownHandler()
#1 {main}
