CRITICAL - 2021-03-18 11:24:50 --> download_recording is not a validation rules group.
#0 /var/www/html/isales/system/Validation/Validation.php(588): CodeIgniter\Validation\Exceptions\ValidationException::forGroupNotFound('download_record...')
#1 /var/www/html/isales/system/Validation/Validation.php(149): CodeIgniter\Validation\Validation->loadRuleGroup('download_record...')
#2 /var/www/html/isales/app/Controllers/Services/ServicesController.php(99): CodeIgniter\Validation\Validation->run(Array, 'download_record...')
#3 /var/www/html/isales/system/CodeIgniter.php(914): App\Controllers\Services\ServicesController->downloadRecording()
#4 /var/www/html/isales/system/CodeIgniter.php(400): CodeIgniter\CodeIgniter->runController(Object(App\Controllers\Services\ServicesController))
#5 /var/www/html/isales/system/CodeIgniter.php(308): CodeIgniter\CodeIgniter->handleRequest(NULL, Object(Config\Cache), false)
#6 /var/www/html/isales/index.php(45): CodeIgniter\CodeIgniter->run()
#7 {main}
CRITICAL - 2021-03-18 11:33:41 --> Maximum execution time of 30 seconds exceeded
#0 [internal function]: CodeIgniter\Debug\Exceptions->shutdownHandler()
#1 {main}
CRITICAL - 2021-03-18 11:45:12 --> Maximum execution time of 30 seconds exceeded
#0 [internal function]: CodeIgniter\Debug\Exceptions->shutdownHandler()
#1 {main}
CRITICAL - 2021-03-18 12:53:23 --> Division by zero
#0 /var/www/html/isales/app/Controllers/Reporting/ReportingController.php(1006): CodeIgniter\Debug\Exceptions->errorHandler(2, 'Division by zer...', '/var/www/html/i...', 1006, Array)
#1 /var/www/html/isales/system/CodeIgniter.php(914): App\Controllers\Reporting\ReportingController->exportApr()
#2 /var/www/html/isales/system/CodeIgniter.php(400): CodeIgniter\CodeIgniter->runController(Object(App\Controllers\Reporting\ReportingController))
#3 /var/www/html/isales/system/CodeIgniter.php(308): CodeIgniter\CodeIgniter->handleRequest(NULL, Object(Config\Cache), false)
#4 /var/www/html/isales/index.php(45): CodeIgniter\CodeIgniter->run()
#5 {main}
CRITICAL - 2021-03-18 12:53:23 --> Uncaught CodeIgniter\Format\Exceptions\FormatException: Failed to parse json string, error: "Type is not supported". in /var/www/html/isales/system/Format/Exceptions/FormatException.php:9
Stack trace:
#0 /var/www/html/isales/system/Format/JSONFormatter.php(67): CodeIgniter\Format\Exceptions\FormatException::forInvalidJSON('Type is not sup...')
#1 /var/www/html/isales/system/API/ResponseTrait.php(414): CodeIgniter\Format\JSONFormatter->format(Array)
#2 /var/www/html/isales/system/API/ResponseTrait.php(134): CodeIgniter\Debug\Exceptions->format(Array)
#3 /var/www/html/isales/system/Debug/Exceptions.php(166): CodeIgniter\Debug\Exceptions->respond(Array, 500)
#4 [internal function]: CodeIgniter\Debug\Exceptions->exceptionHandler(Object(ErrorException))
#5 {main}
  thrown
#0 [internal function]: CodeIgniter\Debug\Exceptions->shutdownHandler()
#1 {main}
CRITICAL - 2021-03-18 13:14:20 --> Division by zero
#0 /var/www/html/isales/app/Controllers/Reporting/ReportingController.php(1006): CodeIgniter\Debug\Exceptions->errorHandler(2, 'Division by zer...', '/var/www/html/i...', 1006, Array)
#1 /var/www/html/isales/system/CodeIgniter.php(914): App\Controllers\Reporting\ReportingController->exportApr()
#2 /var/www/html/isales/system/CodeIgniter.php(400): CodeIgniter\CodeIgniter->runController(Object(App\Controllers\Reporting\ReportingController))
#3 /var/www/html/isales/system/CodeIgniter.php(308): CodeIgniter\CodeIgniter->handleRequest(NULL, Object(Config\Cache), false)
#4 /var/www/html/isales/index.php(45): CodeIgniter\CodeIgniter->run()
#5 {main}
CRITICAL - 2021-03-18 13:14:20 --> Uncaught CodeIgniter\Format\Exceptions\FormatException: Failed to parse json string, error: "Type is not supported". in /var/www/html/isales/system/Format/Exceptions/FormatException.php:9
Stack trace:
#0 /var/www/html/isales/system/Format/JSONFormatter.php(67): CodeIgniter\Format\Exceptions\FormatException::forInvalidJSON('Type is not sup...')
#1 /var/www/html/isales/system/API/ResponseTrait.php(414): CodeIgniter\Format\JSONFormatter->format(Array)
#2 /var/www/html/isales/system/API/ResponseTrait.php(134): CodeIgniter\Debug\Exceptions->format(Array)
#3 /var/www/html/isales/system/Debug/Exceptions.php(166): CodeIgniter\Debug\Exceptions->respond(Array, 500)
#4 [internal function]: CodeIgniter\Debug\Exceptions->exceptionHandler(Object(ErrorException))
#5 {main}
  thrown
#0 [internal function]: CodeIgniter\Debug\Exceptions->shutdownHandler()
#1 {main}
CRITICAL - 2021-03-18 13:31:18 --> Division by zero
#0 /var/www/html/isales/app/Controllers/Reporting/ReportingController.php(1006): CodeIgniter\Debug\Exceptions->errorHandler(2, 'Division by zer...', '/var/www/html/i...', 1006, Array)
#1 /var/www/html/isales/system/CodeIgniter.php(914): App\Controllers\Reporting\ReportingController->exportApr()
#2 /var/www/html/isales/system/CodeIgniter.php(400): CodeIgniter\CodeIgniter->runController(Object(App\Controllers\Reporting\ReportingController))
#3 /var/www/html/isales/system/CodeIgniter.php(308): CodeIgniter\CodeIgniter->handleRequest(NULL, Object(Config\Cache), false)
#4 /var/www/html/isales/index.php(45): CodeIgniter\CodeIgniter->run()
#5 {main}
CRITICAL - 2021-03-18 13:31:18 --> Uncaught CodeIgniter\Format\Exceptions\FormatException: Failed to parse json string, error: "Type is not supported". in /var/www/html/isales/system/Format/Exceptions/FormatException.php:9
Stack trace:
#0 /var/www/html/isales/system/Format/JSONFormatter.php(67): CodeIgniter\Format\Exceptions\FormatException::forInvalidJSON('Type is not sup...')
#1 /var/www/html/isales/system/API/ResponseTrait.php(414): CodeIgniter\Format\JSONFormatter->format(Array)
#2 /var/www/html/isales/system/API/ResponseTrait.php(134): CodeIgniter\Debug\Exceptions->format(Array)
#3 /var/www/html/isales/system/Debug/Exceptions.php(166): CodeIgniter\Debug\Exceptions->respond(Array, 500)
#4 [internal function]: CodeIgniter\Debug\Exceptions->exceptionHandler(Object(ErrorException))
#5 {main}
  thrown
#0 [internal function]: CodeIgniter\Debug\Exceptions->shutdownHandler()
#1 {main}
CRITICAL - 2021-03-18 14:17:01 --> Division by zero
#0 /var/www/html/isales/app/Controllers/Reporting/ReportingController.php(1006): CodeIgniter\Debug\Exceptions->errorHandler(2, 'Division by zer...', '/var/www/html/i...', 1006, Array)
#1 /var/www/html/isales/system/CodeIgniter.php(914): App\Controllers\Reporting\ReportingController->exportApr()
#2 /var/www/html/isales/system/CodeIgniter.php(400): CodeIgniter\CodeIgniter->runController(Object(App\Controllers\Reporting\ReportingController))
#3 /var/www/html/isales/system/CodeIgniter.php(308): CodeIgniter\CodeIgniter->handleRequest(NULL, Object(Config\Cache), false)
#4 /var/www/html/isales/index.php(45): CodeIgniter\CodeIgniter->run()
#5 {main}
CRITICAL - 2021-03-18 14:17:01 --> Uncaught CodeIgniter\Format\Exceptions\FormatException: Failed to parse json string, error: "Type is not supported". in /var/www/html/isales/system/Format/Exceptions/FormatException.php:9
Stack trace:
#0 /var/www/html/isales/system/Format/JSONFormatter.php(67): CodeIgniter\Format\Exceptions\FormatException::forInvalidJSON('Type is not sup...')
#1 /var/www/html/isales/system/API/ResponseTrait.php(414): CodeIgniter\Format\JSONFormatter->format(Array)
#2 /var/www/html/isales/system/API/ResponseTrait.php(134): CodeIgniter\Debug\Exceptions->format(Array)
#3 /var/www/html/isales/system/Debug/Exceptions.php(166): CodeIgniter\Debug\Exceptions->respond(Array, 500)
#4 [internal function]: CodeIgniter\Debug\Exceptions->exceptionHandler(Object(ErrorException))
#5 {main}
  thrown
#0 [internal function]: CodeIgniter\Debug\Exceptions->shutdownHandler()
#1 {main}
CRITICAL - 2021-03-18 14:19:40 --> Division by zero
#0 /var/www/html/isales/app/Controllers/Reporting/ReportingController.php(1006): CodeIgniter\Debug\Exceptions->errorHandler(2, 'Division by zer...', '/var/www/html/i...', 1006, Array)
#1 /var/www/html/isales/system/CodeIgniter.php(914): App\Controllers\Reporting\ReportingController->exportApr()
#2 /var/www/html/isales/system/CodeIgniter.php(400): CodeIgniter\CodeIgniter->runController(Object(App\Controllers\Reporting\ReportingController))
#3 /var/www/html/isales/system/CodeIgniter.php(308): CodeIgniter\CodeIgniter->handleRequest(NULL, Object(Config\Cache), false)
#4 /var/www/html/isales/index.php(45): CodeIgniter\CodeIgniter->run()
#5 {main}
CRITICAL - 2021-03-18 14:19:40 --> Uncaught CodeIgniter\Format\Exceptions\FormatException: Failed to parse json string, error: "Type is not supported". in /var/www/html/isales/system/Format/Exceptions/FormatException.php:9
Stack trace:
#0 /var/www/html/isales/system/Format/JSONFormatter.php(67): CodeIgniter\Format\Exceptions\FormatException::forInvalidJSON('Type is not sup...')
#1 /var/www/html/isales/system/API/ResponseTrait.php(414): CodeIgniter\Format\JSONFormatter->format(Array)
#2 /var/www/html/isales/system/API/ResponseTrait.php(134): CodeIgniter\Debug\Exceptions->format(Array)
#3 /var/www/html/isales/system/Debug/Exceptions.php(166): CodeIgniter\Debug\Exceptions->respond(Array, 500)
#4 [internal function]: CodeIgniter\Debug\Exceptions->exceptionHandler(Object(ErrorException))
#5 {main}
  thrown
#0 [internal function]: CodeIgniter\Debug\Exceptions->shutdownHandler()
#1 {main}
CRITICAL - 2021-03-18 14:37:22 --> Division by zero
#0 /var/www/html/isales/app/Controllers/Reporting/ReportingController.php(1006): CodeIgniter\Debug\Exceptions->errorHandler(2, 'Division by zer...', '/var/www/html/i...', 1006, Array)
#1 /var/www/html/isales/system/CodeIgniter.php(914): App\Controllers\Reporting\ReportingController->exportApr()
#2 /var/www/html/isales/system/CodeIgniter.php(400): CodeIgniter\CodeIgniter->runController(Object(App\Controllers\Reporting\ReportingController))
#3 /var/www/html/isales/system/CodeIgniter.php(308): CodeIgniter\CodeIgniter->handleRequest(NULL, Object(Config\Cache), false)
#4 /var/www/html/isales/index.php(45): CodeIgniter\CodeIgniter->run()
#5 {main}
CRITICAL - 2021-03-18 14:37:22 --> Uncaught CodeIgniter\Format\Exceptions\FormatException: Failed to parse json string, error: "Type is not supported". in /var/www/html/isales/system/Format/Exceptions/FormatException.php:9
Stack trace:
#0 /var/www/html/isales/system/Format/JSONFormatter.php(67): CodeIgniter\Format\Exceptions\FormatException::forInvalidJSON('Type is not sup...')
#1 /var/www/html/isales/system/API/ResponseTrait.php(414): CodeIgniter\Format\JSONFormatter->format(Array)
#2 /var/www/html/isales/system/API/ResponseTrait.php(134): CodeIgniter\Debug\Exceptions->format(Array)
#3 /var/www/html/isales/system/Debug/Exceptions.php(166): CodeIgniter\Debug\Exceptions->respond(Array, 500)
#4 [internal function]: CodeIgniter\Debug\Exceptions->exceptionHandler(Object(ErrorException))
#5 {main}
  thrown
#0 [internal function]: CodeIgniter\Debug\Exceptions->shutdownHandler()
#1 {main}
CRITICAL - 2021-03-18 14:38:25 --> Division by zero
#0 /var/www/html/isales/app/Controllers/Reporting/ReportingController.php(1006): CodeIgniter\Debug\Exceptions->errorHandler(2, 'Division by zer...', '/var/www/html/i...', 1006, Array)
#1 /var/www/html/isales/system/CodeIgniter.php(914): App\Controllers\Reporting\ReportingController->exportApr()
#2 /var/www/html/isales/system/CodeIgniter.php(400): CodeIgniter\CodeIgniter->runController(Object(App\Controllers\Reporting\ReportingController))
#3 /var/www/html/isales/system/CodeIgniter.php(308): CodeIgniter\CodeIgniter->handleRequest(NULL, Object(Config\Cache), false)
#4 /var/www/html/isales/index.php(45): CodeIgniter\CodeIgniter->run()
#5 {main}
CRITICAL - 2021-03-18 14:38:25 --> Uncaught CodeIgniter\Format\Exceptions\FormatException: Failed to parse json string, error: "Type is not supported". in /var/www/html/isales/system/Format/Exceptions/FormatException.php:9
Stack trace:
#0 /var/www/html/isales/system/Format/JSONFormatter.php(67): CodeIgniter\Format\Exceptions\FormatException::forInvalidJSON('Type is not sup...')
#1 /var/www/html/isales/system/API/ResponseTrait.php(414): CodeIgniter\Format\JSONFormatter->format(Array)
#2 /var/www/html/isales/system/API/ResponseTrait.php(134): CodeIgniter\Debug\Exceptions->format(Array)
#3 /var/www/html/isales/system/Debug/Exceptions.php(166): CodeIgniter\Debug\Exceptions->respond(Array, 500)
#4 [internal function]: CodeIgniter\Debug\Exceptions->exceptionHandler(Object(ErrorException))
#5 {main}
  thrown
#0 [internal function]: CodeIgniter\Debug\Exceptions->shutdownHandler()
#1 {main}
CRITICAL - 2021-03-18 15:03:32 --> syntax error, unexpected 'if' (T_IF)
#0 /var/www/html/isales/system/Common.php(1087): CodeIgniter\View\View->render('landingpage/cre...', Array, true)
#1 /var/www/html/isales/app/Controllers/LandingPage/LandingPageController.php(85): view('landingpage/cre...', Array)
#2 /var/www/html/isales/system/CodeIgniter.php(914): App\Controllers\LandingPage\LandingPageController->create('cangkirkopi')
#3 /var/www/html/isales/system/CodeIgniter.php(400): CodeIgniter\CodeIgniter->runController(Object(App\Controllers\LandingPage\LandingPageController))
#4 /var/www/html/isales/system/CodeIgniter.php(308): CodeIgniter\CodeIgniter->handleRequest(NULL, Object(Config\Cache), false)
#5 /var/www/html/isales/index.php(45): CodeIgniter\CodeIgniter->run()
#6 {main}
CRITICAL - 2021-03-18 15:09:39 --> Division by zero
#0 /var/www/html/isales/app/Controllers/Reporting/ReportingController.php(1006): CodeIgniter\Debug\Exceptions->errorHandler(2, 'Division by zer...', '/var/www/html/i...', 1006, Array)
#1 /var/www/html/isales/system/CodeIgniter.php(914): App\Controllers\Reporting\ReportingController->exportApr()
#2 /var/www/html/isales/system/CodeIgniter.php(400): CodeIgniter\CodeIgniter->runController(Object(App\Controllers\Reporting\ReportingController))
#3 /var/www/html/isales/system/CodeIgniter.php(308): CodeIgniter\CodeIgniter->handleRequest(NULL, Object(Config\Cache), false)
#4 /var/www/html/isales/index.php(45): CodeIgniter\CodeIgniter->run()
#5 {main}
CRITICAL - 2021-03-18 15:09:39 --> Uncaught CodeIgniter\Format\Exceptions\FormatException: Failed to parse json string, error: "Type is not supported". in /var/www/html/isales/system/Format/Exceptions/FormatException.php:9
Stack trace:
#0 /var/www/html/isales/system/Format/JSONFormatter.php(67): CodeIgniter\Format\Exceptions\FormatException::forInvalidJSON('Type is not sup...')
#1 /var/www/html/isales/system/API/ResponseTrait.php(414): CodeIgniter\Format\JSONFormatter->format(Array)
#2 /var/www/html/isales/system/API/ResponseTrait.php(134): CodeIgniter\Debug\Exceptions->format(Array)
#3 /var/www/html/isales/system/Debug/Exceptions.php(166): CodeIgniter\Debug\Exceptions->respond(Array, 500)
#4 [internal function]: CodeIgniter\Debug\Exceptions->exceptionHandler(Object(ErrorException))
#5 {main}
  thrown
#0 [internal function]: CodeIgniter\Debug\Exceptions->shutdownHandler()
#1 {main}
CRITICAL - 2021-03-18 15:12:34 --> Division by zero
#0 /var/www/html/isales/app/Controllers/Reporting/ReportingController.php(1006): CodeIgniter\Debug\Exceptions->errorHandler(2, 'Division by zer...', '/var/www/html/i...', 1006, Array)
#1 /var/www/html/isales/system/CodeIgniter.php(914): App\Controllers\Reporting\ReportingController->exportApr()
#2 /var/www/html/isales/system/CodeIgniter.php(400): CodeIgniter\CodeIgniter->runController(Object(App\Controllers\Reporting\ReportingController))
#3 /var/www/html/isales/system/CodeIgniter.php(308): CodeIgniter\CodeIgniter->handleRequest(NULL, Object(Config\Cache), false)
#4 /var/www/html/isales/index.php(45): CodeIgniter\CodeIgniter->run()
#5 {main}
CRITICAL - 2021-03-18 15:12:34 --> Uncaught CodeIgniter\Format\Exceptions\FormatException: Failed to parse json string, error: "Type is not supported". in /var/www/html/isales/system/Format/Exceptions/FormatException.php:9
Stack trace:
#0 /var/www/html/isales/system/Format/JSONFormatter.php(67): CodeIgniter\Format\Exceptions\FormatException::forInvalidJSON('Type is not sup...')
#1 /var/www/html/isales/system/API/ResponseTrait.php(414): CodeIgniter\Format\JSONFormatter->format(Array)
#2 /var/www/html/isales/system/API/ResponseTrait.php(134): CodeIgniter\Debug\Exceptions->format(Array)
#3 /var/www/html/isales/system/Debug/Exceptions.php(166): CodeIgniter\Debug\Exceptions->respond(Array, 500)
#4 [internal function]: CodeIgniter\Debug\Exceptions->exceptionHandler(Object(ErrorException))
#5 {main}
  thrown
#0 [internal function]: CodeIgniter\Debug\Exceptions->shutdownHandler()
#1 {main}
CRITICAL - 2021-03-18 15:13:09 --> syntax error, unexpected 'if' (T_IF)
#0 /var/www/html/isales/system/Common.php(1087): CodeIgniter\View\View->render('landingpage/cre...', Array, true)
#1 /var/www/html/isales/app/Controllers/LandingPage/LandingPageController.php(85): view('landingpage/cre...', Array)
#2 /var/www/html/isales/system/CodeIgniter.php(914): App\Controllers\LandingPage\LandingPageController->create('cangkirkopi')
#3 /var/www/html/isales/system/CodeIgniter.php(400): CodeIgniter\CodeIgniter->runController(Object(App\Controllers\LandingPage\LandingPageController))
#4 /var/www/html/isales/system/CodeIgniter.php(308): CodeIgniter\CodeIgniter->handleRequest(NULL, Object(Config\Cache), false)
#5 /var/www/html/isales/index.php(45): CodeIgniter\CodeIgniter->run()
#6 {main}
CRITICAL - 2021-03-18 15:15:36 --> Call to undefined function url()
#0 /var/www/html/isales/system/View/View.php(246): include()
#1 /var/www/html/isales/system/Common.php(1087): CodeIgniter\View\View->render('landingpage/cre...', Array, true)
#2 /var/www/html/isales/app/Controllers/LandingPage/LandingPageController.php(85): view('landingpage/cre...', Array)
#3 /var/www/html/isales/system/CodeIgniter.php(914): App\Controllers\LandingPage\LandingPageController->create('cangkirkopi')
#4 /var/www/html/isales/system/CodeIgniter.php(400): CodeIgniter\CodeIgniter->runController(Object(App\Controllers\LandingPage\LandingPageController))
#5 /var/www/html/isales/system/CodeIgniter.php(308): CodeIgniter\CodeIgniter->handleRequest(NULL, Object(Config\Cache), false)
#6 /var/www/html/isales/index.php(45): CodeIgniter\CodeIgniter->run()
#7 {main}
CRITICAL - 2021-03-18 15:18:15 --> Division by zero
#0 /var/www/html/isales/app/Controllers/Reporting/ReportingController.php(1006): CodeIgniter\Debug\Exceptions->errorHandler(2, 'Division by zer...', '/var/www/html/i...', 1006, Array)
#1 /var/www/html/isales/system/CodeIgniter.php(914): App\Controllers\Reporting\ReportingController->exportApr()
#2 /var/www/html/isales/system/CodeIgniter.php(400): CodeIgniter\CodeIgniter->runController(Object(App\Controllers\Reporting\ReportingController))
#3 /var/www/html/isales/system/CodeIgniter.php(308): CodeIgniter\CodeIgniter->handleRequest(NULL, Object(Config\Cache), false)
#4 /var/www/html/isales/index.php(45): CodeIgniter\CodeIgniter->run()
#5 {main}
CRITICAL - 2021-03-18 15:18:15 --> Uncaught CodeIgniter\Format\Exceptions\FormatException: Failed to parse json string, error: "Type is not supported". in /var/www/html/isales/system/Format/Exceptions/FormatException.php:9
Stack trace:
#0 /var/www/html/isales/system/Format/JSONFormatter.php(67): CodeIgniter\Format\Exceptions\FormatException::forInvalidJSON('Type is not sup...')
#1 /var/www/html/isales/system/API/ResponseTrait.php(414): CodeIgniter\Format\JSONFormatter->format(Array)
#2 /var/www/html/isales/system/API/ResponseTrait.php(134): CodeIgniter\Debug\Exceptions->format(Array)
#3 /var/www/html/isales/system/Debug/Exceptions.php(166): CodeIgniter\Debug\Exceptions->respond(Array, 500)
#4 [internal function]: CodeIgniter\Debug\Exceptions->exceptionHandler(Object(ErrorException))
#5 {main}
  thrown
#0 [internal function]: CodeIgniter\Debug\Exceptions->shutdownHandler()
#1 {main}
CRITICAL - 2021-03-18 15:18:32 --> Division by zero
#0 /var/www/html/isales/app/Controllers/Reporting/ReportingController.php(1006): CodeIgniter\Debug\Exceptions->errorHandler(2, 'Division by zer...', '/var/www/html/i...', 1006, Array)
#1 /var/www/html/isales/system/CodeIgniter.php(914): App\Controllers\Reporting\ReportingController->exportApr()
#2 /var/www/html/isales/system/CodeIgniter.php(400): CodeIgniter\CodeIgniter->runController(Object(App\Controllers\Reporting\ReportingController))
#3 /var/www/html/isales/system/CodeIgniter.php(308): CodeIgniter\CodeIgniter->handleRequest(NULL, Object(Config\Cache), false)
#4 /var/www/html/isales/index.php(45): CodeIgniter\CodeIgniter->run()
#5 {main}
CRITICAL - 2021-03-18 15:18:32 --> Uncaught CodeIgniter\Format\Exceptions\FormatException: Failed to parse json string, error: "Type is not supported". in /var/www/html/isales/system/Format/Exceptions/FormatException.php:9
Stack trace:
#0 /var/www/html/isales/system/Format/JSONFormatter.php(67): CodeIgniter\Format\Exceptions\FormatException::forInvalidJSON('Type is not sup...')
#1 /var/www/html/isales/system/API/ResponseTrait.php(414): CodeIgniter\Format\JSONFormatter->format(Array)
#2 /var/www/html/isales/system/API/ResponseTrait.php(134): CodeIgniter\Debug\Exceptions->format(Array)
#3 /var/www/html/isales/system/Debug/Exceptions.php(166): CodeIgniter\Debug\Exceptions->respond(Array, 500)
#4 [internal function]: CodeIgniter\Debug\Exceptions->exceptionHandler(Object(ErrorException))
#5 {main}
  thrown
#0 [internal function]: CodeIgniter\Debug\Exceptions->shutdownHandler()
#1 {main}
CRITICAL - 2021-03-18 15:27:24 --> Division by zero
#0 /var/www/html/isales/app/Controllers/Reporting/ReportingController.php(1006): CodeIgniter\Debug\Exceptions->errorHandler(2, 'Division by zer...', '/var/www/html/i...', 1006, Array)
#1 /var/www/html/isales/system/CodeIgniter.php(914): App\Controllers\Reporting\ReportingController->exportApr()
#2 /var/www/html/isales/system/CodeIgniter.php(400): CodeIgniter\CodeIgniter->runController(Object(App\Controllers\Reporting\ReportingController))
#3 /var/www/html/isales/system/CodeIgniter.php(308): CodeIgniter\CodeIgniter->handleRequest(NULL, Object(Config\Cache), false)
#4 /var/www/html/isales/index.php(45): CodeIgniter\CodeIgniter->run()
#5 {main}
CRITICAL - 2021-03-18 15:27:24 --> Uncaught CodeIgniter\Format\Exceptions\FormatException: Failed to parse json string, error: "Type is not supported". in /var/www/html/isales/system/Format/Exceptions/FormatException.php:9
Stack trace:
#0 /var/www/html/isales/system/Format/JSONFormatter.php(67): CodeIgniter\Format\Exceptions\FormatException::forInvalidJSON('Type is not sup...')
#1 /var/www/html/isales/system/API/ResponseTrait.php(414): CodeIgniter\Format\JSONFormatter->format(Array)
#2 /var/www/html/isales/system/API/ResponseTrait.php(134): CodeIgniter\Debug\Exceptions->format(Array)
#3 /var/www/html/isales/system/Debug/Exceptions.php(166): CodeIgniter\Debug\Exceptions->respond(Array, 500)
#4 [internal function]: CodeIgniter\Debug\Exceptions->exceptionHandler(Object(ErrorException))
#5 {main}
  thrown
#0 [internal function]: CodeIgniter\Debug\Exceptions->shutdownHandler()
#1 {main}
CRITICAL - 2021-03-18 15:29:45 --> syntax error, unexpected 'if' (T_IF)
#0 /var/www/html/isales/system/Common.php(1087): CodeIgniter\View\View->render('landingpage/cre...', Array, true)
#1 /var/www/html/isales/app/Controllers/LandingPage/LandingPageController.php(85): view('landingpage/cre...', Array)
#2 /var/www/html/isales/system/CodeIgniter.php(914): App\Controllers\LandingPage\LandingPageController->create('cangkirkopi')
#3 /var/www/html/isales/system/CodeIgniter.php(400): CodeIgniter\CodeIgniter->runController(Object(App\Controllers\LandingPage\LandingPageController))
#4 /var/www/html/isales/system/CodeIgniter.php(308): CodeIgniter\CodeIgniter->handleRequest(NULL, Object(Config\Cache), false)
#5 /var/www/html/isales/index.php(45): CodeIgniter\CodeIgniter->run()
#6 {main}
CRITICAL - 2021-03-18 15:30:08 --> syntax error, unexpected '}'
#0 /var/www/html/isales/system/Common.php(1087): CodeIgniter\View\View->render('landingpage/cre...', Array, true)
#1 /var/www/html/isales/app/Controllers/LandingPage/LandingPageController.php(85): view('landingpage/cre...', Array)
#2 /var/www/html/isales/system/CodeIgniter.php(914): App\Controllers\LandingPage\LandingPageController->create('cangkirkopi')
#3 /var/www/html/isales/system/CodeIgniter.php(400): CodeIgniter\CodeIgniter->runController(Object(App\Controllers\LandingPage\LandingPageController))
#4 /var/www/html/isales/system/CodeIgniter.php(308): CodeIgniter\CodeIgniter->handleRequest(NULL, Object(Config\Cache), false)
#5 /var/www/html/isales/index.php(45): CodeIgniter\CodeIgniter->run()
#6 {main}
CRITICAL - 2021-03-18 15:30:44 --> syntax error, unexpected '}'
#0 /var/www/html/isales/system/Common.php(1087): CodeIgniter\View\View->render('landingpage/cre...', Array, true)
#1 /var/www/html/isales/app/Controllers/LandingPage/LandingPageController.php(85): view('landingpage/cre...', Array)
#2 /var/www/html/isales/system/CodeIgniter.php(914): App\Controllers\LandingPage\LandingPageController->create('cangkirkopi')
#3 /var/www/html/isales/system/CodeIgniter.php(400): CodeIgniter\CodeIgniter->runController(Object(App\Controllers\LandingPage\LandingPageController))
#4 /var/www/html/isales/system/CodeIgniter.php(308): CodeIgniter\CodeIgniter->handleRequest(NULL, Object(Config\Cache), false)
#5 /var/www/html/isales/index.php(45): CodeIgniter\CodeIgniter->run()
#6 {main}
CRITICAL - 2021-03-18 15:32:15 --> Division by zero
#0 /var/www/html/isales/app/Controllers/Reporting/ReportingController.php(1006): CodeIgniter\Debug\Exceptions->errorHandler(2, 'Division by zer...', '/var/www/html/i...', 1006, Array)
#1 /var/www/html/isales/system/CodeIgniter.php(914): App\Controllers\Reporting\ReportingController->exportApr()
#2 /var/www/html/isales/system/CodeIgniter.php(400): CodeIgniter\CodeIgniter->runController(Object(App\Controllers\Reporting\ReportingController))
#3 /var/www/html/isales/system/CodeIgniter.php(308): CodeIgniter\CodeIgniter->handleRequest(NULL, Object(Config\Cache), false)
#4 /var/www/html/isales/index.php(45): CodeIgniter\CodeIgniter->run()
#5 {main}
CRITICAL - 2021-03-18 15:32:15 --> Uncaught CodeIgniter\Format\Exceptions\FormatException: Failed to parse json string, error: "Type is not supported". in /var/www/html/isales/system/Format/Exceptions/FormatException.php:9
Stack trace:
#0 /var/www/html/isales/system/Format/JSONFormatter.php(67): CodeIgniter\Format\Exceptions\FormatException::forInvalidJSON('Type is not sup...')
#1 /var/www/html/isales/system/API/ResponseTrait.php(414): CodeIgniter\Format\JSONFormatter->format(Array)
#2 /var/www/html/isales/system/API/ResponseTrait.php(134): CodeIgniter\Debug\Exceptions->format(Array)
#3 /var/www/html/isales/system/Debug/Exceptions.php(166): CodeIgniter\Debug\Exceptions->respond(Array, 500)
#4 [internal function]: CodeIgniter\Debug\Exceptions->exceptionHandler(Object(ErrorException))
#5 {main}
  thrown
#0 [internal function]: CodeIgniter\Debug\Exceptions->shutdownHandler()
#1 {main}
CRITICAL - 2021-03-18 15:33:05 --> syntax error, unexpected '}'
#0 /var/www/html/isales/system/Common.php(1087): CodeIgniter\View\View->render('landingpage/cre...', Array, true)
#1 /var/www/html/isales/app/Controllers/LandingPage/LandingPageController.php(85): view('landingpage/cre...', Array)
#2 /var/www/html/isales/system/CodeIgniter.php(914): App\Controllers\LandingPage\LandingPageController->create('cangkirkopi')
#3 /var/www/html/isales/system/CodeIgniter.php(400): CodeIgniter\CodeIgniter->runController(Object(App\Controllers\LandingPage\LandingPageController))
#4 /var/www/html/isales/system/CodeIgniter.php(308): CodeIgniter\CodeIgniter->handleRequest(NULL, Object(Config\Cache), false)
#5 /var/www/html/isales/index.php(45): CodeIgniter\CodeIgniter->run()
#6 {main}
CRITICAL - 2021-03-18 15:36:40 --> Division by zero
#0 /var/www/html/isales/app/Controllers/Reporting/ReportingController.php(1007): CodeIgniter\Debug\Exceptions->errorHandler(2, 'Division by zer...', '/var/www/html/i...', 1007, Array)
#1 /var/www/html/isales/system/CodeIgniter.php(914): App\Controllers\Reporting\ReportingController->exportApr()
#2 /var/www/html/isales/system/CodeIgniter.php(400): CodeIgniter\CodeIgniter->runController(Object(App\Controllers\Reporting\ReportingController))
#3 /var/www/html/isales/system/CodeIgniter.php(308): CodeIgniter\CodeIgniter->handleRequest(NULL, Object(Config\Cache), false)
#4 /var/www/html/isales/index.php(45): CodeIgniter\CodeIgniter->run()
#5 {main}
CRITICAL - 2021-03-18 15:36:40 --> Uncaught CodeIgniter\Format\Exceptions\FormatException: Failed to parse json string, error: "Type is not supported". in /var/www/html/isales/system/Format/Exceptions/FormatException.php:9
Stack trace:
#0 /var/www/html/isales/system/Format/JSONFormatter.php(67): CodeIgniter\Format\Exceptions\FormatException::forInvalidJSON('Type is not sup...')
#1 /var/www/html/isales/system/API/ResponseTrait.php(414): CodeIgniter\Format\JSONFormatter->format(Array)
#2 /var/www/html/isales/system/API/ResponseTrait.php(134): CodeIgniter\Debug\Exceptions->format(Array)
#3 /var/www/html/isales/system/Debug/Exceptions.php(166): CodeIgniter\Debug\Exceptions->respond(Array, 500)
#4 [internal function]: CodeIgniter\Debug\Exceptions->exceptionHandler(Object(ErrorException))
#5 {main}
  thrown
#0 [internal function]: CodeIgniter\Debug\Exceptions->shutdownHandler()
#1 {main}
CRITICAL - 2021-03-18 15:37:17 --> syntax error, unexpected '}', expecting end of file
#0 /var/www/html/isales/system/Common.php(1087): CodeIgniter\View\View->render('landingpage/cre...', Array, true)
#1 /var/www/html/isales/app/Controllers/LandingPage/LandingPageController.php(85): view('landingpage/cre...', Array)
#2 /var/www/html/isales/system/CodeIgniter.php(914): App\Controllers\LandingPage\LandingPageController->create('cangkirkopi')
#3 /var/www/html/isales/system/CodeIgniter.php(400): CodeIgniter\CodeIgniter->runController(Object(App\Controllers\LandingPage\LandingPageController))
#4 /var/www/html/isales/system/CodeIgniter.php(308): CodeIgniter\CodeIgniter->handleRequest(NULL, Object(Config\Cache), false)
#5 /var/www/html/isales/index.php(45): CodeIgniter\CodeIgniter->run()
#6 {main}
CRITICAL - 2021-03-18 15:37:42 --> syntax error, unexpected '}', expecting end of file
#0 /var/www/html/isales/system/Common.php(1087): CodeIgniter\View\View->render('landingpage/cre...', Array, true)
#1 /var/www/html/isales/app/Controllers/LandingPage/LandingPageController.php(85): view('landingpage/cre...', Array)
#2 /var/www/html/isales/system/CodeIgniter.php(914): App\Controllers\LandingPage\LandingPageController->create('cangkirkopi')
#3 /var/www/html/isales/system/CodeIgniter.php(400): CodeIgniter\CodeIgniter->runController(Object(App\Controllers\LandingPage\LandingPageController))
#4 /var/www/html/isales/system/CodeIgniter.php(308): CodeIgniter\CodeIgniter->handleRequest(NULL, Object(Config\Cache), false)
#5 /var/www/html/isales/index.php(45): CodeIgniter\CodeIgniter->run()
#6 {main}
CRITICAL - 2021-03-18 15:42:32 --> syntax error, unexpected ')'
#0 /var/www/html/isales/system/Autoloader/Autoloader.php(296): CodeIgniter\Autoloader\Autoloader->requireFile('/var/www/html/i...')
#1 /var/www/html/isales/system/Autoloader/Autoloader.php(258): CodeIgniter\Autoloader\Autoloader->loadInNamespace('App\\Controllers...')
#2 [internal function]: CodeIgniter\Autoloader\Autoloader->loadClass('App\\Controllers...')
#3 [internal function]: spl_autoload_call('App\\Controllers...')
#4 /var/www/html/isales/system/CodeIgniter.php(865): class_exists('\\App\\Controller...', true)
#5 /var/www/html/isales/system/CodeIgniter.php(390): CodeIgniter\CodeIgniter->startController()
#6 /var/www/html/isales/system/CodeIgniter.php(308): CodeIgniter\CodeIgniter->handleRequest(NULL, Object(Config\Cache), false)
#7 /var/www/html/isales/index.php(45): CodeIgniter\CodeIgniter->run()
#8 {main}
CRITICAL - 2021-03-18 15:42:58 --> syntax error, unexpected ')'
#0 /var/www/html/isales/system/Autoloader/Autoloader.php(296): CodeIgniter\Autoloader\Autoloader->requireFile('/var/www/html/i...')
#1 /var/www/html/isales/system/Autoloader/Autoloader.php(258): CodeIgniter\Autoloader\Autoloader->loadInNamespace('App\\Controllers...')
#2 [internal function]: CodeIgniter\Autoloader\Autoloader->loadClass('App\\Controllers...')
#3 [internal function]: spl_autoload_call('App\\Controllers...')
#4 /var/www/html/isales/system/CodeIgniter.php(865): class_exists('\\App\\Controller...', true)
#5 /var/www/html/isales/system/CodeIgniter.php(390): CodeIgniter\CodeIgniter->startController()
#6 /var/www/html/isales/system/CodeIgniter.php(308): CodeIgniter\CodeIgniter->handleRequest(NULL, Object(Config\Cache), false)
#7 /var/www/html/isales/index.php(45): CodeIgniter\CodeIgniter->run()
#8 {main}
CRITICAL - 2021-03-18 15:43:50 --> syntax error, unexpected ')'
#0 /var/www/html/isales/system/Autoloader/Autoloader.php(296): CodeIgniter\Autoloader\Autoloader->requireFile('/var/www/html/i...')
#1 /var/www/html/isales/system/Autoloader/Autoloader.php(258): CodeIgniter\Autoloader\Autoloader->loadInNamespace('App\\Controllers...')
#2 [internal function]: CodeIgniter\Autoloader\Autoloader->loadClass('App\\Controllers...')
#3 [internal function]: spl_autoload_call('App\\Controllers...')
#4 /var/www/html/isales/system/CodeIgniter.php(865): class_exists('\\App\\Controller...', true)
#5 /var/www/html/isales/system/CodeIgniter.php(390): CodeIgniter\CodeIgniter->startController()
#6 /var/www/html/isales/system/CodeIgniter.php(308): CodeIgniter\CodeIgniter->handleRequest(NULL, Object(Config\Cache), false)
#7 /var/www/html/isales/index.php(45): CodeIgniter\CodeIgniter->run()
#8 {main}
CRITICAL - 2021-03-18 15:44:30 --> Division by zero
#0 /var/www/html/isales/app/Controllers/Reporting/ReportingController.php(1007): CodeIgniter\Debug\Exceptions->errorHandler(2, 'Division by zer...', '/var/www/html/i...', 1007, Array)
#1 /var/www/html/isales/system/CodeIgniter.php(914): App\Controllers\Reporting\ReportingController->exportApr()
#2 /var/www/html/isales/system/CodeIgniter.php(400): CodeIgniter\CodeIgniter->runController(Object(App\Controllers\Reporting\ReportingController))
#3 /var/www/html/isales/system/CodeIgniter.php(308): CodeIgniter\CodeIgniter->handleRequest(NULL, Object(Config\Cache), false)
#4 /var/www/html/isales/index.php(45): CodeIgniter\CodeIgniter->run()
#5 {main}
CRITICAL - 2021-03-18 15:44:30 --> Uncaught CodeIgniter\Format\Exceptions\FormatException: Failed to parse json string, error: "Type is not supported". in /var/www/html/isales/system/Format/Exceptions/FormatException.php:9
Stack trace:
#0 /var/www/html/isales/system/Format/JSONFormatter.php(67): CodeIgniter\Format\Exceptions\FormatException::forInvalidJSON('Type is not sup...')
#1 /var/www/html/isales/system/API/ResponseTrait.php(414): CodeIgniter\Format\JSONFormatter->format(Array)
#2 /var/www/html/isales/system/API/ResponseTrait.php(134): CodeIgniter\Debug\Exceptions->format(Array)
#3 /var/www/html/isales/system/Debug/Exceptions.php(166): CodeIgniter\Debug\Exceptions->respond(Array, 500)
#4 [internal function]: CodeIgniter\Debug\Exceptions->exceptionHandler(Object(ErrorException))
#5 {main}
  thrown
#0 [internal function]: CodeIgniter\Debug\Exceptions->shutdownHandler()
#1 {main}
CRITICAL - 2021-03-18 15:45:29 --> Division by zero
#0 /var/www/html/isales/app/Controllers/Reporting/ReportingController.php(1007): CodeIgniter\Debug\Exceptions->errorHandler(2, 'Division by zer...', '/var/www/html/i...', 1007, Array)
#1 /var/www/html/isales/system/CodeIgniter.php(914): App\Controllers\Reporting\ReportingController->exportApr()
#2 /var/www/html/isales/system/CodeIgniter.php(400): CodeIgniter\CodeIgniter->runController(Object(App\Controllers\Reporting\ReportingController))
#3 /var/www/html/isales/system/CodeIgniter.php(308): CodeIgniter\CodeIgniter->handleRequest(NULL, Object(Config\Cache), false)
#4 /var/www/html/isales/index.php(45): CodeIgniter\CodeIgniter->run()
#5 {main}
CRITICAL - 2021-03-18 15:45:29 --> Uncaught CodeIgniter\Format\Exceptions\FormatException: Failed to parse json string, error: "Type is not supported". in /var/www/html/isales/system/Format/Exceptions/FormatException.php:9
Stack trace:
#0 /var/www/html/isales/system/Format/JSONFormatter.php(67): CodeIgniter\Format\Exceptions\FormatException::forInvalidJSON('Type is not sup...')
#1 /var/www/html/isales/system/API/ResponseTrait.php(414): CodeIgniter\Format\JSONFormatter->format(Array)
#2 /var/www/html/isales/system/API/ResponseTrait.php(134): CodeIgniter\Debug\Exceptions->format(Array)
#3 /var/www/html/isales/system/Debug/Exceptions.php(166): CodeIgniter\Debug\Exceptions->respond(Array, 500)
#4 [internal function]: CodeIgniter\Debug\Exceptions->exceptionHandler(Object(ErrorException))
#5 {main}
  thrown
#0 [internal function]: CodeIgniter\Debug\Exceptions->shutdownHandler()
#1 {main}
CRITICAL - 2021-03-18 15:52:28 --> syntax error, unexpected ';'
#0 /var/www/html/isales/system/Autoloader/Autoloader.php(296): CodeIgniter\Autoloader\Autoloader->requireFile('/var/www/html/i...')
#1 /var/www/html/isales/system/Autoloader/Autoloader.php(258): CodeIgniter\Autoloader\Autoloader->loadInNamespace('App\\Controllers...')
#2 [internal function]: CodeIgniter\Autoloader\Autoloader->loadClass('App\\Controllers...')
#3 [internal function]: spl_autoload_call('App\\Controllers...')
#4 /var/www/html/isales/system/CodeIgniter.php(865): class_exists('\\App\\Controller...', true)
#5 /var/www/html/isales/system/CodeIgniter.php(390): CodeIgniter\CodeIgniter->startController()
#6 /var/www/html/isales/system/CodeIgniter.php(308): CodeIgniter\CodeIgniter->handleRequest(NULL, Object(Config\Cache), false)
#7 /var/www/html/isales/index.php(45): CodeIgniter\CodeIgniter->run()
#8 {main}
CRITICAL - 2021-03-18 15:52:41 --> syntax error, unexpected ';'
#0 /var/www/html/isales/system/Autoloader/Autoloader.php(296): CodeIgniter\Autoloader\Autoloader->requireFile('/var/www/html/i...')
#1 /var/www/html/isales/system/Autoloader/Autoloader.php(258): CodeIgniter\Autoloader\Autoloader->loadInNamespace('App\\Controllers...')
#2 [internal function]: CodeIgniter\Autoloader\Autoloader->loadClass('App\\Controllers...')
#3 [internal function]: spl_autoload_call('App\\Controllers...')
#4 /var/www/html/isales/system/CodeIgniter.php(865): class_exists('\\App\\Controller...', true)
#5 /var/www/html/isales/system/CodeIgniter.php(390): CodeIgniter\CodeIgniter->startController()
#6 /var/www/html/isales/system/CodeIgniter.php(308): CodeIgniter\CodeIgniter->handleRequest(NULL, Object(Config\Cache), false)
#7 /var/www/html/isales/index.php(45): CodeIgniter\CodeIgniter->run()
#8 {main}
CRITICAL - 2021-03-18 15:54:29 --> syntax error, unexpected ';'
#0 /var/www/html/isales/system/Autoloader/Autoloader.php(296): CodeIgniter\Autoloader\Autoloader->requireFile('/var/www/html/i...')
#1 /var/www/html/isales/system/Autoloader/Autoloader.php(258): CodeIgniter\Autoloader\Autoloader->loadInNamespace('App\\Controllers...')
#2 [internal function]: CodeIgniter\Autoloader\Autoloader->loadClass('App\\Controllers...')
#3 [internal function]: spl_autoload_call('App\\Controllers...')
#4 /var/www/html/isales/system/CodeIgniter.php(865): class_exists('\\App\\Controller...', true)
#5 /var/www/html/isales/system/CodeIgniter.php(390): CodeIgniter\CodeIgniter->startController()
#6 /var/www/html/isales/system/CodeIgniter.php(308): CodeIgniter\CodeIgniter->handleRequest(NULL, Object(Config\Cache), false)
#7 /var/www/html/isales/index.php(45): CodeIgniter\CodeIgniter->run()
#8 {main}
CRITICAL - 2021-03-18 15:55:40 --> Division by zero
#0 /var/www/html/isales/app/Controllers/Reporting/ReportingController.php(1007): CodeIgniter\Debug\Exceptions->errorHandler(2, 'Division by zer...', '/var/www/html/i...', 1007, Array)
#1 /var/www/html/isales/system/CodeIgniter.php(914): App\Controllers\Reporting\ReportingController->exportApr()
#2 /var/www/html/isales/system/CodeIgniter.php(400): CodeIgniter\CodeIgniter->runController(Object(App\Controllers\Reporting\ReportingController))
#3 /var/www/html/isales/system/CodeIgniter.php(308): CodeIgniter\CodeIgniter->handleRequest(NULL, Object(Config\Cache), false)
#4 /var/www/html/isales/index.php(45): CodeIgniter\CodeIgniter->run()
#5 {main}
CRITICAL - 2021-03-18 15:55:40 --> Uncaught CodeIgniter\Format\Exceptions\FormatException: Failed to parse json string, error: "Type is not supported". in /var/www/html/isales/system/Format/Exceptions/FormatException.php:9
Stack trace:
#0 /var/www/html/isales/system/Format/JSONFormatter.php(67): CodeIgniter\Format\Exceptions\FormatException::forInvalidJSON('Type is not sup...')
#1 /var/www/html/isales/system/API/ResponseTrait.php(414): CodeIgniter\Format\JSONFormatter->format(Array)
#2 /var/www/html/isales/system/API/ResponseTrait.php(134): CodeIgniter\Debug\Exceptions->format(Array)
#3 /var/www/html/isales/system/Debug/Exceptions.php(166): CodeIgniter\Debug\Exceptions->respond(Array, 500)
#4 [internal function]: CodeIgniter\Debug\Exceptions->exceptionHandler(Object(ErrorException))
#5 {main}
  thrown
#0 [internal function]: CodeIgniter\Debug\Exceptions->shutdownHandler()
#1 {main}
CRITICAL - 2021-03-18 15:56:11 --> Division by zero
#0 /var/www/html/isales/app/Controllers/Reporting/ReportingController.php(1007): CodeIgniter\Debug\Exceptions->errorHandler(2, 'Division by zer...', '/var/www/html/i...', 1007, Array)
#1 /var/www/html/isales/system/CodeIgniter.php(914): App\Controllers\Reporting\ReportingController->exportApr()
#2 /var/www/html/isales/system/CodeIgniter.php(400): CodeIgniter\CodeIgniter->runController(Object(App\Controllers\Reporting\ReportingController))
#3 /var/www/html/isales/system/CodeIgniter.php(308): CodeIgniter\CodeIgniter->handleRequest(NULL, Object(Config\Cache), false)
#4 /var/www/html/isales/index.php(45): CodeIgniter\CodeIgniter->run()
#5 {main}
CRITICAL - 2021-03-18 15:56:11 --> Uncaught CodeIgniter\Format\Exceptions\FormatException: Failed to parse json string, error: "Type is not supported". in /var/www/html/isales/system/Format/Exceptions/FormatException.php:9
Stack trace:
#0 /var/www/html/isales/system/Format/JSONFormatter.php(67): CodeIgniter\Format\Exceptions\FormatException::forInvalidJSON('Type is not sup...')
#1 /var/www/html/isales/system/API/ResponseTrait.php(414): CodeIgniter\Format\JSONFormatter->format(Array)
#2 /var/www/html/isales/system/API/ResponseTrait.php(134): CodeIgniter\Debug\Exceptions->format(Array)
#3 /var/www/html/isales/system/Debug/Exceptions.php(166): CodeIgniter\Debug\Exceptions->respond(Array, 500)
#4 [internal function]: CodeIgniter\Debug\Exceptions->exceptionHandler(Object(ErrorException))
#5 {main}
  thrown
#0 [internal function]: CodeIgniter\Debug\Exceptions->shutdownHandler()
#1 {main}
CRITICAL - 2021-03-18 15:57:47 --> Division by zero
#0 /var/www/html/isales/app/Controllers/Reporting/ReportingController.php(1007): CodeIgniter\Debug\Exceptions->errorHandler(2, 'Division by zer...', '/var/www/html/i...', 1007, Array)
#1 /var/www/html/isales/system/CodeIgniter.php(914): App\Controllers\Reporting\ReportingController->exportApr()
#2 /var/www/html/isales/system/CodeIgniter.php(400): CodeIgniter\CodeIgniter->runController(Object(App\Controllers\Reporting\ReportingController))
#3 /var/www/html/isales/system/CodeIgniter.php(308): CodeIgniter\CodeIgniter->handleRequest(NULL, Object(Config\Cache), false)
#4 /var/www/html/isales/index.php(45): CodeIgniter\CodeIgniter->run()
#5 {main}
CRITICAL - 2021-03-18 15:57:47 --> Uncaught CodeIgniter\Format\Exceptions\FormatException: Failed to parse json string, error: "Type is not supported". in /var/www/html/isales/system/Format/Exceptions/FormatException.php:9
Stack trace:
#0 /var/www/html/isales/system/Format/JSONFormatter.php(67): CodeIgniter\Format\Exceptions\FormatException::forInvalidJSON('Type is not sup...')
#1 /var/www/html/isales/system/API/ResponseTrait.php(414): CodeIgniter\Format\JSONFormatter->format(Array)
#2 /var/www/html/isales/system/API/ResponseTrait.php(134): CodeIgniter\Debug\Exceptions->format(Array)
#3 /var/www/html/isales/system/Debug/Exceptions.php(166): CodeIgniter\Debug\Exceptions->respond(Array, 500)
#4 [internal function]: CodeIgniter\Debug\Exceptions->exceptionHandler(Object(ErrorException))
#5 {main}
  thrown
#0 [internal function]: CodeIgniter\Debug\Exceptions->shutdownHandler()
#1 {main}
CRITICAL - 2021-03-18 15:58:27 --> Division by zero
#0 /var/www/html/isales/app/Controllers/Reporting/ReportingController.php(1007): CodeIgniter\Debug\Exceptions->errorHandler(2, 'Division by zer...', '/var/www/html/i...', 1007, Array)
#1 /var/www/html/isales/system/CodeIgniter.php(914): App\Controllers\Reporting\ReportingController->exportApr()
#2 /var/www/html/isales/system/CodeIgniter.php(400): CodeIgniter\CodeIgniter->runController(Object(App\Controllers\Reporting\ReportingController))
#3 /var/www/html/isales/system/CodeIgniter.php(308): CodeIgniter\CodeIgniter->handleRequest(NULL, Object(Config\Cache), false)
#4 /var/www/html/isales/index.php(45): CodeIgniter\CodeIgniter->run()
#5 {main}
CRITICAL - 2021-03-18 15:58:27 --> Uncaught CodeIgniter\Format\Exceptions\FormatException: Failed to parse json string, error: "Type is not supported". in /var/www/html/isales/system/Format/Exceptions/FormatException.php:9
Stack trace:
#0 /var/www/html/isales/system/Format/JSONFormatter.php(67): CodeIgniter\Format\Exceptions\FormatException::forInvalidJSON('Type is not sup...')
#1 /var/www/html/isales/system/API/ResponseTrait.php(414): CodeIgniter\Format\JSONFormatter->format(Array)
#2 /var/www/html/isales/system/API/ResponseTrait.php(134): CodeIgniter\Debug\Exceptions->format(Array)
#3 /var/www/html/isales/system/Debug/Exceptions.php(166): CodeIgniter\Debug\Exceptions->respond(Array, 500)
#4 [internal function]: CodeIgniter\Debug\Exceptions->exceptionHandler(Object(ErrorException))
#5 {main}
  thrown
#0 [internal function]: CodeIgniter\Debug\Exceptions->shutdownHandler()
#1 {main}
CRITICAL - 2021-03-18 16:00:12 --> Undefined variable: voucer
#0 /var/www/html/isales/app/Views/landingpage/create.php(33): CodeIgniter\Debug\Exceptions->errorHandler(8, 'Undefined varia...', '/var/www/html/i...', 33, Array)
#1 /var/www/html/isales/system/View/View.php(246): include('/var/www/html/i...')
#2 /var/www/html/isales/system/Common.php(1087): CodeIgniter\View\View->render('landingpage/cre...', Array, true)
#3 /var/www/html/isales/app/Controllers/LandingPage/LandingPageController.php(86): view('landingpage/cre...', Array)
#4 /var/www/html/isales/system/CodeIgniter.php(914): App\Controllers\LandingPage\LandingPageController->create('cangkirkopi')
#5 /var/www/html/isales/system/CodeIgniter.php(400): CodeIgniter\CodeIgniter->runController(Object(App\Controllers\LandingPage\LandingPageController))
#6 /var/www/html/isales/system/CodeIgniter.php(308): CodeIgniter\CodeIgniter->handleRequest(NULL, Object(Config\Cache), false)
#7 /var/www/html/isales/index.php(45): CodeIgniter\CodeIgniter->run()
#8 {main}
CRITICAL - 2021-03-18 16:04:25 --> Undefined variable: voucher
#0 /var/www/html/isales/app/Views/landingpage/create.php(33): CodeIgniter\Debug\Exceptions->errorHandler(8, 'Undefined varia...', '/var/www/html/i...', 33, Array)
#1 /var/www/html/isales/system/View/View.php(246): include('/var/www/html/i...')
#2 /var/www/html/isales/system/Common.php(1087): CodeIgniter\View\View->render('landingpage/cre...', Array, true)
#3 /var/www/html/isales/app/Controllers/LandingPage/LandingPageController.php(86): view('landingpage/cre...', Array)
#4 /var/www/html/isales/system/CodeIgniter.php(914): App\Controllers\LandingPage\LandingPageController->create('belanjaonline')
#5 /var/www/html/isales/system/CodeIgniter.php(400): CodeIgniter\CodeIgniter->runController(Object(App\Controllers\LandingPage\LandingPageController))
#6 /var/www/html/isales/system/CodeIgniter.php(308): CodeIgniter\CodeIgniter->handleRequest(NULL, Object(Config\Cache), false)
#7 /var/www/html/isales/index.php(45): CodeIgniter\CodeIgniter->run()
#8 {main}
CRITICAL - 2021-03-18 16:04:29 --> Undefined variable: voucher
#0 /var/www/html/isales/app/Views/landingpage/create.php(33): CodeIgniter\Debug\Exceptions->errorHandler(8, 'Undefined varia...', '/var/www/html/i...', 33, Array)
#1 /var/www/html/isales/system/View/View.php(246): include('/var/www/html/i...')
#2 /var/www/html/isales/system/Common.php(1087): CodeIgniter\View\View->render('landingpage/cre...', Array, true)
#3 /var/www/html/isales/app/Controllers/LandingPage/LandingPageController.php(86): view('landingpage/cre...', Array)
#4 /var/www/html/isales/system/CodeIgniter.php(914): App\Controllers\LandingPage\LandingPageController->create('belanjaonline')
#5 /var/www/html/isales/system/CodeIgniter.php(400): CodeIgniter\CodeIgniter->runController(Object(App\Controllers\LandingPage\LandingPageController))
#6 /var/www/html/isales/system/CodeIgniter.php(308): CodeIgniter\CodeIgniter->handleRequest(NULL, Object(Config\Cache), false)
#7 /var/www/html/isales/index.php(45): CodeIgniter\CodeIgniter->run()
#8 {main}
CRITICAL - 2021-03-18 16:06:10 --> Undefined variable: voucher
#0 /var/www/html/isales/app/Views/landingpage/create.php(33): CodeIgniter\Debug\Exceptions->errorHandler(8, 'Undefined varia...', '/var/www/html/i...', 33, Array)
#1 /var/www/html/isales/system/View/View.php(246): include('/var/www/html/i...')
#2 /var/www/html/isales/system/Common.php(1087): CodeIgniter\View\View->render('landingpage/cre...', Array, true)
#3 /var/www/html/isales/app/Controllers/LandingPage/LandingPageController.php(86): view('landingpage/cre...', Array)
#4 /var/www/html/isales/system/CodeIgniter.php(914): App\Controllers\LandingPage\LandingPageController->create('belanjaonline')
#5 /var/www/html/isales/system/CodeIgniter.php(400): CodeIgniter\CodeIgniter->runController(Object(App\Controllers\LandingPage\LandingPageController))
#6 /var/www/html/isales/system/CodeIgniter.php(308): CodeIgniter\CodeIgniter->handleRequest(NULL, Object(Config\Cache), false)
#7 /var/www/html/isales/index.php(45): CodeIgniter\CodeIgniter->run()
#8 {main}
CRITICAL - 2021-03-18 16:07:55 --> Division by zero
#0 /var/www/html/isales/app/Controllers/Reporting/ReportingController.php(1009): CodeIgniter\Debug\Exceptions->errorHandler(2, 'Division by zer...', '/var/www/html/i...', 1009, Array)
#1 /var/www/html/isales/system/CodeIgniter.php(914): App\Controllers\Reporting\ReportingController->exportApr()
#2 /var/www/html/isales/system/CodeIgniter.php(400): CodeIgniter\CodeIgniter->runController(Object(App\Controllers\Reporting\ReportingController))
#3 /var/www/html/isales/system/CodeIgniter.php(308): CodeIgniter\CodeIgniter->handleRequest(NULL, Object(Config\Cache), false)
#4 /var/www/html/isales/index.php(45): CodeIgniter\CodeIgniter->run()
#5 {main}
CRITICAL - 2021-03-18 16:07:55 --> Uncaught CodeIgniter\Format\Exceptions\FormatException: Failed to parse json string, error: "Type is not supported". in /var/www/html/isales/system/Format/Exceptions/FormatException.php:9
Stack trace:
#0 /var/www/html/isales/system/Format/JSONFormatter.php(67): CodeIgniter\Format\Exceptions\FormatException::forInvalidJSON('Type is not sup...')
#1 /var/www/html/isales/system/API/ResponseTrait.php(414): CodeIgniter\Format\JSONFormatter->format(Array)
#2 /var/www/html/isales/system/API/ResponseTrait.php(134): CodeIgniter\Debug\Exceptions->format(Array)
#3 /var/www/html/isales/system/Debug/Exceptions.php(166): CodeIgniter\Debug\Exceptions->respond(Array, 500)
#4 [internal function]: CodeIgniter\Debug\Exceptions->exceptionHandler(Object(ErrorException))
#5 {main}
  thrown
#0 [internal function]: CodeIgniter\Debug\Exceptions->shutdownHandler()
#1 {main}
CRITICAL - 2021-03-18 16:08:39 --> Division by zero
#0 /var/www/html/isales/app/Controllers/Reporting/ReportingController.php(1009): CodeIgniter\Debug\Exceptions->errorHandler(2, 'Division by zer...', '/var/www/html/i...', 1009, Array)
#1 /var/www/html/isales/system/CodeIgniter.php(914): App\Controllers\Reporting\ReportingController->exportApr()
#2 /var/www/html/isales/system/CodeIgniter.php(400): CodeIgniter\CodeIgniter->runController(Object(App\Controllers\Reporting\ReportingController))
#3 /var/www/html/isales/system/CodeIgniter.php(308): CodeIgniter\CodeIgniter->handleRequest(NULL, Object(Config\Cache), false)
#4 /var/www/html/isales/index.php(45): CodeIgniter\CodeIgniter->run()
#5 {main}
CRITICAL - 2021-03-18 16:08:39 --> Uncaught CodeIgniter\Format\Exceptions\FormatException: Failed to parse json string, error: "Type is not supported". in /var/www/html/isales/system/Format/Exceptions/FormatException.php:9
Stack trace:
#0 /var/www/html/isales/system/Format/JSONFormatter.php(67): CodeIgniter\Format\Exceptions\FormatException::forInvalidJSON('Type is not sup...')
#1 /var/www/html/isales/system/API/ResponseTrait.php(414): CodeIgniter\Format\JSONFormatter->format(Array)
#2 /var/www/html/isales/system/API/ResponseTrait.php(134): CodeIgniter\Debug\Exceptions->format(Array)
#3 /var/www/html/isales/system/Debug/Exceptions.php(166): CodeIgniter\Debug\Exceptions->respond(Array, 500)
#4 [internal function]: CodeIgniter\Debug\Exceptions->exceptionHandler(Object(ErrorException))
#5 {main}
  thrown
#0 [internal function]: CodeIgniter\Debug\Exceptions->shutdownHandler()
#1 {main}
CRITICAL - 2021-03-18 16:11:46 --> Division by zero
#0 /var/www/html/isales/app/Controllers/Reporting/ReportingController.php(1009): CodeIgniter\Debug\Exceptions->errorHandler(2, 'Division by zer...', '/var/www/html/i...', 1009, Array)
#1 /var/www/html/isales/system/CodeIgniter.php(914): App\Controllers\Reporting\ReportingController->exportApr()
#2 /var/www/html/isales/system/CodeIgniter.php(400): CodeIgniter\CodeIgniter->runController(Object(App\Controllers\Reporting\ReportingController))
#3 /var/www/html/isales/system/CodeIgniter.php(308): CodeIgniter\CodeIgniter->handleRequest(NULL, Object(Config\Cache), false)
#4 /var/www/html/isales/index.php(45): CodeIgniter\CodeIgniter->run()
#5 {main}
CRITICAL - 2021-03-18 16:11:46 --> Uncaught CodeIgniter\Format\Exceptions\FormatException: Failed to parse json string, error: "Type is not supported". in /var/www/html/isales/system/Format/Exceptions/FormatException.php:9
Stack trace:
#0 /var/www/html/isales/system/Format/JSONFormatter.php(67): CodeIgniter\Format\Exceptions\FormatException::forInvalidJSON('Type is not sup...')
#1 /var/www/html/isales/system/API/ResponseTrait.php(414): CodeIgniter\Format\JSONFormatter->format(Array)
#2 /var/www/html/isales/system/API/ResponseTrait.php(134): CodeIgniter\Debug\Exceptions->format(Array)
#3 /var/www/html/isales/system/Debug/Exceptions.php(166): CodeIgniter\Debug\Exceptions->respond(Array, 500)
#4 [internal function]: CodeIgniter\Debug\Exceptions->exceptionHandler(Object(ErrorException))
#5 {main}
  thrown
#0 [internal function]: CodeIgniter\Debug\Exceptions->shutdownHandler()
#1 {main}
CRITICAL - 2021-03-18 16:12:28 --> Division by zero
#0 /var/www/html/isales/app/Controllers/Reporting/ReportingController.php(1009): CodeIgniter\Debug\Exceptions->errorHandler(2, 'Division by zer...', '/var/www/html/i...', 1009, Array)
#1 /var/www/html/isales/system/CodeIgniter.php(914): App\Controllers\Reporting\ReportingController->exportApr()
#2 /var/www/html/isales/system/CodeIgniter.php(400): CodeIgniter\CodeIgniter->runController(Object(App\Controllers\Reporting\ReportingController))
#3 /var/www/html/isales/system/CodeIgniter.php(308): CodeIgniter\CodeIgniter->handleRequest(NULL, Object(Config\Cache), false)
#4 /var/www/html/isales/index.php(45): CodeIgniter\CodeIgniter->run()
#5 {main}
CRITICAL - 2021-03-18 16:12:29 --> Uncaught CodeIgniter\Format\Exceptions\FormatException: Failed to parse json string, error: "Type is not supported". in /var/www/html/isales/system/Format/Exceptions/FormatException.php:9
Stack trace:
#0 /var/www/html/isales/system/Format/JSONFormatter.php(67): CodeIgniter\Format\Exceptions\FormatException::forInvalidJSON('Type is not sup...')
#1 /var/www/html/isales/system/API/ResponseTrait.php(414): CodeIgniter\Format\JSONFormatter->format(Array)
#2 /var/www/html/isales/system/API/ResponseTrait.php(134): CodeIgniter\Debug\Exceptions->format(Array)
#3 /var/www/html/isales/system/Debug/Exceptions.php(166): CodeIgniter\Debug\Exceptions->respond(Array, 500)
#4 [internal function]: CodeIgniter\Debug\Exceptions->exceptionHandler(Object(ErrorException))
#5 {main}
  thrown
#0 [internal function]: CodeIgniter\Debug\Exceptions->shutdownHandler()
#1 {main}
CRITICAL - 2021-03-18 16:26:09 --> Division by zero
#0 /var/www/html/isales/app/Controllers/Reporting/ReportingController.php(1009): CodeIgniter\Debug\Exceptions->errorHandler(2, 'Division by zer...', '/var/www/html/i...', 1009, Array)
#1 /var/www/html/isales/system/CodeIgniter.php(914): App\Controllers\Reporting\ReportingController->exportApr()
#2 /var/www/html/isales/system/CodeIgniter.php(400): CodeIgniter\CodeIgniter->runController(Object(App\Controllers\Reporting\ReportingController))
#3 /var/www/html/isales/system/CodeIgniter.php(308): CodeIgniter\CodeIgniter->handleRequest(NULL, Object(Config\Cache), false)
#4 /var/www/html/isales/index.php(45): CodeIgniter\CodeIgniter->run()
#5 {main}
CRITICAL - 2021-03-18 16:26:09 --> Uncaught CodeIgniter\Format\Exceptions\FormatException: Failed to parse json string, error: "Type is not supported". in /var/www/html/isales/system/Format/Exceptions/FormatException.php:9
Stack trace:
#0 /var/www/html/isales/system/Format/JSONFormatter.php(67): CodeIgniter\Format\Exceptions\FormatException::forInvalidJSON('Type is not sup...')
#1 /var/www/html/isales/system/API/ResponseTrait.php(414): CodeIgniter\Format\JSONFormatter->format(Array)
#2 /var/www/html/isales/system/API/ResponseTrait.php(134): CodeIgniter\Debug\Exceptions->format(Array)
#3 /var/www/html/isales/system/Debug/Exceptions.php(166): CodeIgniter\Debug\Exceptions->respond(Array, 500)
#4 [internal function]: CodeIgniter\Debug\Exceptions->exceptionHandler(Object(ErrorException))
#5 {main}
  thrown
#0 [internal function]: CodeIgniter\Debug\Exceptions->shutdownHandler()
#1 {main}
CRITICAL - 2021-03-18 16:26:35 --> Division by zero
#0 /var/www/html/isales/app/Controllers/Reporting/ReportingController.php(1009): CodeIgniter\Debug\Exceptions->errorHandler(2, 'Division by zer...', '/var/www/html/i...', 1009, Array)
#1 /var/www/html/isales/system/CodeIgniter.php(914): App\Controllers\Reporting\ReportingController->exportApr()
#2 /var/www/html/isales/system/CodeIgniter.php(400): CodeIgniter\CodeIgniter->runController(Object(App\Controllers\Reporting\ReportingController))
#3 /var/www/html/isales/system/CodeIgniter.php(308): CodeIgniter\CodeIgniter->handleRequest(NULL, Object(Config\Cache), false)
#4 /var/www/html/isales/index.php(45): CodeIgniter\CodeIgniter->run()
#5 {main}
CRITICAL - 2021-03-18 16:26:35 --> Uncaught CodeIgniter\Format\Exceptions\FormatException: Failed to parse json string, error: "Type is not supported". in /var/www/html/isales/system/Format/Exceptions/FormatException.php:9
Stack trace:
#0 /var/www/html/isales/system/Format/JSONFormatter.php(67): CodeIgniter\Format\Exceptions\FormatException::forInvalidJSON('Type is not sup...')
#1 /var/www/html/isales/system/API/ResponseTrait.php(414): CodeIgniter\Format\JSONFormatter->format(Array)
#2 /var/www/html/isales/system/API/ResponseTrait.php(134): CodeIgniter\Debug\Exceptions->format(Array)
#3 /var/www/html/isales/system/Debug/Exceptions.php(166): CodeIgniter\Debug\Exceptions->respond(Array, 500)
#4 [internal function]: CodeIgniter\Debug\Exceptions->exceptionHandler(Object(ErrorException))
#5 {main}
  thrown
#0 [internal function]: CodeIgniter\Debug\Exceptions->shutdownHandler()
#1 {main}
CRITICAL - 2021-03-18 16:27:32 --> Division by zero
#0 /var/www/html/isales/app/Controllers/Reporting/ReportingController.php(1009): CodeIgniter\Debug\Exceptions->errorHandler(2, 'Division by zer...', '/var/www/html/i...', 1009, Array)
#1 /var/www/html/isales/system/CodeIgniter.php(914): App\Controllers\Reporting\ReportingController->exportApr()
#2 /var/www/html/isales/system/CodeIgniter.php(400): CodeIgniter\CodeIgniter->runController(Object(App\Controllers\Reporting\ReportingController))
#3 /var/www/html/isales/system/CodeIgniter.php(308): CodeIgniter\CodeIgniter->handleRequest(NULL, Object(Config\Cache), false)
#4 /var/www/html/isales/index.php(45): CodeIgniter\CodeIgniter->run()
#5 {main}
CRITICAL - 2021-03-18 16:27:32 --> Uncaught CodeIgniter\Format\Exceptions\FormatException: Failed to parse json string, error: "Type is not supported". in /var/www/html/isales/system/Format/Exceptions/FormatException.php:9
Stack trace:
#0 /var/www/html/isales/system/Format/JSONFormatter.php(67): CodeIgniter\Format\Exceptions\FormatException::forInvalidJSON('Type is not sup...')
#1 /var/www/html/isales/system/API/ResponseTrait.php(414): CodeIgniter\Format\JSONFormatter->format(Array)
#2 /var/www/html/isales/system/API/ResponseTrait.php(134): CodeIgniter\Debug\Exceptions->format(Array)
#3 /var/www/html/isales/system/Debug/Exceptions.php(166): CodeIgniter\Debug\Exceptions->respond(Array, 500)
#4 [internal function]: CodeIgniter\Debug\Exceptions->exceptionHandler(Object(ErrorException))
#5 {main}
  thrown
#0 [internal function]: CodeIgniter\Debug\Exceptions->shutdownHandler()
#1 {main}
CRITICAL - 2021-03-18 16:27:55 --> Division by zero
#0 /var/www/html/isales/app/Controllers/Reporting/ReportingController.php(1009): CodeIgniter\Debug\Exceptions->errorHandler(2, 'Division by zer...', '/var/www/html/i...', 1009, Array)
#1 /var/www/html/isales/system/CodeIgniter.php(914): App\Controllers\Reporting\ReportingController->exportApr()
#2 /var/www/html/isales/system/CodeIgniter.php(400): CodeIgniter\CodeIgniter->runController(Object(App\Controllers\Reporting\ReportingController))
#3 /var/www/html/isales/system/CodeIgniter.php(308): CodeIgniter\CodeIgniter->handleRequest(NULL, Object(Config\Cache), false)
#4 /var/www/html/isales/index.php(45): CodeIgniter\CodeIgniter->run()
#5 {main}
CRITICAL - 2021-03-18 16:27:55 --> Uncaught CodeIgniter\Format\Exceptions\FormatException: Failed to parse json string, error: "Type is not supported". in /var/www/html/isales/system/Format/Exceptions/FormatException.php:9
Stack trace:
#0 /var/www/html/isales/system/Format/JSONFormatter.php(67): CodeIgniter\Format\Exceptions\FormatException::forInvalidJSON('Type is not sup...')
#1 /var/www/html/isales/system/API/ResponseTrait.php(414): CodeIgniter\Format\JSONFormatter->format(Array)
#2 /var/www/html/isales/system/API/ResponseTrait.php(134): CodeIgniter\Debug\Exceptions->format(Array)
#3 /var/www/html/isales/system/Debug/Exceptions.php(166): CodeIgniter\Debug\Exceptions->respond(Array, 500)
#4 [internal function]: CodeIgniter\Debug\Exceptions->exceptionHandler(Object(ErrorException))
#5 {main}
  thrown
#0 [internal function]: CodeIgniter\Debug\Exceptions->shutdownHandler()
#1 {main}
CRITICAL - 2021-03-18 16:29:12 --> Division by zero
#0 /var/www/html/isales/app/Controllers/Reporting/ReportingController.php(1009): CodeIgniter\Debug\Exceptions->errorHandler(2, 'Division by zer...', '/var/www/html/i...', 1009, Array)
#1 /var/www/html/isales/system/CodeIgniter.php(914): App\Controllers\Reporting\ReportingController->exportApr()
#2 /var/www/html/isales/system/CodeIgniter.php(400): CodeIgniter\CodeIgniter->runController(Object(App\Controllers\Reporting\ReportingController))
#3 /var/www/html/isales/system/CodeIgniter.php(308): CodeIgniter\CodeIgniter->handleRequest(NULL, Object(Config\Cache), false)
#4 /var/www/html/isales/index.php(45): CodeIgniter\CodeIgniter->run()
#5 {main}
CRITICAL - 2021-03-18 16:29:12 --> Uncaught CodeIgniter\Format\Exceptions\FormatException: Failed to parse json string, error: "Type is not supported". in /var/www/html/isales/system/Format/Exceptions/FormatException.php:9
Stack trace:
#0 /var/www/html/isales/system/Format/JSONFormatter.php(67): CodeIgniter\Format\Exceptions\FormatException::forInvalidJSON('Type is not sup...')
#1 /var/www/html/isales/system/API/ResponseTrait.php(414): CodeIgniter\Format\JSONFormatter->format(Array)
#2 /var/www/html/isales/system/API/ResponseTrait.php(134): CodeIgniter\Debug\Exceptions->format(Array)
#3 /var/www/html/isales/system/Debug/Exceptions.php(166): CodeIgniter\Debug\Exceptions->respond(Array, 500)
#4 [internal function]: CodeIgniter\Debug\Exceptions->exceptionHandler(Object(ErrorException))
#5 {main}
  thrown
#0 [internal function]: CodeIgniter\Debug\Exceptions->shutdownHandler()
#1 {main}
CRITICAL - 2021-03-18 16:34:59 --> syntax error, unexpected ';', expecting ',' or ')'
#0 /var/www/html/isales/system/Autoloader/Autoloader.php(296): CodeIgniter\Autoloader\Autoloader->requireFile('/var/www/html/i...')
#1 /var/www/html/isales/system/Autoloader/Autoloader.php(258): CodeIgniter\Autoloader\Autoloader->loadInNamespace('App\\Controllers...')
#2 [internal function]: CodeIgniter\Autoloader\Autoloader->loadClass('App\\Controllers...')
#3 [internal function]: spl_autoload_call('App\\Controllers...')
#4 /var/www/html/isales/system/CodeIgniter.php(865): class_exists('\\App\\Controller...', true)
#5 /var/www/html/isales/system/CodeIgniter.php(390): CodeIgniter\CodeIgniter->startController()
#6 /var/www/html/isales/system/CodeIgniter.php(308): CodeIgniter\CodeIgniter->handleRequest(NULL, Object(Config\Cache), false)
#7 /var/www/html/isales/index.php(45): CodeIgniter\CodeIgniter->run()
#8 {main}
CRITICAL - 2021-03-18 16:35:42 --> syntax error, unexpected ';', expecting ',' or ')'
#0 /var/www/html/isales/system/Autoloader/Autoloader.php(296): CodeIgniter\Autoloader\Autoloader->requireFile('/var/www/html/i...')
#1 /var/www/html/isales/system/Autoloader/Autoloader.php(258): CodeIgniter\Autoloader\Autoloader->loadInNamespace('App\\Controllers...')
#2 [internal function]: CodeIgniter\Autoloader\Autoloader->loadClass('App\\Controllers...')
#3 [internal function]: spl_autoload_call('App\\Controllers...')
#4 /var/www/html/isales/system/CodeIgniter.php(865): class_exists('\\App\\Controller...', true)
#5 /var/www/html/isales/system/CodeIgniter.php(390): CodeIgniter\CodeIgniter->startController()
#6 /var/www/html/isales/system/CodeIgniter.php(308): CodeIgniter\CodeIgniter->handleRequest(NULL, Object(Config\Cache), false)
#7 /var/www/html/isales/index.php(45): CodeIgniter\CodeIgniter->run()
#8 {main}
CRITICAL - 2021-03-18 16:38:33 --> Division by zero
#0 /var/www/html/isales/app/Controllers/Reporting/ReportingController.php(1010): CodeIgniter\Debug\Exceptions->errorHandler(2, 'Division by zer...', '/var/www/html/i...', 1010, Array)
#1 /var/www/html/isales/system/CodeIgniter.php(914): App\Controllers\Reporting\ReportingController->exportApr()
#2 /var/www/html/isales/system/CodeIgniter.php(400): CodeIgniter\CodeIgniter->runController(Object(App\Controllers\Reporting\ReportingController))
#3 /var/www/html/isales/system/CodeIgniter.php(308): CodeIgniter\CodeIgniter->handleRequest(NULL, Object(Config\Cache), false)
#4 /var/www/html/isales/index.php(45): CodeIgniter\CodeIgniter->run()
#5 {main}
CRITICAL - 2021-03-18 16:38:33 --> Uncaught CodeIgniter\Format\Exceptions\FormatException: Failed to parse json string, error: "Type is not supported". in /var/www/html/isales/system/Format/Exceptions/FormatException.php:9
Stack trace:
#0 /var/www/html/isales/system/Format/JSONFormatter.php(67): CodeIgniter\Format\Exceptions\FormatException::forInvalidJSON('Type is not sup...')
#1 /var/www/html/isales/system/API/ResponseTrait.php(414): CodeIgniter\Format\JSONFormatter->format(Array)
#2 /var/www/html/isales/system/API/ResponseTrait.php(134): CodeIgniter\Debug\Exceptions->format(Array)
#3 /var/www/html/isales/system/Debug/Exceptions.php(166): CodeIgniter\Debug\Exceptions->respond(Array, 500)
#4 [internal function]: CodeIgniter\Debug\Exceptions->exceptionHandler(Object(ErrorException))
#5 {main}
  thrown
#0 [internal function]: CodeIgniter\Debug\Exceptions->shutdownHandler()
#1 {main}
CRITICAL - 2021-03-18 16:39:28 --> Division by zero
#0 /var/www/html/isales/app/Controllers/Reporting/ReportingController.php(1010): CodeIgniter\Debug\Exceptions->errorHandler(2, 'Division by zer...', '/var/www/html/i...', 1010, Array)
#1 /var/www/html/isales/system/CodeIgniter.php(914): App\Controllers\Reporting\ReportingController->exportApr()
#2 /var/www/html/isales/system/CodeIgniter.php(400): CodeIgniter\CodeIgniter->runController(Object(App\Controllers\Reporting\ReportingController))
#3 /var/www/html/isales/system/CodeIgniter.php(308): CodeIgniter\CodeIgniter->handleRequest(NULL, Object(Config\Cache), false)
#4 /var/www/html/isales/index.php(45): CodeIgniter\CodeIgniter->run()
#5 {main}
CRITICAL - 2021-03-18 16:39:28 --> Uncaught CodeIgniter\Format\Exceptions\FormatException: Failed to parse json string, error: "Type is not supported". in /var/www/html/isales/system/Format/Exceptions/FormatException.php:9
Stack trace:
#0 /var/www/html/isales/system/Format/JSONFormatter.php(67): CodeIgniter\Format\Exceptions\FormatException::forInvalidJSON('Type is not sup...')
#1 /var/www/html/isales/system/API/ResponseTrait.php(414): CodeIgniter\Format\JSONFormatter->format(Array)
#2 /var/www/html/isales/system/API/ResponseTrait.php(134): CodeIgniter\Debug\Exceptions->format(Array)
#3 /var/www/html/isales/system/Debug/Exceptions.php(166): CodeIgniter\Debug\Exceptions->respond(Array, 500)
#4 [internal function]: CodeIgniter\Debug\Exceptions->exceptionHandler(Object(ErrorException))
#5 {main}
  thrown
#0 [internal function]: CodeIgniter\Debug\Exceptions->shutdownHandler()
#1 {main}
CRITICAL - 2021-03-18 16:39:56 --> Division by zero
#0 /var/www/html/isales/app/Controllers/Reporting/ReportingController.php(1010): CodeIgniter\Debug\Exceptions->errorHandler(2, 'Division by zer...', '/var/www/html/i...', 1010, Array)
#1 /var/www/html/isales/system/CodeIgniter.php(914): App\Controllers\Reporting\ReportingController->exportApr()
#2 /var/www/html/isales/system/CodeIgniter.php(400): CodeIgniter\CodeIgniter->runController(Object(App\Controllers\Reporting\ReportingController))
#3 /var/www/html/isales/system/CodeIgniter.php(308): CodeIgniter\CodeIgniter->handleRequest(NULL, Object(Config\Cache), false)
#4 /var/www/html/isales/index.php(45): CodeIgniter\CodeIgniter->run()
#5 {main}
CRITICAL - 2021-03-18 16:39:56 --> Uncaught CodeIgniter\Format\Exceptions\FormatException: Failed to parse json string, error: "Type is not supported". in /var/www/html/isales/system/Format/Exceptions/FormatException.php:9
Stack trace:
#0 /var/www/html/isales/system/Format/JSONFormatter.php(67): CodeIgniter\Format\Exceptions\FormatException::forInvalidJSON('Type is not sup...')
#1 /var/www/html/isales/system/API/ResponseTrait.php(414): CodeIgniter\Format\JSONFormatter->format(Array)
#2 /var/www/html/isales/system/API/ResponseTrait.php(134): CodeIgniter\Debug\Exceptions->format(Array)
#3 /var/www/html/isales/system/Debug/Exceptions.php(166): CodeIgniter\Debug\Exceptions->respond(Array, 500)
#4 [internal function]: CodeIgniter\Debug\Exceptions->exceptionHandler(Object(ErrorException))
#5 {main}
  thrown
#0 [internal function]: CodeIgniter\Debug\Exceptions->shutdownHandler()
#1 {main}
CRITICAL - 2021-03-18 16:41:41 --> Division by zero
#0 /var/www/html/isales/app/Controllers/Reporting/ReportingController.php(1010): CodeIgniter\Debug\Exceptions->errorHandler(2, 'Division by zer...', '/var/www/html/i...', 1010, Array)
#1 /var/www/html/isales/system/CodeIgniter.php(914): App\Controllers\Reporting\ReportingController->exportApr()
#2 /var/www/html/isales/system/CodeIgniter.php(400): CodeIgniter\CodeIgniter->runController(Object(App\Controllers\Reporting\ReportingController))
#3 /var/www/html/isales/system/CodeIgniter.php(308): CodeIgniter\CodeIgniter->handleRequest(NULL, Object(Config\Cache), false)
#4 /var/www/html/isales/index.php(45): CodeIgniter\CodeIgniter->run()
#5 {main}
CRITICAL - 2021-03-18 16:41:41 --> Uncaught CodeIgniter\Format\Exceptions\FormatException: Failed to parse json string, error: "Type is not supported". in /var/www/html/isales/system/Format/Exceptions/FormatException.php:9
Stack trace:
#0 /var/www/html/isales/system/Format/JSONFormatter.php(67): CodeIgniter\Format\Exceptions\FormatException::forInvalidJSON('Type is not sup...')
#1 /var/www/html/isales/system/API/ResponseTrait.php(414): CodeIgniter\Format\JSONFormatter->format(Array)
#2 /var/www/html/isales/system/API/ResponseTrait.php(134): CodeIgniter\Debug\Exceptions->format(Array)
#3 /var/www/html/isales/system/Debug/Exceptions.php(166): CodeIgniter\Debug\Exceptions->respond(Array, 500)
#4 [internal function]: CodeIgniter\Debug\Exceptions->exceptionHandler(Object(ErrorException))
#5 {main}
  thrown
#0 [internal function]: CodeIgniter\Debug\Exceptions->shutdownHandler()
#1 {main}
