CRITICAL - 2021-04-08 18:20:38 --> substr() expects parameter 1 to be string, array given
#0 [internal function]: CodeIgniter\Debug\Exceptions->errorHandler(2, 'substr() expect...', 'C:\\xampp\\htdocs...', 64, Array)
#1 C:\xampp\htdocs\isales\app\Controllers\Admin\AdminSpajController.php(64): substr(Array, 4, 4)
#2 C:\xampp\htdocs\isales\system\CodeIgniter.php(914): App\Controllers\Admin\AdminSpajController->getData()
#3 C:\xampp\htdocs\isales\system\CodeIgniter.php(400): CodeIgniter\CodeIgniter->runController(Object(App\Controllers\Admin\AdminSpajController))
#4 C:\xampp\htdocs\isales\system\CodeIgniter.php(308): CodeIgniter\CodeIgniter->handleRequest(NULL, Object(Config\Cache), false)
#5 C:\xampp\htdocs\isales\index.php(45): CodeIgniter\CodeIgniter->run()
#6 {main}
CRITICAL - 2021-04-08 18:20:39 --> Uncaught CodeIgniter\Format\Exceptions\FormatException: Failed to parse json string, error: "Type is not supported". in C:\xampp\htdocs\isales\system\Format\Exceptions\FormatException.php:9
Stack trace:
#0 C:\xampp\htdocs\isales\system\Format\JSONFormatter.php(67): CodeIgniter\Format\Exceptions\FormatException::forInvalidJSON('Type is not sup...')
#1 C:\xampp\htdocs\isales\system\API\ResponseTrait.php(414): CodeIgniter\Format\JSONFormatter->format(Array)
#2 C:\xampp\htdocs\isales\system\API\ResponseTrait.php(134): CodeIgniter\Debug\Exceptions->format(Array)
#3 C:\xampp\htdocs\isales\system\Debug\Exceptions.php(166): CodeIgniter\Debug\Exceptions->respond(Array, 500)
#4 [internal function]: CodeIgniter\Debug\Exceptions->exceptionHandler(Object(ErrorException))
#5 {main}
  thrown
#0 [internal function]: CodeIgniter\Debug\Exceptions->shutdownHandler()
#1 {main}
CRITICAL - 2021-04-08 18:26:04 --> substr() expects parameter 1 to be string, array given
#0 [internal function]: CodeIgniter\Debug\Exceptions->errorHandler(2, 'substr() expect...', 'C:\\xampp\\htdocs...', 54, Array)
#1 C:\xampp\htdocs\isales\app\Controllers\Admin\AdminSpajController.php(54): substr(Array, 4, 4)
#2 C:\xampp\htdocs\isales\system\CodeIgniter.php(914): App\Controllers\Admin\AdminSpajController->getData()
#3 C:\xampp\htdocs\isales\system\CodeIgniter.php(400): CodeIgniter\CodeIgniter->runController(Object(App\Controllers\Admin\AdminSpajController))
#4 C:\xampp\htdocs\isales\system\CodeIgniter.php(308): CodeIgniter\CodeIgniter->handleRequest(NULL, Object(Config\Cache), false)
#5 C:\xampp\htdocs\isales\index.php(45): CodeIgniter\CodeIgniter->run()
#6 {main}
CRITICAL - 2021-04-08 18:26:04 --> Uncaught CodeIgniter\Format\Exceptions\FormatException: Failed to parse json string, error: "Type is not supported". in C:\xampp\htdocs\isales\system\Format\Exceptions\FormatException.php:9
Stack trace:
#0 C:\xampp\htdocs\isales\system\Format\JSONFormatter.php(67): CodeIgniter\Format\Exceptions\FormatException::forInvalidJSON('Type is not sup...')
#1 C:\xampp\htdocs\isales\system\API\ResponseTrait.php(414): CodeIgniter\Format\JSONFormatter->format(Array)
#2 C:\xampp\htdocs\isales\system\API\ResponseTrait.php(134): CodeIgniter\Debug\Exceptions->format(Array)
#3 C:\xampp\htdocs\isales\system\Debug\Exceptions.php(166): CodeIgniter\Debug\Exceptions->respond(Array, 500)
#4 [internal function]: CodeIgniter\Debug\Exceptions->exceptionHandler(Object(ErrorException))
#5 {main}
  thrown
#0 [internal function]: CodeIgniter\Debug\Exceptions->shutdownHandler()
#1 {main}
CRITICAL - 2021-04-08 18:27:05 --> substr() expects parameter 1 to be string, array given
#0 [internal function]: CodeIgniter\Debug\Exceptions->errorHandler(2, 'substr() expect...', 'C:\\xampp\\htdocs...', 54, Array)
#1 C:\xampp\htdocs\isales\app\Controllers\Admin\AdminSpajController.php(54): substr(Array, 4, 4)
#2 C:\xampp\htdocs\isales\system\CodeIgniter.php(914): App\Controllers\Admin\AdminSpajController->getData()
#3 C:\xampp\htdocs\isales\system\CodeIgniter.php(400): CodeIgniter\CodeIgniter->runController(Object(App\Controllers\Admin\AdminSpajController))
#4 C:\xampp\htdocs\isales\system\CodeIgniter.php(308): CodeIgniter\CodeIgniter->handleRequest(NULL, Object(Config\Cache), false)
#5 C:\xampp\htdocs\isales\index.php(45): CodeIgniter\CodeIgniter->run()
#6 {main}
CRITICAL - 2021-04-08 18:27:05 --> Uncaught CodeIgniter\Format\Exceptions\FormatException: Failed to parse json string, error: "Type is not supported". in C:\xampp\htdocs\isales\system\Format\Exceptions\FormatException.php:9
Stack trace:
#0 C:\xampp\htdocs\isales\system\Format\JSONFormatter.php(67): CodeIgniter\Format\Exceptions\FormatException::forInvalidJSON('Type is not sup...')
#1 C:\xampp\htdocs\isales\system\API\ResponseTrait.php(414): CodeIgniter\Format\JSONFormatter->format(Array)
#2 C:\xampp\htdocs\isales\system\API\ResponseTrait.php(134): CodeIgniter\Debug\Exceptions->format(Array)
#3 C:\xampp\htdocs\isales\system\Debug\Exceptions.php(166): CodeIgniter\Debug\Exceptions->respond(Array, 500)
#4 [internal function]: CodeIgniter\Debug\Exceptions->exceptionHandler(Object(ErrorException))
#5 {main}
  thrown
#0 [internal function]: CodeIgniter\Debug\Exceptions->shutdownHandler()
#1 {main}
CRITICAL - 2021-04-08 19:05:49 --> Undefined variable: spaj
#0 C:\xampp\htdocs\isales\app\Views\admin\spaj\preview.php(9): CodeIgniter\Debug\Exceptions->errorHandler(8, 'Undefined varia...', 'C:\\xampp\\htdocs...', 9, Array)
#1 C:\xampp\htdocs\isales\system\View\View.php(246): include('C:\\xampp\\htdocs...')
#2 C:\xampp\htdocs\isales\system\Common.php(1087): CodeIgniter\View\View->render('admin/spaj/prev...', Array, true)
#3 C:\xampp\htdocs\isales\app\Controllers\Admin\AdminSpajController.php(139): view('admin/spaj/prev...', Array)
#4 C:\xampp\htdocs\isales\system\CodeIgniter.php(914): App\Controllers\Admin\AdminSpajController->printPdf('14')
#5 C:\xampp\htdocs\isales\system\CodeIgniter.php(400): CodeIgniter\CodeIgniter->runController(Object(App\Controllers\Admin\AdminSpajController))
#6 C:\xampp\htdocs\isales\system\CodeIgniter.php(308): CodeIgniter\CodeIgniter->handleRequest(NULL, Object(Config\Cache), false)
#7 C:\xampp\htdocs\isales\index.php(45): CodeIgniter\CodeIgniter->run()
#8 {main}
CRITICAL - 2021-04-08 19:07:34 --> Undefined variable: spaj
#0 C:\xampp\htdocs\isales\app\Views\admin\spaj\preview.php(9): CodeIgniter\Debug\Exceptions->errorHandler(8, 'Undefined varia...', 'C:\\xampp\\htdocs...', 9, Array)
#1 C:\xampp\htdocs\isales\system\View\View.php(246): include('C:\\xampp\\htdocs...')
#2 C:\xampp\htdocs\isales\system\Common.php(1087): CodeIgniter\View\View->render('admin/spaj/prev...', Array, true)
#3 C:\xampp\htdocs\isales\app\Controllers\Admin\AdminSpajController.php(139): view('admin/spaj/prev...', Array)
#4 C:\xampp\htdocs\isales\system\CodeIgniter.php(914): App\Controllers\Admin\AdminSpajController->printPdf('14')
#5 C:\xampp\htdocs\isales\system\CodeIgniter.php(400): CodeIgniter\CodeIgniter->runController(Object(App\Controllers\Admin\AdminSpajController))
#6 C:\xampp\htdocs\isales\system\CodeIgniter.php(308): CodeIgniter\CodeIgniter->handleRequest(NULL, Object(Config\Cache), false)
#7 C:\xampp\htdocs\isales\index.php(45): CodeIgniter\CodeIgniter->run()
#8 {main}
CRITICAL - 2021-04-08 19:07:38 --> Undefined variable: spaj
#0 C:\xampp\htdocs\isales\app\Views\admin\spaj\preview.php(9): CodeIgniter\Debug\Exceptions->errorHandler(8, 'Undefined varia...', 'C:\\xampp\\htdocs...', 9, Array)
#1 C:\xampp\htdocs\isales\system\View\View.php(246): include('C:\\xampp\\htdocs...')
#2 C:\xampp\htdocs\isales\system\Common.php(1087): CodeIgniter\View\View->render('admin/spaj/prev...', Array, true)
#3 C:\xampp\htdocs\isales\app\Controllers\Admin\AdminSpajController.php(139): view('admin/spaj/prev...', Array)
#4 C:\xampp\htdocs\isales\system\CodeIgniter.php(914): App\Controllers\Admin\AdminSpajController->printPdf('14')
#5 C:\xampp\htdocs\isales\system\CodeIgniter.php(400): CodeIgniter\CodeIgniter->runController(Object(App\Controllers\Admin\AdminSpajController))
#6 C:\xampp\htdocs\isales\system\CodeIgniter.php(308): CodeIgniter\CodeIgniter->handleRequest(NULL, Object(Config\Cache), false)
#7 C:\xampp\htdocs\isales\index.php(45): CodeIgniter\CodeIgniter->run()
#8 {main}
CRITICAL - 2021-04-08 19:08:05 --> Undefined variable: spaj
#0 C:\xampp\htdocs\isales\app\Views\admin\spaj\preview.php(9): CodeIgniter\Debug\Exceptions->errorHandler(8, 'Undefined varia...', 'C:\\xampp\\htdocs...', 9, Array)
#1 C:\xampp\htdocs\isales\system\View\View.php(246): include('C:\\xampp\\htdocs...')
#2 C:\xampp\htdocs\isales\system\Common.php(1087): CodeIgniter\View\View->render('admin/spaj/prev...', Array, true)
#3 C:\xampp\htdocs\isales\app\Controllers\Admin\AdminSpajController.php(139): view('admin/spaj/prev...', Array)
#4 C:\xampp\htdocs\isales\system\CodeIgniter.php(914): App\Controllers\Admin\AdminSpajController->printPdf('14')
#5 C:\xampp\htdocs\isales\system\CodeIgniter.php(400): CodeIgniter\CodeIgniter->runController(Object(App\Controllers\Admin\AdminSpajController))
#6 C:\xampp\htdocs\isales\system\CodeIgniter.php(308): CodeIgniter\CodeIgniter->handleRequest(NULL, Object(Config\Cache), false)
#7 C:\xampp\htdocs\isales\index.php(45): CodeIgniter\CodeIgniter->run()
#8 {main}
CRITICAL - 2021-04-08 19:08:16 --> Undefined variable: spaj
#0 C:\xampp\htdocs\isales\app\Views\admin\spaj\preview.php(9): CodeIgniter\Debug\Exceptions->errorHandler(8, 'Undefined varia...', 'C:\\xampp\\htdocs...', 9, Array)
#1 C:\xampp\htdocs\isales\system\View\View.php(246): include('C:\\xampp\\htdocs...')
#2 C:\xampp\htdocs\isales\system\Common.php(1087): CodeIgniter\View\View->render('admin/spaj/prev...', Array, true)
#3 C:\xampp\htdocs\isales\app\Controllers\Admin\AdminSpajController.php(139): view('admin/spaj/prev...', Array)
#4 C:\xampp\htdocs\isales\system\CodeIgniter.php(914): App\Controllers\Admin\AdminSpajController->printPdf('14')
#5 C:\xampp\htdocs\isales\system\CodeIgniter.php(400): CodeIgniter\CodeIgniter->runController(Object(App\Controllers\Admin\AdminSpajController))
#6 C:\xampp\htdocs\isales\system\CodeIgniter.php(308): CodeIgniter\CodeIgniter->handleRequest(NULL, Object(Config\Cache), false)
#7 C:\xampp\htdocs\isales\index.php(45): CodeIgniter\CodeIgniter->run()
#8 {main}
CRITICAL - 2021-04-08 19:09:17 --> Undefined variable: spaj
#0 C:\xampp\htdocs\isales\app\Views\admin\spaj\print.php(48): CodeIgniter\Debug\Exceptions->errorHandler(8, 'Undefined varia...', 'C:\\xampp\\htdocs...', 48, Array)
#1 C:\xampp\htdocs\isales\system\View\View.php(246): include('C:\\xampp\\htdocs...')
#2 C:\xampp\htdocs\isales\system\Common.php(1087): CodeIgniter\View\View->render('admin/spaj/prin...', Array, true)
#3 C:\xampp\htdocs\isales\app\Controllers\Admin\AdminSpajController.php(139): view('admin/spaj/prin...', Array)
#4 C:\xampp\htdocs\isales\system\CodeIgniter.php(914): App\Controllers\Admin\AdminSpajController->printPdf('14')
#5 C:\xampp\htdocs\isales\system\CodeIgniter.php(400): CodeIgniter\CodeIgniter->runController(Object(App\Controllers\Admin\AdminSpajController))
#6 C:\xampp\htdocs\isales\system\CodeIgniter.php(308): CodeIgniter\CodeIgniter->handleRequest(NULL, Object(Config\Cache), false)
#7 C:\xampp\htdocs\isales\index.php(45): CodeIgniter\CodeIgniter->run()
#8 {main}
CRITICAL - 2021-04-08 19:10:03 --> Undefined variable: spaj
#0 C:\xampp\htdocs\isales\app\Views\admin\spaj\preview.php(9): CodeIgniter\Debug\Exceptions->errorHandler(8, 'Undefined varia...', 'C:\\xampp\\htdocs...', 9, Array)
#1 C:\xampp\htdocs\isales\system\View\View.php(246): include('C:\\xampp\\htdocs...')
#2 C:\xampp\htdocs\isales\system\Common.php(1087): CodeIgniter\View\View->render('admin/spaj/prev...', Array, true)
#3 C:\xampp\htdocs\isales\app\Controllers\Admin\AdminSpajController.php(139): view('admin/spaj/prev...', Array)
#4 C:\xampp\htdocs\isales\system\CodeIgniter.php(914): App\Controllers\Admin\AdminSpajController->printPdf('14')
#5 C:\xampp\htdocs\isales\system\CodeIgniter.php(400): CodeIgniter\CodeIgniter->runController(Object(App\Controllers\Admin\AdminSpajController))
#6 C:\xampp\htdocs\isales\system\CodeIgniter.php(308): CodeIgniter\CodeIgniter->handleRequest(NULL, Object(Config\Cache), false)
#7 C:\xampp\htdocs\isales\index.php(45): CodeIgniter\CodeIgniter->run()
#8 {main}
CRITICAL - 2021-04-08 19:10:35 --> Undefined variable: no_proposal
#0 C:\xampp\htdocs\isales\app\Views\admin\spaj\preview.php(9): CodeIgniter\Debug\Exceptions->errorHandler(8, 'Undefined varia...', 'C:\\xampp\\htdocs...', 9, Array)
#1 C:\xampp\htdocs\isales\system\View\View.php(246): include('C:\\xampp\\htdocs...')
#2 C:\xampp\htdocs\isales\system\Common.php(1087): CodeIgniter\View\View->render('admin/spaj/prev...', Array, true)
#3 C:\xampp\htdocs\isales\app\Controllers\Admin\AdminSpajController.php(139): view('admin/spaj/prev...', Array)
#4 C:\xampp\htdocs\isales\system\CodeIgniter.php(914): App\Controllers\Admin\AdminSpajController->printPdf('14')
#5 C:\xampp\htdocs\isales\system\CodeIgniter.php(400): CodeIgniter\CodeIgniter->runController(Object(App\Controllers\Admin\AdminSpajController))
#6 C:\xampp\htdocs\isales\system\CodeIgniter.php(308): CodeIgniter\CodeIgniter->handleRequest(NULL, Object(Config\Cache), false)
#7 C:\xampp\htdocs\isales\index.php(45): CodeIgniter\CodeIgniter->run()
#8 {main}
CRITICAL - 2021-04-08 19:18:31 --> Undefined variable: spaj
#0 C:\xampp\htdocs\isales\app\Views\admin\spaj\preview.php(9): CodeIgniter\Debug\Exceptions->errorHandler(8, 'Undefined varia...', 'C:\\xampp\\htdocs...', 9, Array)
#1 C:\xampp\htdocs\isales\system\View\View.php(246): include('C:\\xampp\\htdocs...')
#2 C:\xampp\htdocs\isales\system\Common.php(1087): CodeIgniter\View\View->render('admin/spaj/prev...', Array, true)
#3 C:\xampp\htdocs\isales\app\Controllers\Admin\AdminSpajController.php(139): view('admin/spaj/prev...', Array)
#4 C:\xampp\htdocs\isales\system\CodeIgniter.php(914): App\Controllers\Admin\AdminSpajController->printPdf('14')
#5 C:\xampp\htdocs\isales\system\CodeIgniter.php(400): CodeIgniter\CodeIgniter->runController(Object(App\Controllers\Admin\AdminSpajController))
#6 C:\xampp\htdocs\isales\system\CodeIgniter.php(308): CodeIgniter\CodeIgniter->handleRequest(NULL, Object(Config\Cache), false)
#7 C:\xampp\htdocs\isales\index.php(45): CodeIgniter\CodeIgniter->run()
#8 {main}
CRITICAL - 2021-04-08 19:18:58 --> Undefined variable: spaj
#0 C:\xampp\htdocs\isales\app\Views\admin\spaj\preview.php(9): CodeIgniter\Debug\Exceptions->errorHandler(8, 'Undefined varia...', 'C:\\xampp\\htdocs...', 9, Array)
#1 C:\xampp\htdocs\isales\system\View\View.php(246): include('C:\\xampp\\htdocs...')
#2 C:\xampp\htdocs\isales\system\Common.php(1087): CodeIgniter\View\View->render('admin/spaj/prev...', Array, true)
#3 C:\xampp\htdocs\isales\app\Controllers\Admin\AdminSpajController.php(139): view('admin/spaj/prev...', Array)
#4 C:\xampp\htdocs\isales\system\CodeIgniter.php(914): App\Controllers\Admin\AdminSpajController->printPdf('14')
#5 C:\xampp\htdocs\isales\system\CodeIgniter.php(400): CodeIgniter\CodeIgniter->runController(Object(App\Controllers\Admin\AdminSpajController))
#6 C:\xampp\htdocs\isales\system\CodeIgniter.php(308): CodeIgniter\CodeIgniter->handleRequest(NULL, Object(Config\Cache), false)
#7 C:\xampp\htdocs\isales\index.php(45): CodeIgniter\CodeIgniter->run()
#8 {main}
CRITICAL - 2021-04-08 19:22:10 --> Invalid file: admin/spaj.php
#0 C:\xampp\htdocs\isales\system\View\View.php(228): CodeIgniter\Exceptions\FrameworkException::forInvalidFile('admin/spaj.php')
#1 C:\xampp\htdocs\isales\system\Common.php(1087): CodeIgniter\View\View->render('admin/spaj', Array, true)
#2 C:\xampp\htdocs\isales\app\Controllers\Admin\AdminSpajController.php(139): view('admin/spaj', Array)
#3 C:\xampp\htdocs\isales\system\CodeIgniter.php(914): App\Controllers\Admin\AdminSpajController->printPdf('14')
#4 C:\xampp\htdocs\isales\system\CodeIgniter.php(400): CodeIgniter\CodeIgniter->runController(Object(App\Controllers\Admin\AdminSpajController))
#5 C:\xampp\htdocs\isales\system\CodeIgniter.php(308): CodeIgniter\CodeIgniter->handleRequest(NULL, Object(Config\Cache), false)
#6 C:\xampp\htdocs\isales\index.php(45): CodeIgniter\CodeIgniter->run()
#7 {main}
CRITICAL - 2021-04-08 19:22:25 --> Invalid file: admin/spaj.php
#0 C:\xampp\htdocs\isales\system\View\View.php(228): CodeIgniter\Exceptions\FrameworkException::forInvalidFile('admin/spaj.php')
#1 C:\xampp\htdocs\isales\system\Common.php(1087): CodeIgniter\View\View->render('admin/spaj', Array, true)
#2 C:\xampp\htdocs\isales\app\Controllers\Admin\AdminSpajController.php(139): view('admin/spaj', Array)
#3 C:\xampp\htdocs\isales\system\CodeIgniter.php(914): App\Controllers\Admin\AdminSpajController->printPdf('14')
#4 C:\xampp\htdocs\isales\system\CodeIgniter.php(400): CodeIgniter\CodeIgniter->runController(Object(App\Controllers\Admin\AdminSpajController))
#5 C:\xampp\htdocs\isales\system\CodeIgniter.php(308): CodeIgniter\CodeIgniter->handleRequest(NULL, Object(Config\Cache), false)
#6 C:\xampp\htdocs\isales\index.php(45): CodeIgniter\CodeIgniter->run()
#7 {main}
CRITICAL - 2021-04-08 19:25:28 --> Undefined variable: spaj
#0 C:\xampp\htdocs\isales\app\Views\admin\spaj\preview.php(9): CodeIgniter\Debug\Exceptions->errorHandler(8, 'Undefined varia...', 'C:\\xampp\\htdocs...', 9, Array)
#1 C:\xampp\htdocs\isales\system\View\View.php(246): include('C:\\xampp\\htdocs...')
#2 C:\xampp\htdocs\isales\system\Common.php(1087): CodeIgniter\View\View->render('admin/spaj/prev...', Array, true)
#3 C:\xampp\htdocs\isales\app\Controllers\Admin\AdminSpajController.php(108): view('admin/spaj/prev...', Array)
#4 C:\xampp\htdocs\isales\system\CodeIgniter.php(914): App\Controllers\Admin\AdminSpajController->preview('14')
#5 C:\xampp\htdocs\isales\system\CodeIgniter.php(400): CodeIgniter\CodeIgniter->runController(Object(App\Controllers\Admin\AdminSpajController))
#6 C:\xampp\htdocs\isales\system\CodeIgniter.php(308): CodeIgniter\CodeIgniter->handleRequest(NULL, Object(Config\Cache), false)
#7 C:\xampp\htdocs\isales\index.php(45): CodeIgniter\CodeIgniter->run()
#8 {main}
CRITICAL - 2021-04-08 19:27:25 --> Undefined variable: spaj
#0 C:\xampp\htdocs\isales\app\Views\admin\spaj\preview.php(9): CodeIgniter\Debug\Exceptions->errorHandler(8, 'Undefined varia...', 'C:\\xampp\\htdocs...', 9, Array)
#1 C:\xampp\htdocs\isales\system\View\View.php(246): include('C:\\xampp\\htdocs...')
#2 C:\xampp\htdocs\isales\system\Common.php(1087): CodeIgniter\View\View->render('admin/spaj/prev...', Array, true)
#3 C:\xampp\htdocs\isales\app\Controllers\Admin\AdminSpajController.php(126): view('admin/spaj/prev...', Array)
#4 C:\xampp\htdocs\isales\system\CodeIgniter.php(914): App\Controllers\Admin\AdminSpajController->printPdf('14')
#5 C:\xampp\htdocs\isales\system\CodeIgniter.php(400): CodeIgniter\CodeIgniter->runController(Object(App\Controllers\Admin\AdminSpajController))
#6 C:\xampp\htdocs\isales\system\CodeIgniter.php(308): CodeIgniter\CodeIgniter->handleRequest(NULL, Object(Config\Cache), false)
#7 C:\xampp\htdocs\isales\index.php(45): CodeIgniter\CodeIgniter->run()
#8 {main}
CRITICAL - 2021-04-08 19:27:42 --> Undefined variable: spaj
#0 C:\xampp\htdocs\isales\app\Views\admin\spaj\preview.php(9): CodeIgniter\Debug\Exceptions->errorHandler(8, 'Undefined varia...', 'C:\\xampp\\htdocs...', 9, Array)
#1 C:\xampp\htdocs\isales\system\View\View.php(246): include('C:\\xampp\\htdocs...')
#2 C:\xampp\htdocs\isales\system\Common.php(1087): CodeIgniter\View\View->render('admin/spaj/prev...', Array, true)
#3 C:\xampp\htdocs\isales\app\Controllers\Admin\AdminSpajController.php(95): view('admin/spaj/prev...', Array)
#4 C:\xampp\htdocs\isales\system\CodeIgniter.php(914): App\Controllers\Admin\AdminSpajController->preview('14')
#5 C:\xampp\htdocs\isales\system\CodeIgniter.php(400): CodeIgniter\CodeIgniter->runController(Object(App\Controllers\Admin\AdminSpajController))
#6 C:\xampp\htdocs\isales\system\CodeIgniter.php(308): CodeIgniter\CodeIgniter->handleRequest(NULL, Object(Config\Cache), false)
#7 C:\xampp\htdocs\isales\index.php(45): CodeIgniter\CodeIgniter->run()
#8 {main}
CRITICAL - 2021-04-08 19:32:37 --> Undefined variable: spaj
#0 C:\xampp\htdocs\isales\app\Views\admin\spaj\preview.php(9): CodeIgniter\Debug\Exceptions->errorHandler(8, 'Undefined varia...', 'C:\\xampp\\htdocs...', 9, Array)
#1 C:\xampp\htdocs\isales\system\View\View.php(246): include('C:\\xampp\\htdocs...')
#2 C:\xampp\htdocs\isales\system\Common.php(1087): CodeIgniter\View\View->render('admin/spaj/prev...', Array, true)
#3 C:\xampp\htdocs\isales\app\Controllers\Admin\AdminSpajController.php(110): view('admin/spaj/prev...', Array)
#4 C:\xampp\htdocs\isales\system\CodeIgniter.php(914): App\Controllers\Admin\AdminSpajController->preview('14')
#5 C:\xampp\htdocs\isales\system\CodeIgniter.php(400): CodeIgniter\CodeIgniter->runController(Object(App\Controllers\Admin\AdminSpajController))
#6 C:\xampp\htdocs\isales\system\CodeIgniter.php(308): CodeIgniter\CodeIgniter->handleRequest(NULL, Object(Config\Cache), false)
#7 C:\xampp\htdocs\isales\index.php(45): CodeIgniter\CodeIgniter->run()
#8 {main}
