CRITICAL - 2021-03-23 12:08:02 --> Cannot redeclare App\Controllers\Admin\AdminRecordingController::index()
#0 [internal function]: CodeIgniter\Debug\Exceptions->shutdownHandler()
#1 {main}
CRITICAL - 2021-03-23 12:09:44 --> Call to a member function add_data() on null
#0 C:\xampp\htdocs\isales\system\CodeIgniter.php(914): App\Controllers\Admin\AdminRecordingController->index()
#1 C:\xampp\htdocs\isales\system\CodeIgniter.php(400): CodeIgniter\CodeIgniter->runController(Object(App\Controllers\Admin\AdminRecordingController))
#2 C:\xampp\htdocs\isales\system\CodeIgniter.php(308): CodeIgniter\CodeIgniter->handleRequest(NULL, Object(Config\Cache), false)
#3 C:\xampp\htdocs\isales\index.php(45): CodeIgniter\CodeIgniter->run()
#4 {main}
CRITICAL - 2021-03-23 12:09:54 --> Call to a member function add_data() on null
#0 C:\xampp\htdocs\isales\system\CodeIgniter.php(914): App\Controllers\Admin\AdminRecordingController->index()
#1 C:\xampp\htdocs\isales\system\CodeIgniter.php(400): CodeIgniter\CodeIgniter->runController(Object(App\Controllers\Admin\AdminRecordingController))
#2 C:\xampp\htdocs\isales\system\CodeIgniter.php(308): CodeIgniter\CodeIgniter->handleRequest(NULL, Object(Config\Cache), false)
#3 C:\xampp\htdocs\isales\index.php(45): CodeIgniter\CodeIgniter->run()
#4 {main}
CRITICAL - 2021-03-23 12:10:44 --> Call to a member function add_data() on null
#0 C:\xampp\htdocs\isales\system\CodeIgniter.php(914): App\Controllers\Admin\AdminRecordingController->index()
#1 C:\xampp\htdocs\isales\system\CodeIgniter.php(400): CodeIgniter\CodeIgniter->runController(Object(App\Controllers\Admin\AdminRecordingController))
#2 C:\xampp\htdocs\isales\system\CodeIgniter.php(308): CodeIgniter\CodeIgniter->handleRequest(NULL, Object(Config\Cache), false)
#3 C:\xampp\htdocs\isales\index.php(45): CodeIgniter\CodeIgniter->run()
#4 {main}
CRITICAL - 2021-03-23 12:11:14 --> Call to a member function get_zip() on null
#0 C:\xampp\htdocs\isales\system\CodeIgniter.php(914): App\Controllers\Admin\AdminRecordingController->index()
#1 C:\xampp\htdocs\isales\system\CodeIgniter.php(400): CodeIgniter\CodeIgniter->runController(Object(App\Controllers\Admin\AdminRecordingController))
#2 C:\xampp\htdocs\isales\system\CodeIgniter.php(308): CodeIgniter\CodeIgniter->handleRequest(NULL, Object(Config\Cache), false)
#3 C:\xampp\htdocs\isales\index.php(45): CodeIgniter\CodeIgniter->run()
#4 {main}
CRITICAL - 2021-03-23 12:11:23 --> Call to a member function get_zip() on null
#0 C:\xampp\htdocs\isales\system\CodeIgniter.php(914): App\Controllers\Admin\AdminRecordingController->index()
#1 C:\xampp\htdocs\isales\system\CodeIgniter.php(400): CodeIgniter\CodeIgniter->runController(Object(App\Controllers\Admin\AdminRecordingController))
#2 C:\xampp\htdocs\isales\system\CodeIgniter.php(308): CodeIgniter\CodeIgniter->handleRequest(NULL, Object(Config\Cache), false)
#3 C:\xampp\htdocs\isales\index.php(45): CodeIgniter\CodeIgniter->run()
#4 {main}
CRITICAL - 2021-03-23 12:11:33 --> Call to a member function get_zip() on null
#0 C:\xampp\htdocs\isales\system\CodeIgniter.php(914): App\Controllers\Admin\AdminRecordingController->index()
#1 C:\xampp\htdocs\isales\system\CodeIgniter.php(400): CodeIgniter\CodeIgniter->runController(Object(App\Controllers\Admin\AdminRecordingController))
#2 C:\xampp\htdocs\isales\system\CodeIgniter.php(308): CodeIgniter\CodeIgniter->handleRequest(NULL, Object(Config\Cache), false)
#3 C:\xampp\htdocs\isales\index.php(45): CodeIgniter\CodeIgniter->run()
#4 {main}
CRITICAL - 2021-03-23 12:14:31 --> Call to undefined function App\Controllers\Admin\library()
#0 C:\xampp\htdocs\isales\system\CodeIgniter.php(914): App\Controllers\Admin\AdminRecordingController->index()
#1 C:\xampp\htdocs\isales\system\CodeIgniter.php(400): CodeIgniter\CodeIgniter->runController(Object(App\Controllers\Admin\AdminRecordingController))
#2 C:\xampp\htdocs\isales\system\CodeIgniter.php(308): CodeIgniter\CodeIgniter->handleRequest(NULL, Object(Config\Cache), false)
#3 C:\xampp\htdocs\isales\index.php(45): CodeIgniter\CodeIgniter->run()
#4 {main}
CRITICAL - 2021-03-23 12:14:33 --> Call to undefined function App\Controllers\Admin\library()
#0 C:\xampp\htdocs\isales\system\CodeIgniter.php(914): App\Controllers\Admin\AdminRecordingController->index()
#1 C:\xampp\htdocs\isales\system\CodeIgniter.php(400): CodeIgniter\CodeIgniter->runController(Object(App\Controllers\Admin\AdminRecordingController))
#2 C:\xampp\htdocs\isales\system\CodeIgniter.php(308): CodeIgniter\CodeIgniter->handleRequest(NULL, Object(Config\Cache), false)
#3 C:\xampp\htdocs\isales\index.php(45): CodeIgniter\CodeIgniter->run()
#4 {main}
CRITICAL - 2021-03-23 12:14:40 --> Call to undefined function App\Controllers\Admin\library()
#0 C:\xampp\htdocs\isales\system\CodeIgniter.php(914): App\Controllers\Admin\AdminRecordingController->index()
#1 C:\xampp\htdocs\isales\system\CodeIgniter.php(400): CodeIgniter\CodeIgniter->runController(Object(App\Controllers\Admin\AdminRecordingController))
#2 C:\xampp\htdocs\isales\system\CodeIgniter.php(308): CodeIgniter\CodeIgniter->handleRequest(NULL, Object(Config\Cache), false)
#3 C:\xampp\htdocs\isales\index.php(45): CodeIgniter\CodeIgniter->run()
#4 {main}
CRITICAL - 2021-03-23 12:15:02 --> Call to a member function library() on null
#0 C:\xampp\htdocs\isales\system\CodeIgniter.php(914): App\Controllers\Admin\AdminRecordingController->index()
#1 C:\xampp\htdocs\isales\system\CodeIgniter.php(400): CodeIgniter\CodeIgniter->runController(Object(App\Controllers\Admin\AdminRecordingController))
#2 C:\xampp\htdocs\isales\system\CodeIgniter.php(308): CodeIgniter\CodeIgniter->handleRequest(NULL, Object(Config\Cache), false)
#3 C:\xampp\htdocs\isales\index.php(45): CodeIgniter\CodeIgniter->run()
#4 {main}
CRITICAL - 2021-03-23 12:16:20 --> Call to a member function library() on null
#0 C:\xampp\htdocs\isales\system\CodeIgniter.php(914): App\Controllers\Admin\AdminRecordingController->index()
#1 C:\xampp\htdocs\isales\system\CodeIgniter.php(400): CodeIgniter\CodeIgniter->runController(Object(App\Controllers\Admin\AdminRecordingController))
#2 C:\xampp\htdocs\isales\system\CodeIgniter.php(308): CodeIgniter\CodeIgniter->handleRequest(NULL, Object(Config\Cache), false)
#3 C:\xampp\htdocs\isales\index.php(45): CodeIgniter\CodeIgniter->run()
#4 {main}
CRITICAL - 2021-03-23 12:16:43 --> Call to a member function library() on null
#0 C:\xampp\htdocs\isales\system\CodeIgniter.php(914): App\Controllers\Admin\AdminRecordingController->index()
#1 C:\xampp\htdocs\isales\system\CodeIgniter.php(400): CodeIgniter\CodeIgniter->runController(Object(App\Controllers\Admin\AdminRecordingController))
#2 C:\xampp\htdocs\isales\system\CodeIgniter.php(308): CodeIgniter\CodeIgniter->handleRequest(NULL, Object(Config\Cache), false)
#3 C:\xampp\htdocs\isales\index.php(45): CodeIgniter\CodeIgniter->run()
#4 {main}
CRITICAL - 2021-03-23 12:16:46 --> Call to a member function library() on null
#0 C:\xampp\htdocs\isales\system\CodeIgniter.php(914): App\Controllers\Admin\AdminRecordingController->index()
#1 C:\xampp\htdocs\isales\system\CodeIgniter.php(400): CodeIgniter\CodeIgniter->runController(Object(App\Controllers\Admin\AdminRecordingController))
#2 C:\xampp\htdocs\isales\system\CodeIgniter.php(308): CodeIgniter\CodeIgniter->handleRequest(NULL, Object(Config\Cache), false)
#3 C:\xampp\htdocs\isales\index.php(45): CodeIgniter\CodeIgniter->run()
#4 {main}
CRITICAL - 2021-03-23 12:17:51 --> Call to a member function library() on null
#0 C:\xampp\htdocs\isales\system\CodeIgniter.php(914): App\Controllers\Admin\AdminRecordingController->index()
#1 C:\xampp\htdocs\isales\system\CodeIgniter.php(400): CodeIgniter\CodeIgniter->runController(Object(App\Controllers\Admin\AdminRecordingController))
#2 C:\xampp\htdocs\isales\system\CodeIgniter.php(308): CodeIgniter\CodeIgniter->handleRequest(NULL, Object(Config\Cache), false)
#3 C:\xampp\htdocs\isales\index.php(45): CodeIgniter\CodeIgniter->run()
#4 {main}
CRITICAL - 2021-03-23 12:18:03 --> Call to a member function library() on null
#0 C:\xampp\htdocs\isales\system\CodeIgniter.php(914): App\Controllers\Admin\AdminRecordingController->index()
#1 C:\xampp\htdocs\isales\system\CodeIgniter.php(400): CodeIgniter\CodeIgniter->runController(Object(App\Controllers\Admin\AdminRecordingController))
#2 C:\xampp\htdocs\isales\system\CodeIgniter.php(308): CodeIgniter\CodeIgniter->handleRequest(NULL, Object(Config\Cache), false)
#3 C:\xampp\htdocs\isales\index.php(45): CodeIgniter\CodeIgniter->run()
#4 {main}
CRITICAL - 2021-03-23 12:18:20 --> Call to a member function library() on null
#0 C:\xampp\htdocs\isales\system\CodeIgniter.php(914): App\Controllers\Admin\AdminRecordingController->index()
#1 C:\xampp\htdocs\isales\system\CodeIgniter.php(400): CodeIgniter\CodeIgniter->runController(Object(App\Controllers\Admin\AdminRecordingController))
#2 C:\xampp\htdocs\isales\system\CodeIgniter.php(308): CodeIgniter\CodeIgniter->handleRequest(NULL, Object(Config\Cache), false)
#3 C:\xampp\htdocs\isales\index.php(45): CodeIgniter\CodeIgniter->run()
#4 {main}
CRITICAL - 2021-03-23 12:58:52 --> syntax error, unexpected end of file, expecting function (T_FUNCTION) or const (T_CONST)
#0 C:\xampp\htdocs\isales\system\Autoloader\Autoloader.php(296): CodeIgniter\Autoloader\Autoloader->requireFile('C:\\xampp\\htdocs...')
#1 C:\xampp\htdocs\isales\system\Autoloader\Autoloader.php(258): CodeIgniter\Autoloader\Autoloader->loadInNamespace('App\\Controllers...')
#2 [internal function]: CodeIgniter\Autoloader\Autoloader->loadClass('App\\Controllers...')
#3 [internal function]: spl_autoload_call('App\\Controllers...')
#4 C:\xampp\htdocs\isales\system\CodeIgniter.php(865): class_exists('\\App\\Controller...', true)
#5 C:\xampp\htdocs\isales\system\CodeIgniter.php(390): CodeIgniter\CodeIgniter->startController()
#6 C:\xampp\htdocs\isales\system\CodeIgniter.php(308): CodeIgniter\CodeIgniter->handleRequest(NULL, Object(Config\Cache), false)
#7 C:\xampp\htdocs\isales\index.php(45): CodeIgniter\CodeIgniter->run()
#8 {main}
CRITICAL - 2021-03-23 13:01:00 --> syntax error, unexpected end of file, expecting function (T_FUNCTION) or const (T_CONST)
#0 C:\xampp\htdocs\isales\system\Autoloader\Autoloader.php(296): CodeIgniter\Autoloader\Autoloader->requireFile('C:\\xampp\\htdocs...')
#1 C:\xampp\htdocs\isales\system\Autoloader\Autoloader.php(258): CodeIgniter\Autoloader\Autoloader->loadInNamespace('App\\Controllers...')
#2 [internal function]: CodeIgniter\Autoloader\Autoloader->loadClass('App\\Controllers...')
#3 [internal function]: spl_autoload_call('App\\Controllers...')
#4 C:\xampp\htdocs\isales\system\CodeIgniter.php(865): class_exists('\\App\\Controller...', true)
#5 C:\xampp\htdocs\isales\system\CodeIgniter.php(390): CodeIgniter\CodeIgniter->startController()
#6 C:\xampp\htdocs\isales\system\CodeIgniter.php(308): CodeIgniter\CodeIgniter->handleRequest(NULL, Object(Config\Cache), false)
#7 C:\xampp\htdocs\isales\index.php(45): CodeIgniter\CodeIgniter->run()
#8 {main}
CRITICAL - 2021-03-23 13:03:15 --> syntax error, unexpected end of file, expecting function (T_FUNCTION) or const (T_CONST)
#0 C:\xampp\htdocs\isales\system\Autoloader\Autoloader.php(296): CodeIgniter\Autoloader\Autoloader->requireFile('C:\\xampp\\htdocs...')
#1 C:\xampp\htdocs\isales\system\Autoloader\Autoloader.php(258): CodeIgniter\Autoloader\Autoloader->loadInNamespace('App\\Controllers...')
#2 [internal function]: CodeIgniter\Autoloader\Autoloader->loadClass('App\\Controllers...')
#3 [internal function]: spl_autoload_call('App\\Controllers...')
#4 C:\xampp\htdocs\isales\system\CodeIgniter.php(865): class_exists('\\App\\Controller...', true)
#5 C:\xampp\htdocs\isales\system\CodeIgniter.php(390): CodeIgniter\CodeIgniter->startController()
#6 C:\xampp\htdocs\isales\system\CodeIgniter.php(308): CodeIgniter\CodeIgniter->handleRequest(NULL, Object(Config\Cache), false)
#7 C:\xampp\htdocs\isales\index.php(45): CodeIgniter\CodeIgniter->run()
#8 {main}
CRITICAL - 2021-03-23 13:03:34 --> syntax error, unexpected end of file, expecting function (T_FUNCTION) or const (T_CONST)
#0 C:\xampp\htdocs\isales\system\Autoloader\Autoloader.php(296): CodeIgniter\Autoloader\Autoloader->requireFile('C:\\xampp\\htdocs...')
#1 C:\xampp\htdocs\isales\system\Autoloader\Autoloader.php(258): CodeIgniter\Autoloader\Autoloader->loadInNamespace('App\\Controllers...')
#2 [internal function]: CodeIgniter\Autoloader\Autoloader->loadClass('App\\Controllers...')
#3 [internal function]: spl_autoload_call('App\\Controllers...')
#4 C:\xampp\htdocs\isales\system\CodeIgniter.php(865): class_exists('\\App\\Controller...', true)
#5 C:\xampp\htdocs\isales\system\CodeIgniter.php(390): CodeIgniter\CodeIgniter->startController()
#6 C:\xampp\htdocs\isales\system\CodeIgniter.php(308): CodeIgniter\CodeIgniter->handleRequest(NULL, Object(Config\Cache), false)
#7 C:\xampp\htdocs\isales\index.php(45): CodeIgniter\CodeIgniter->run()
#8 {main}
CRITICAL - 2021-03-23 13:08:44 --> syntax error, unexpected 'class' (T_CLASS), expecting ';' or ','
#0 C:\xampp\htdocs\isales\system\Autoloader\Autoloader.php(296): CodeIgniter\Autoloader\Autoloader->requireFile('C:\\xampp\\htdocs...')
#1 C:\xampp\htdocs\isales\system\Autoloader\Autoloader.php(258): CodeIgniter\Autoloader\Autoloader->loadInNamespace('App\\Controllers...')
#2 [internal function]: CodeIgniter\Autoloader\Autoloader->loadClass('App\\Controllers...')
#3 [internal function]: spl_autoload_call('App\\Controllers...')
#4 C:\xampp\htdocs\isales\system\CodeIgniter.php(865): class_exists('\\App\\Controller...', true)
#5 C:\xampp\htdocs\isales\system\CodeIgniter.php(390): CodeIgniter\CodeIgniter->startController()
#6 C:\xampp\htdocs\isales\system\CodeIgniter.php(308): CodeIgniter\CodeIgniter->handleRequest(NULL, Object(Config\Cache), false)
#7 C:\xampp\htdocs\isales\index.php(45): CodeIgniter\CodeIgniter->run()
#8 {main}
CRITICAL - 2021-03-23 13:13:17 --> syntax error, unexpected 'class' (T_CLASS), expecting ';' or ','
#0 C:\xampp\htdocs\isales\system\Autoloader\Autoloader.php(296): CodeIgniter\Autoloader\Autoloader->requireFile('C:\\xampp\\htdocs...')
#1 C:\xampp\htdocs\isales\system\Autoloader\Autoloader.php(258): CodeIgniter\Autoloader\Autoloader->loadInNamespace('App\\Controllers...')
#2 [internal function]: CodeIgniter\Autoloader\Autoloader->loadClass('App\\Controllers...')
#3 [internal function]: spl_autoload_call('App\\Controllers...')
#4 C:\xampp\htdocs\isales\system\CodeIgniter.php(865): class_exists('\\App\\Controller...', true)
#5 C:\xampp\htdocs\isales\system\CodeIgniter.php(390): CodeIgniter\CodeIgniter->startController()
#6 C:\xampp\htdocs\isales\system\CodeIgniter.php(308): CodeIgniter\CodeIgniter->handleRequest(NULL, Object(Config\Cache), false)
#7 C:\xampp\htdocs\isales\index.php(45): CodeIgniter\CodeIgniter->run()
#8 {main}
CRITICAL - 2021-03-23 13:15:26 --> syntax error, unexpected 'return' (T_RETURN), expecting function (T_FUNCTION) or const (T_CONST)
#0 C:\xampp\htdocs\isales\system\Autoloader\Autoloader.php(296): CodeIgniter\Autoloader\Autoloader->requireFile('C:\\xampp\\htdocs...')
#1 C:\xampp\htdocs\isales\system\Autoloader\Autoloader.php(258): CodeIgniter\Autoloader\Autoloader->loadInNamespace('App\\Controllers...')
#2 [internal function]: CodeIgniter\Autoloader\Autoloader->loadClass('App\\Controllers...')
#3 [internal function]: spl_autoload_call('App\\Controllers...')
#4 C:\xampp\htdocs\isales\system\CodeIgniter.php(865): class_exists('\\App\\Controller...', true)
#5 C:\xampp\htdocs\isales\system\CodeIgniter.php(390): CodeIgniter\CodeIgniter->startController()
#6 C:\xampp\htdocs\isales\system\CodeIgniter.php(308): CodeIgniter\CodeIgniter->handleRequest(NULL, Object(Config\Cache), false)
#7 C:\xampp\htdocs\isales\index.php(45): CodeIgniter\CodeIgniter->run()
#8 {main}
CRITICAL - 2021-03-23 13:16:47 --> syntax error, unexpected 'return' (T_RETURN), expecting function (T_FUNCTION) or const (T_CONST)
#0 C:\xampp\htdocs\isales\system\Autoloader\Autoloader.php(296): CodeIgniter\Autoloader\Autoloader->requireFile('C:\\xampp\\htdocs...')
#1 C:\xampp\htdocs\isales\system\Autoloader\Autoloader.php(258): CodeIgniter\Autoloader\Autoloader->loadInNamespace('App\\Controllers...')
#2 [internal function]: CodeIgniter\Autoloader\Autoloader->loadClass('App\\Controllers...')
#3 [internal function]: spl_autoload_call('App\\Controllers...')
#4 C:\xampp\htdocs\isales\system\CodeIgniter.php(865): class_exists('\\App\\Controller...', true)
#5 C:\xampp\htdocs\isales\system\CodeIgniter.php(390): CodeIgniter\CodeIgniter->startController()
#6 C:\xampp\htdocs\isales\system\CodeIgniter.php(308): CodeIgniter\CodeIgniter->handleRequest(NULL, Object(Config\Cache), false)
#7 C:\xampp\htdocs\isales\index.php(45): CodeIgniter\CodeIgniter->run()
#8 {main}
CRITICAL - 2021-03-23 15:36:22 --> {0} is not a validation rules group.
#0 C:\xampp\htdocs\isales\system\Validation\Validation.php(588): CodeIgniter\Validation\Exceptions\ValidationException::forGroupNotFound('downloadzipreco...')
#1 C:\xampp\htdocs\isales\system\Validation\Validation.php(149): CodeIgniter\Validation\Validation->loadRuleGroup('downloadzipreco...')
#2 C:\xampp\htdocs\isales\app\Controllers\ServicesAdmin\ServicesAdminController.php(221): CodeIgniter\Validation\Validation->run(Array, 'downloadzipreco...')
#3 C:\xampp\htdocs\isales\system\CodeIgniter.php(914): App\Controllers\ServicesAdmin\ServicesAdminController->listRecording()
#4 C:\xampp\htdocs\isales\system\CodeIgniter.php(400): CodeIgniter\CodeIgniter->runController(Object(App\Controllers\ServicesAdmin\ServicesAdminController))
#5 C:\xampp\htdocs\isales\system\CodeIgniter.php(308): CodeIgniter\CodeIgniter->handleRequest(NULL, Object(Config\Cache), false)
#6 C:\xampp\htdocs\isales\index.php(45): CodeIgniter\CodeIgniter->run()
#7 {main}
CRITICAL - 2021-03-23 17:10:08 --> syntax error, unexpected '}'
#0 C:\xampp\htdocs\isales\system\Autoloader\Autoloader.php(296): CodeIgniter\Autoloader\Autoloader->requireFile('C:\\xampp\\htdocs...')
#1 C:\xampp\htdocs\isales\system\Autoloader\Autoloader.php(258): CodeIgniter\Autoloader\Autoloader->loadInNamespace('App\\Controllers...')
#2 [internal function]: CodeIgniter\Autoloader\Autoloader->loadClass('App\\Controllers...')
#3 [internal function]: spl_autoload_call('App\\Controllers...')
#4 C:\xampp\htdocs\isales\system\CodeIgniter.php(865): class_exists('\\App\\Controller...', true)
#5 C:\xampp\htdocs\isales\system\CodeIgniter.php(390): CodeIgniter\CodeIgniter->startController()
#6 C:\xampp\htdocs\isales\system\CodeIgniter.php(308): CodeIgniter\CodeIgniter->handleRequest(NULL, Object(Config\Cache), false)
#7 C:\xampp\htdocs\isales\index.php(45): CodeIgniter\CodeIgniter->run()
#8 {main}
CRITICAL - 2021-03-23 17:43:55 --> syntax error, unexpected '}'
#0 C:\xampp\htdocs\isales\system\Autoloader\Autoloader.php(296): CodeIgniter\Autoloader\Autoloader->requireFile('C:\\xampp\\htdocs...')
#1 C:\xampp\htdocs\isales\system\Autoloader\Autoloader.php(258): CodeIgniter\Autoloader\Autoloader->loadInNamespace('App\\Controllers...')
#2 [internal function]: CodeIgniter\Autoloader\Autoloader->loadClass('App\\Controllers...')
#3 [internal function]: spl_autoload_call('App\\Controllers...')
#4 C:\xampp\htdocs\isales\system\CodeIgniter.php(865): class_exists('\\App\\Controller...', true)
#5 C:\xampp\htdocs\isales\system\CodeIgniter.php(390): CodeIgniter\CodeIgniter->startController()
#6 C:\xampp\htdocs\isales\system\CodeIgniter.php(308): CodeIgniter\CodeIgniter->handleRequest(NULL, Object(Config\Cache), false)
#7 C:\xampp\htdocs\isales\index.php(45): CodeIgniter\CodeIgniter->run()
#8 {main}
CRITICAL - 2021-03-23 17:45:22 --> syntax error, unexpected '}'
#0 C:\xampp\htdocs\isales\system\Autoloader\Autoloader.php(296): CodeIgniter\Autoloader\Autoloader->requireFile('C:\\xampp\\htdocs...')
#1 C:\xampp\htdocs\isales\system\Autoloader\Autoloader.php(258): CodeIgniter\Autoloader\Autoloader->loadInNamespace('App\\Controllers...')
#2 [internal function]: CodeIgniter\Autoloader\Autoloader->loadClass('App\\Controllers...')
#3 [internal function]: spl_autoload_call('App\\Controllers...')
#4 C:\xampp\htdocs\isales\system\CodeIgniter.php(865): class_exists('\\App\\Controller...', true)
#5 C:\xampp\htdocs\isales\system\CodeIgniter.php(390): CodeIgniter\CodeIgniter->startController()
#6 C:\xampp\htdocs\isales\system\CodeIgniter.php(308): CodeIgniter\CodeIgniter->handleRequest(NULL, Object(Config\Cache), false)
#7 C:\xampp\htdocs\isales\index.php(45): CodeIgniter\CodeIgniter->run()
#8 {main}
CRITICAL - 2021-03-23 17:45:27 --> syntax error, unexpected '}'
#0 C:\xampp\htdocs\isales\system\Autoloader\Autoloader.php(296): CodeIgniter\Autoloader\Autoloader->requireFile('C:\\xampp\\htdocs...')
#1 C:\xampp\htdocs\isales\system\Autoloader\Autoloader.php(258): CodeIgniter\Autoloader\Autoloader->loadInNamespace('App\\Controllers...')
#2 [internal function]: CodeIgniter\Autoloader\Autoloader->loadClass('App\\Controllers...')
#3 [internal function]: spl_autoload_call('App\\Controllers...')
#4 C:\xampp\htdocs\isales\system\CodeIgniter.php(865): class_exists('\\App\\Controller...', true)
#5 C:\xampp\htdocs\isales\system\CodeIgniter.php(390): CodeIgniter\CodeIgniter->startController()
#6 C:\xampp\htdocs\isales\system\CodeIgniter.php(308): CodeIgniter\CodeIgniter->handleRequest(NULL, Object(Config\Cache), false)
#7 C:\xampp\htdocs\isales\index.php(45): CodeIgniter\CodeIgniter->run()
#8 {main}
CRITICAL - 2021-03-23 17:46:08 --> syntax error, unexpected '}'
#0 C:\xampp\htdocs\isales\system\Autoloader\Autoloader.php(296): CodeIgniter\Autoloader\Autoloader->requireFile('C:\\xampp\\htdocs...')
#1 C:\xampp\htdocs\isales\system\Autoloader\Autoloader.php(258): CodeIgniter\Autoloader\Autoloader->loadInNamespace('App\\Controllers...')
#2 [internal function]: CodeIgniter\Autoloader\Autoloader->loadClass('App\\Controllers...')
#3 [internal function]: spl_autoload_call('App\\Controllers...')
#4 C:\xampp\htdocs\isales\system\CodeIgniter.php(865): class_exists('\\App\\Controller...', true)
#5 C:\xampp\htdocs\isales\system\CodeIgniter.php(390): CodeIgniter\CodeIgniter->startController()
#6 C:\xampp\htdocs\isales\system\CodeIgniter.php(308): CodeIgniter\CodeIgniter->handleRequest(NULL, Object(Config\Cache), false)
#7 C:\xampp\htdocs\isales\index.php(45): CodeIgniter\CodeIgniter->run()
#8 {main}
CRITICAL - 2021-03-23 17:46:47 --> syntax error, unexpected end of file, expecting function (T_FUNCTION) or const (T_CONST)
#0 C:\xampp\htdocs\isales\system\Autoloader\Autoloader.php(296): CodeIgniter\Autoloader\Autoloader->requireFile('C:\\xampp\\htdocs...')
#1 C:\xampp\htdocs\isales\system\Autoloader\Autoloader.php(258): CodeIgniter\Autoloader\Autoloader->loadInNamespace('App\\Controllers...')
#2 [internal function]: CodeIgniter\Autoloader\Autoloader->loadClass('App\\Controllers...')
#3 [internal function]: spl_autoload_call('App\\Controllers...')
#4 C:\xampp\htdocs\isales\system\CodeIgniter.php(865): class_exists('\\App\\Controller...', true)
#5 C:\xampp\htdocs\isales\system\CodeIgniter.php(390): CodeIgniter\CodeIgniter->startController()
#6 C:\xampp\htdocs\isales\system\CodeIgniter.php(308): CodeIgniter\CodeIgniter->handleRequest(NULL, Object(Config\Cache), false)
#7 C:\xampp\htdocs\isales\index.php(45): CodeIgniter\CodeIgniter->run()
#8 {main}
CRITICAL - 2021-03-23 17:54:01 --> Class 'Dompdf\Dompdf' not found
#0 C:\xampp\htdocs\isales\system\CodeIgniter.php(914): App\Controllers\Admin\AdminSpajController->printPdf('5')
#1 C:\xampp\htdocs\isales\system\CodeIgniter.php(400): CodeIgniter\CodeIgniter->runController(Object(App\Controllers\Admin\AdminSpajController))
#2 C:\xampp\htdocs\isales\system\CodeIgniter.php(308): CodeIgniter\CodeIgniter->handleRequest(NULL, Object(Config\Cache), false)
#3 C:\xampp\htdocs\isales\index.php(45): CodeIgniter\CodeIgniter->run()
#4 {main}
CRITICAL - 2021-03-23 17:58:18 --> Class 'Dompdf\Dompdf' not found
#0 C:\xampp\htdocs\isales\system\CodeIgniter.php(914): App\Controllers\Admin\AdminSpajController->printPdf()
#1 C:\xampp\htdocs\isales\system\CodeIgniter.php(400): CodeIgniter\CodeIgniter->runController(Object(App\Controllers\Admin\AdminSpajController))
#2 C:\xampp\htdocs\isales\system\CodeIgniter.php(308): CodeIgniter\CodeIgniter->handleRequest(NULL, Object(Config\Cache), false)
#3 C:\xampp\htdocs\isales\index.php(45): CodeIgniter\CodeIgniter->run()
#4 {main}
CRITICAL - 2021-03-23 18:01:25 --> Class 'Dompdf\Dompdf' not found
#0 C:\xampp\htdocs\isales\system\CodeIgniter.php(914): App\Controllers\Admin\AdminSpajController->printPdf()
#1 C:\xampp\htdocs\isales\system\CodeIgniter.php(400): CodeIgniter\CodeIgniter->runController(Object(App\Controllers\Admin\AdminSpajController))
#2 C:\xampp\htdocs\isales\system\CodeIgniter.php(308): CodeIgniter\CodeIgniter->handleRequest(NULL, Object(Config\Cache), false)
#3 C:\xampp\htdocs\isales\index.php(45): CodeIgniter\CodeIgniter->run()
#4 {main}
CRITICAL - 2021-03-23 18:01:55 --> Invalid file: {0}
#0 C:\xampp\htdocs\isales\system\View\View.php(228): CodeIgniter\Exceptions\FrameworkException::forInvalidFile('admin/spaj/pdf....')
#1 C:\xampp\htdocs\isales\system\Common.php(1087): CodeIgniter\View\View->render('admin/spaj/pdf', Array, true)
#2 C:\xampp\htdocs\isales\app\Controllers\Admin\AdminSpajController.php(108): view('admin/spaj/pdf')
#3 C:\xampp\htdocs\isales\system\CodeIgniter.php(914): App\Controllers\Admin\AdminSpajController->pdf()
#4 C:\xampp\htdocs\isales\system\CodeIgniter.php(400): CodeIgniter\CodeIgniter->runController(Object(App\Controllers\Admin\AdminSpajController))
#5 C:\xampp\htdocs\isales\system\CodeIgniter.php(308): CodeIgniter\CodeIgniter->handleRequest(NULL, Object(Config\Cache), false)
#6 C:\xampp\htdocs\isales\index.php(45): CodeIgniter\CodeIgniter->run()
#7 {main}
CRITICAL - 2021-03-23 18:13:01 --> Class 'App\Controllers\Admin\TCPDF' not found
#0 C:\xampp\htdocs\isales\system\CodeIgniter.php(914): App\Controllers\Admin\AdminSpajController->printPdf()
#1 C:\xampp\htdocs\isales\system\CodeIgniter.php(400): CodeIgniter\CodeIgniter->runController(Object(App\Controllers\Admin\AdminSpajController))
#2 C:\xampp\htdocs\isales\system\CodeIgniter.php(308): CodeIgniter\CodeIgniter->handleRequest(NULL, Object(Config\Cache), false)
#3 C:\xampp\htdocs\isales\index.php(45): CodeIgniter\CodeIgniter->run()
#4 {main}
CRITICAL - 2021-03-23 18:13:39 --> Class 'App\Controllers\Admin\TCPDF' not found
#0 C:\xampp\htdocs\isales\system\CodeIgniter.php(914): App\Controllers\Admin\AdminSpajController->printPdf()
#1 C:\xampp\htdocs\isales\system\CodeIgniter.php(400): CodeIgniter\CodeIgniter->runController(Object(App\Controllers\Admin\AdminSpajController))
#2 C:\xampp\htdocs\isales\system\CodeIgniter.php(308): CodeIgniter\CodeIgniter->handleRequest(NULL, Object(Config\Cache), false)
#3 C:\xampp\htdocs\isales\index.php(45): CodeIgniter\CodeIgniter->run()
#4 {main}
CRITICAL - 2021-03-23 18:15:44 --> Invalid file: {0}
#0 C:\xampp\htdocs\isales\system\View\View.php(228): CodeIgniter\Exceptions\FrameworkException::forInvalidFile('spaj/print.php')
#1 C:\xampp\htdocs\isales\system\Common.php(1087): CodeIgniter\View\View->render('spaj/print', Array, true)
#2 C:\xampp\htdocs\isales\app\Controllers\Admin\AdminSpajController.php(116): view('spaj/print', Array)
#3 C:\xampp\htdocs\isales\system\CodeIgniter.php(914): App\Controllers\Admin\AdminSpajController->printPdf()
#4 C:\xampp\htdocs\isales\system\CodeIgniter.php(400): CodeIgniter\CodeIgniter->runController(Object(App\Controllers\Admin\AdminSpajController))
#5 C:\xampp\htdocs\isales\system\CodeIgniter.php(308): CodeIgniter\CodeIgniter->handleRequest(NULL, Object(Config\Cache), false)
#6 C:\xampp\htdocs\isales\index.php(45): CodeIgniter\CodeIgniter->run()
#7 {main}
