CRITICAL - 2021-07-11 11:41:58 --> Trying to access array offset on value of type null
#0 C:\xampp\htdocs\isales-new\app\Controllers\Admin\AdminAuthController.php(43): CodeIgniter\Debug\Exceptions->errorHandler(8, 'Trying to acces...', 'C:\\xampp\\htdocs...', 43, Array)
#1 C:\xampp\htdocs\isales-new\system\CodeIgniter.php(914): App\Controllers\Admin\AdminAuthController->login()
#2 C:\xampp\htdocs\isales-new\system\CodeIgniter.php(400): CodeIgniter\CodeIgniter->runController(Object(App\Controllers\Admin\AdminAuthController))
#3 C:\xampp\htdocs\isales-new\system\CodeIgniter.php(308): CodeIgniter\CodeIgniter->handleRequest(NULL, Object(Config\Cache), false)
#4 C:\xampp\htdocs\isales-new\index.php(45): CodeIgniter\CodeIgniter->run()
#5 {main}
CRITICAL - 2021-07-11 11:44:03 --> Trying to access array offset on value of type null
#0 C:\xampp\htdocs\isales-new\app\Controllers\Admin\AdminAuthController.php(43): CodeIgniter\Debug\Exceptions->errorHandler(8, 'Trying to acces...', 'C:\\xampp\\htdocs...', 43, Array)
#1 C:\xampp\htdocs\isales-new\system\CodeIgniter.php(914): App\Controllers\Admin\AdminAuthController->login()
#2 C:\xampp\htdocs\isales-new\system\CodeIgniter.php(400): CodeIgniter\CodeIgniter->runController(Object(App\Controllers\Admin\AdminAuthController))
#3 C:\xampp\htdocs\isales-new\system\CodeIgniter.php(308): CodeIgniter\CodeIgniter->handleRequest(NULL, Object(Config\Cache), false)
#4 C:\xampp\htdocs\isales-new\index.php(45): CodeIgniter\CodeIgniter->run()
#5 {main}
CRITICAL - 2021-07-11 11:44:28 --> Trying to access array offset on value of type null
#0 C:\xampp\htdocs\isales-new\app\Controllers\Admin\AdminAuthController.php(43): CodeIgniter\Debug\Exceptions->errorHandler(8, 'Trying to acces...', 'C:\\xampp\\htdocs...', 43, Array)
#1 C:\xampp\htdocs\isales-new\system\CodeIgniter.php(914): App\Controllers\Admin\AdminAuthController->login()
#2 C:\xampp\htdocs\isales-new\system\CodeIgniter.php(400): CodeIgniter\CodeIgniter->runController(Object(App\Controllers\Admin\AdminAuthController))
#3 C:\xampp\htdocs\isales-new\system\CodeIgniter.php(308): CodeIgniter\CodeIgniter->handleRequest(NULL, Object(Config\Cache), false)
#4 C:\xampp\htdocs\isales-new\index.php(45): CodeIgniter\CodeIgniter->run()
#5 {main}
CRITICAL - 2021-07-11 11:45:06 --> Trying to access array offset on value of type null
#0 C:\xampp\htdocs\isales-new\app\Controllers\Admin\AdminPerformanceController.php(46): CodeIgniter\Debug\Exceptions->errorHandler(8, 'Trying to acces...', 'C:\\xampp\\htdocs...', 46, Array)
#1 C:\xampp\htdocs\isales-new\system\CodeIgniter.php(914): App\Controllers\Admin\AdminPerformanceController->index()
#2 C:\xampp\htdocs\isales-new\system\CodeIgniter.php(400): CodeIgniter\CodeIgniter->runController(Object(App\Controllers\Admin\AdminPerformanceController))
#3 C:\xampp\htdocs\isales-new\system\CodeIgniter.php(308): CodeIgniter\CodeIgniter->handleRequest(NULL, Object(Config\Cache), false)
#4 C:\xampp\htdocs\isales-new\index.php(45): CodeIgniter\CodeIgniter->run()
#5 {main}
CRITICAL - 2021-07-11 11:49:54 --> Trying to access array offset on value of type null
#0 C:\xampp\htdocs\isales-new\app\Controllers\Admin\AdminPerformanceController.php(46): CodeIgniter\Debug\Exceptions->errorHandler(8, 'Trying to acces...', 'C:\\xampp\\htdocs...', 46, Array)
#1 C:\xampp\htdocs\isales-new\system\CodeIgniter.php(914): App\Controllers\Admin\AdminPerformanceController->index()
#2 C:\xampp\htdocs\isales-new\system\CodeIgniter.php(400): CodeIgniter\CodeIgniter->runController(Object(App\Controllers\Admin\AdminPerformanceController))
#3 C:\xampp\htdocs\isales-new\system\CodeIgniter.php(308): CodeIgniter\CodeIgniter->handleRequest(NULL, Object(Config\Cache), false)
#4 C:\xampp\htdocs\isales-new\index.php(45): CodeIgniter\CodeIgniter->run()
#5 {main}
CRITICAL - 2021-07-11 11:52:58 --> Trying to access array offset on value of type null
#0 C:\xampp\htdocs\isales-new\app\Controllers\Admin\AdminPerformanceController.php(46): CodeIgniter\Debug\Exceptions->errorHandler(8, 'Trying to acces...', 'C:\\xampp\\htdocs...', 46, Array)
#1 C:\xampp\htdocs\isales-new\system\CodeIgniter.php(914): App\Controllers\Admin\AdminPerformanceController->index()
#2 C:\xampp\htdocs\isales-new\system\CodeIgniter.php(400): CodeIgniter\CodeIgniter->runController(Object(App\Controllers\Admin\AdminPerformanceController))
#3 C:\xampp\htdocs\isales-new\system\CodeIgniter.php(308): CodeIgniter\CodeIgniter->handleRequest(NULL, Object(Config\Cache), false)
#4 C:\xampp\htdocs\isales-new\index.php(45): CodeIgniter\CodeIgniter->run()
#5 {main}
CRITICAL - 2021-07-11 12:05:33 --> Trying to access array offset on value of type null
#0 C:\xampp\htdocs\isales-new\app\Controllers\Admin\AdminPerformanceController.php(46): CodeIgniter\Debug\Exceptions->errorHandler(8, 'Trying to acces...', 'C:\\xampp\\htdocs...', 46, Array)
#1 C:\xampp\htdocs\isales-new\system\CodeIgniter.php(914): App\Controllers\Admin\AdminPerformanceController->index()
#2 C:\xampp\htdocs\isales-new\system\CodeIgniter.php(400): CodeIgniter\CodeIgniter->runController(Object(App\Controllers\Admin\AdminPerformanceController))
#3 C:\xampp\htdocs\isales-new\system\CodeIgniter.php(308): CodeIgniter\CodeIgniter->handleRequest(NULL, Object(Config\Cache), false)
#4 C:\xampp\htdocs\isales-new\index.php(45): CodeIgniter\CodeIgniter->run()
#5 {main}
CRITICAL - 2021-07-11 13:27:39 --> Trying to access array offset on value of type null
#0 C:\xampp\htdocs\isales-new\app\Controllers\Admin\AdminPerformanceController.php(46): CodeIgniter\Debug\Exceptions->errorHandler(8, 'Trying to acces...', 'C:\\xampp\\htdocs...', 46, Array)
#1 C:\xampp\htdocs\isales-new\system\CodeIgniter.php(914): App\Controllers\Admin\AdminPerformanceController->index()
#2 C:\xampp\htdocs\isales-new\system\CodeIgniter.php(400): CodeIgniter\CodeIgniter->runController(Object(App\Controllers\Admin\AdminPerformanceController))
#3 C:\xampp\htdocs\isales-new\system\CodeIgniter.php(308): CodeIgniter\CodeIgniter->handleRequest(NULL, Object(Config\Cache), false)
#4 C:\xampp\htdocs\isales-new\index.php(45): CodeIgniter\CodeIgniter->run()
#5 {main}
CRITICAL - 2021-07-11 13:28:55 --> Trying to access array offset on value of type null
#0 C:\xampp\htdocs\isales-new\app\Controllers\Admin\AdminPerformanceController.php(46): CodeIgniter\Debug\Exceptions->errorHandler(8, 'Trying to acces...', 'C:\\xampp\\htdocs...', 46, Array)
#1 C:\xampp\htdocs\isales-new\system\CodeIgniter.php(914): App\Controllers\Admin\AdminPerformanceController->index()
#2 C:\xampp\htdocs\isales-new\system\CodeIgniter.php(400): CodeIgniter\CodeIgniter->runController(Object(App\Controllers\Admin\AdminPerformanceController))
#3 C:\xampp\htdocs\isales-new\system\CodeIgniter.php(308): CodeIgniter\CodeIgniter->handleRequest(NULL, Object(Config\Cache), false)
#4 C:\xampp\htdocs\isales-new\index.php(45): CodeIgniter\CodeIgniter->run()
#5 {main}
CRITICAL - 2021-07-11 13:30:43 --> Trying to access array offset on value of type null
#0 C:\xampp\htdocs\isales-new\app\Controllers\Admin\AdminPerformanceController.php(46): CodeIgniter\Debug\Exceptions->errorHandler(8, 'Trying to acces...', 'C:\\xampp\\htdocs...', 46, Array)
#1 C:\xampp\htdocs\isales-new\system\CodeIgniter.php(914): App\Controllers\Admin\AdminPerformanceController->index()
#2 C:\xampp\htdocs\isales-new\system\CodeIgniter.php(400): CodeIgniter\CodeIgniter->runController(Object(App\Controllers\Admin\AdminPerformanceController))
#3 C:\xampp\htdocs\isales-new\system\CodeIgniter.php(308): CodeIgniter\CodeIgniter->handleRequest(NULL, Object(Config\Cache), false)
#4 C:\xampp\htdocs\isales-new\index.php(45): CodeIgniter\CodeIgniter->run()
#5 {main}
CRITICAL - 2021-07-11 15:41:40 --> Trying to access array offset on value of type null
#0 C:\xampp\htdocs\isales-new\app\Controllers\Admin\AdminPerformanceController.php(46): CodeIgniter\Debug\Exceptions->errorHandler(8, 'Trying to acces...', 'C:\\xampp\\htdocs...', 46, Array)
#1 C:\xampp\htdocs\isales-new\system\CodeIgniter.php(914): App\Controllers\Admin\AdminPerformanceController->index()
#2 C:\xampp\htdocs\isales-new\system\CodeIgniter.php(400): CodeIgniter\CodeIgniter->runController(Object(App\Controllers\Admin\AdminPerformanceController))
#3 C:\xampp\htdocs\isales-new\system\CodeIgniter.php(308): CodeIgniter\CodeIgniter->handleRequest(NULL, Object(Config\Cache), false)
#4 C:\xampp\htdocs\isales-new\index.php(45): CodeIgniter\CodeIgniter->run()
#5 {main}
CRITICAL - 2021-07-11 20:04:19 --> Maximum execution time of 120 seconds exceeded
#0 [internal function]: CodeIgniter\Debug\Exceptions->shutdownHandler()
#1 {main}
CRITICAL - 2021-07-11 20:04:19 --> Maximum execution time of 120 seconds exceeded
#0 [internal function]: CodeIgniter\Debug\Exceptions->shutdownHandler()
#1 {main}
CRITICAL - 2021-07-11 20:04:19 --> Maximum execution time of 120 seconds exceeded
#0 [internal function]: CodeIgniter\Debug\Exceptions->shutdownHandler()
#1 {main}
CRITICAL - 2021-07-11 20:04:19 --> Maximum execution time of 120 seconds exceeded
#0 [internal function]: CodeIgniter\Debug\Exceptions->shutdownHandler()
#1 {main}
CRITICAL - 2021-07-11 20:04:19 --> Maximum execution time of 120 seconds exceeded
#0 [internal function]: CodeIgniter\Debug\Exceptions->shutdownHandler()
#1 {main}
CRITICAL - 2021-07-11 20:04:19 --> Maximum execution time of 120 seconds exceeded
#0 [internal function]: CodeIgniter\Debug\Exceptions->shutdownHandler()
#1 {main}
