CRITICAL - 2021-06-04 13:05:49 --> Table 'isales.t_shared_leads' doesn't exist
#0 C:\xampp\htdocs\isales-new\system\Database\MySQLi\Connection.php(331): mysqli->query('SELECT `t_login...')
#1 C:\xampp\htdocs\isales-new\system\Database\BaseConnection.php(738): CodeIgniter\Database\MySQLi\Connection->execute('SELECT `t_login...')
#2 C:\xampp\htdocs\isales-new\system\Database\BaseConnection.php(666): CodeIgniter\Database\BaseConnection->simpleQuery('SELECT `t_login...')
#3 C:\xampp\htdocs\isales-new\system\Model.php(1712): CodeIgniter\Database\BaseConnection->query('SELECT `t_login...', Array)
#4 C:\xampp\htdocs\isales-new\app\Models\LoginModel.php(118): CodeIgniter\Model->__call('query', Array)
#5 C:\xampp\htdocs\isales-new\app\Controllers\Performance\PerformanceController.php(75): App\Models\LoginModel->getAll(Array)
#6 C:\xampp\htdocs\isales-new\system\CodeIgniter.php(914): App\Controllers\Performance\PerformanceController->dashboardList()
#7 C:\xampp\htdocs\isales-new\system\CodeIgniter.php(400): CodeIgniter\CodeIgniter->runController(Object(App\Controllers\Performance\PerformanceController))
#8 C:\xampp\htdocs\isales-new\system\CodeIgniter.php(308): CodeIgniter\CodeIgniter->handleRequest(NULL, Object(Config\Cache), false)
#9 C:\xampp\htdocs\isales-new\index.php(45): CodeIgniter\CodeIgniter->run()
#10 {main}
CRITICAL - 2021-06-04 13:05:49 --> Undefined index: error
#0 C:\xampp\htdocs\isales-new\app\Controllers\Admin\AdminPerformanceController.php(65): CodeIgniter\Debug\Exceptions->errorHandler(8, 'Undefined index...', 'C:\\xampp\\htdocs...', 65, Array)
#1 C:\xampp\htdocs\isales-new\system\CodeIgniter.php(914): App\Controllers\Admin\AdminPerformanceController->index()
#2 C:\xampp\htdocs\isales-new\system\CodeIgniter.php(400): CodeIgniter\CodeIgniter->runController(Object(App\Controllers\Admin\AdminPerformanceController))
#3 C:\xampp\htdocs\isales-new\system\CodeIgniter.php(308): CodeIgniter\CodeIgniter->handleRequest(NULL, Object(Config\Cache), false)
#4 C:\xampp\htdocs\isales-new\index.php(45): CodeIgniter\CodeIgniter->run()
#5 {main}
CRITICAL - 2021-06-04 13:16:15 --> Table 'isales.t_shared_leads' doesn't exist
#0 C:\xampp\htdocs\isales-new\system\Database\MySQLi\Connection.php(331): mysqli->query('SELECT `t_login...')
#1 C:\xampp\htdocs\isales-new\system\Database\BaseConnection.php(738): CodeIgniter\Database\MySQLi\Connection->execute('SELECT `t_login...')
#2 C:\xampp\htdocs\isales-new\system\Database\BaseConnection.php(666): CodeIgniter\Database\BaseConnection->simpleQuery('SELECT `t_login...')
#3 C:\xampp\htdocs\isales-new\system\Model.php(1712): CodeIgniter\Database\BaseConnection->query('SELECT `t_login...', Array)
#4 C:\xampp\htdocs\isales-new\app\Models\LoginModel.php(118): CodeIgniter\Model->__call('query', Array)
#5 C:\xampp\htdocs\isales-new\app\Controllers\Performance\PerformanceController.php(75): App\Models\LoginModel->getAll(Array)
#6 C:\xampp\htdocs\isales-new\system\CodeIgniter.php(914): App\Controllers\Performance\PerformanceController->dashboardList()
#7 C:\xampp\htdocs\isales-new\system\CodeIgniter.php(400): CodeIgniter\CodeIgniter->runController(Object(App\Controllers\Performance\PerformanceController))
#8 C:\xampp\htdocs\isales-new\system\CodeIgniter.php(308): CodeIgniter\CodeIgniter->handleRequest(NULL, Object(Config\Cache), false)
#9 C:\xampp\htdocs\isales-new\index.php(45): CodeIgniter\CodeIgniter->run()
#10 {main}
CRITICAL - 2021-06-04 13:16:16 --> Undefined index: error
#0 C:\xampp\htdocs\isales-new\app\Controllers\Admin\AdminPerformanceController.php(65): CodeIgniter\Debug\Exceptions->errorHandler(8, 'Undefined index...', 'C:\\xampp\\htdocs...', 65, Array)
#1 C:\xampp\htdocs\isales-new\system\CodeIgniter.php(914): App\Controllers\Admin\AdminPerformanceController->index()
#2 C:\xampp\htdocs\isales-new\system\CodeIgniter.php(400): CodeIgniter\CodeIgniter->runController(Object(App\Controllers\Admin\AdminPerformanceController))
#3 C:\xampp\htdocs\isales-new\system\CodeIgniter.php(308): CodeIgniter\CodeIgniter->handleRequest(NULL, Object(Config\Cache), false)
#4 C:\xampp\htdocs\isales-new\index.php(45): CodeIgniter\CodeIgniter->run()
#5 {main}
CRITICAL - 2021-06-04 13:37:03 --> Undefined variable: spaj
#0 C:\xampp\htdocs\isales-new\app\Views\admin\spaj\tampil.php(31): CodeIgniter\Debug\Exceptions->errorHandler(8, 'Undefined varia...', 'C:\\xampp\\htdocs...', 31, Array)
#1 C:\xampp\htdocs\isales-new\system\View\View.php(246): include('C:\\xampp\\htdocs...')
#2 C:\xampp\htdocs\isales-new\system\Common.php(1087): CodeIgniter\View\View->render('admin/spaj/tamp...', Array, true)
#3 C:\xampp\htdocs\isales-new\app\Controllers\Admin\AdminSpajController.php(16): view('admin/spaj/tamp...')
#4 C:\xampp\htdocs\isales-new\system\CodeIgniter.php(914): App\Controllers\Admin\AdminSpajController->index()
#5 C:\xampp\htdocs\isales-new\system\CodeIgniter.php(400): CodeIgniter\CodeIgniter->runController(Object(App\Controllers\Admin\AdminSpajController))
#6 C:\xampp\htdocs\isales-new\system\CodeIgniter.php(308): CodeIgniter\CodeIgniter->handleRequest(NULL, Object(Config\Cache), false)
#7 C:\xampp\htdocs\isales-new\index.php(45): CodeIgniter\CodeIgniter->run()
#8 {main}
CRITICAL - 2021-06-04 13:37:12 --> Undefined variable: spaj
#0 C:\xampp\htdocs\isales-new\app\Views\admin\spaj\tampil.php(31): CodeIgniter\Debug\Exceptions->errorHandler(8, 'Undefined varia...', 'C:\\xampp\\htdocs...', 31, Array)
#1 C:\xampp\htdocs\isales-new\system\View\View.php(246): include('C:\\xampp\\htdocs...')
#2 C:\xampp\htdocs\isales-new\system\Common.php(1087): CodeIgniter\View\View->render('admin/spaj/tamp...', Array, true)
#3 C:\xampp\htdocs\isales-new\app\Controllers\Admin\AdminSpajController.php(16): view('admin/spaj/tamp...')
#4 C:\xampp\htdocs\isales-new\system\CodeIgniter.php(914): App\Controllers\Admin\AdminSpajController->index()
#5 C:\xampp\htdocs\isales-new\system\CodeIgniter.php(400): CodeIgniter\CodeIgniter->runController(Object(App\Controllers\Admin\AdminSpajController))
#6 C:\xampp\htdocs\isales-new\system\CodeIgniter.php(308): CodeIgniter\CodeIgniter->handleRequest(NULL, Object(Config\Cache), false)
#7 C:\xampp\htdocs\isales-new\index.php(45): CodeIgniter\CodeIgniter->run()
#8 {main}
CRITICAL - 2021-06-04 13:44:33 --> Undefined index: jns_asuransi
#0 C:\xampp\htdocs\isales-new\app\Controllers\Admin\AdminSpajController.php(57): CodeIgniter\Debug\Exceptions->errorHandler(8, 'Undefined index...', 'C:\\xampp\\htdocs...', 57, Array)
#1 C:\xampp\htdocs\isales-new\system\CodeIgniter.php(914): App\Controllers\Admin\AdminSpajController->getData()
#2 C:\xampp\htdocs\isales-new\system\CodeIgniter.php(400): CodeIgniter\CodeIgniter->runController(Object(App\Controllers\Admin\AdminSpajController))
#3 C:\xampp\htdocs\isales-new\system\CodeIgniter.php(308): CodeIgniter\CodeIgniter->handleRequest(NULL, Object(Config\Cache), false)
#4 C:\xampp\htdocs\isales-new\index.php(45): CodeIgniter\CodeIgniter->run()
#5 {main}
CRITICAL - 2021-06-04 13:44:33 --> Uncaught CodeIgniter\Format\Exceptions\FormatException: Failed to parse json string, error: "{0}". in C:\xampp\htdocs\isales-new\system\Format\Exceptions\FormatException.php:9
Stack trace:
#0 C:\xampp\htdocs\isales-new\system\Format\JSONFormatter.php(67): CodeIgniter\Format\Exceptions\FormatException::forInvalidJSON('Type is not sup...')
#1 C:\xampp\htdocs\isales-new\system\API\ResponseTrait.php(414): CodeIgniter\Format\JSONFormatter->format(Array)
#2 C:\xampp\htdocs\isales-new\system\API\ResponseTrait.php(134): CodeIgniter\Debug\Exceptions->format(Array)
#3 C:\xampp\htdocs\isales-new\system\Debug\Exceptions.php(166): CodeIgniter\Debug\Exceptions->respond(Array, 500)
#4 [internal function]: CodeIgniter\Debug\Exceptions->exceptionHandler(Object(ErrorException))
#5 {main}
  thrown
#0 [internal function]: CodeIgniter\Debug\Exceptions->shutdownHandler()
#1 {main}
CRITICAL - 2021-06-04 13:54:25 --> Undefined index: jns_asuransi
#0 C:\xampp\htdocs\isales-new\app\Controllers\Admin\AdminSpajController.php(57): CodeIgniter\Debug\Exceptions->errorHandler(8, 'Undefined index...', 'C:\\xampp\\htdocs...', 57, Array)
#1 C:\xampp\htdocs\isales-new\system\CodeIgniter.php(914): App\Controllers\Admin\AdminSpajController->getData()
#2 C:\xampp\htdocs\isales-new\system\CodeIgniter.php(400): CodeIgniter\CodeIgniter->runController(Object(App\Controllers\Admin\AdminSpajController))
#3 C:\xampp\htdocs\isales-new\system\CodeIgniter.php(308): CodeIgniter\CodeIgniter->handleRequest(NULL, Object(Config\Cache), false)
#4 C:\xampp\htdocs\isales-new\index.php(45): CodeIgniter\CodeIgniter->run()
#5 {main}
CRITICAL - 2021-06-04 13:54:25 --> Uncaught CodeIgniter\Format\Exceptions\FormatException: Failed to parse json string, error: "{0}". in C:\xampp\htdocs\isales-new\system\Format\Exceptions\FormatException.php:9
Stack trace:
#0 C:\xampp\htdocs\isales-new\system\Format\JSONFormatter.php(67): CodeIgniter\Format\Exceptions\FormatException::forInvalidJSON('Type is not sup...')
#1 C:\xampp\htdocs\isales-new\system\API\ResponseTrait.php(414): CodeIgniter\Format\JSONFormatter->format(Array)
#2 C:\xampp\htdocs\isales-new\system\API\ResponseTrait.php(134): CodeIgniter\Debug\Exceptions->format(Array)
#3 C:\xampp\htdocs\isales-new\system\Debug\Exceptions.php(166): CodeIgniter\Debug\Exceptions->respond(Array, 500)
#4 [internal function]: CodeIgniter\Debug\Exceptions->exceptionHandler(Object(ErrorException))
#5 {main}
  thrown
#0 [internal function]: CodeIgniter\Debug\Exceptions->shutdownHandler()
#1 {main}
CRITICAL - 2021-06-04 14:15:07 --> Array to string conversion
#0 C:\xampp\htdocs\isales-new\app\Views\admin\spaj\tampil.php(45): CodeIgniter\Debug\Exceptions->errorHandler(8, 'Array to string...', 'C:\\xampp\\htdocs...', 45, Array)
#1 C:\xampp\htdocs\isales-new\system\View\View.php(246): include('C:\\xampp\\htdocs...')
#2 C:\xampp\htdocs\isales-new\system\Common.php(1087): CodeIgniter\View\View->render('admin/spaj/tamp...', Array, true)
#3 C:\xampp\htdocs\isales-new\app\Controllers\Admin\AdminSpajController.php(16): view('admin/spaj/tamp...')
#4 C:\xampp\htdocs\isales-new\system\CodeIgniter.php(914): App\Controllers\Admin\AdminSpajController->index()
#5 C:\xampp\htdocs\isales-new\system\CodeIgniter.php(400): CodeIgniter\CodeIgniter->runController(Object(App\Controllers\Admin\AdminSpajController))
#6 C:\xampp\htdocs\isales-new\system\CodeIgniter.php(308): CodeIgniter\CodeIgniter->handleRequest(NULL, Object(Config\Cache), false)
#7 C:\xampp\htdocs\isales-new\index.php(45): CodeIgniter\CodeIgniter->run()
#8 {main}
CRITICAL - 2021-06-04 14:43:36 --> Trying to access array offset on value of type null
#0 C:\xampp\htdocs\isales-new\app\Controllers\Spaj\SpajController.php(152): CodeIgniter\Debug\Exceptions->errorHandler(8, 'Trying to acces...', 'C:\\xampp\\htdocs...', 152, Array)
#1 C:\xampp\htdocs\isales-new\system\CodeIgniter.php(914): App\Controllers\Spaj\SpajController->detailSpaj()
#2 C:\xampp\htdocs\isales-new\system\CodeIgniter.php(400): CodeIgniter\CodeIgniter->runController(Object(App\Controllers\Spaj\SpajController))
#3 C:\xampp\htdocs\isales-new\system\CodeIgniter.php(308): CodeIgniter\CodeIgniter->handleRequest(NULL, Object(Config\Cache), false)
#4 C:\xampp\htdocs\isales-new\index.php(45): CodeIgniter\CodeIgniter->run()
#5 {main}
CRITICAL - 2021-06-04 14:52:48 --> Trying to access array offset on value of type null
#0 C:\xampp\htdocs\isales-new\app\Controllers\Spaj\SpajController.php(153): CodeIgniter\Debug\Exceptions->errorHandler(8, 'Trying to acces...', 'C:\\xampp\\htdocs...', 153, Array)
#1 C:\xampp\htdocs\isales-new\system\CodeIgniter.php(914): App\Controllers\Spaj\SpajController->detailSpaj()
#2 C:\xampp\htdocs\isales-new\system\CodeIgniter.php(400): CodeIgniter\CodeIgniter->runController(Object(App\Controllers\Spaj\SpajController))
#3 C:\xampp\htdocs\isales-new\system\CodeIgniter.php(308): CodeIgniter\CodeIgniter->handleRequest(NULL, Object(Config\Cache), false)
#4 C:\xampp\htdocs\isales-new\index.php(45): CodeIgniter\CodeIgniter->run()
#5 {main}
CRITICAL - 2021-06-04 14:58:00 --> Trying to access array offset on value of type null
#0 C:\xampp\htdocs\isales-new\app\Controllers\Spaj\SpajController.php(155): CodeIgniter\Debug\Exceptions->errorHandler(8, 'Trying to acces...', 'C:\\xampp\\htdocs...', 155, Array)
#1 C:\xampp\htdocs\isales-new\system\CodeIgniter.php(914): App\Controllers\Spaj\SpajController->detailSpaj()
#2 C:\xampp\htdocs\isales-new\system\CodeIgniter.php(400): CodeIgniter\CodeIgniter->runController(Object(App\Controllers\Spaj\SpajController))
#3 C:\xampp\htdocs\isales-new\system\CodeIgniter.php(308): CodeIgniter\CodeIgniter->handleRequest(NULL, Object(Config\Cache), false)
#4 C:\xampp\htdocs\isales-new\index.php(45): CodeIgniter\CodeIgniter->run()
#5 {main}
CRITICAL - 2021-06-04 17:59:49 --> Undefined index: camp
#0 C:\xampp\htdocs\isales-new\app\Controllers\Admin\AdminCampaignController.php(136): CodeIgniter\Debug\Exceptions->errorHandler(8, 'Undefined index...', 'C:\\xampp\\htdocs...', 136, Array)
#1 C:\xampp\htdocs\isales-new\system\CodeIgniter.php(914): App\Controllers\Admin\AdminCampaignController->previewCampaign('305')
#2 C:\xampp\htdocs\isales-new\system\CodeIgniter.php(400): CodeIgniter\CodeIgniter->runController(Object(App\Controllers\Admin\AdminCampaignController))
#3 C:\xampp\htdocs\isales-new\system\CodeIgniter.php(308): CodeIgniter\CodeIgniter->handleRequest(NULL, Object(Config\Cache), false)
#4 C:\xampp\htdocs\isales-new\index.php(45): CodeIgniter\CodeIgniter->run()
#5 {main}
CRITICAL - 2021-06-04 18:00:03 --> Undefined index: camp
#0 C:\xampp\htdocs\isales-new\app\Controllers\Admin\AdminCampaignController.php(136): CodeIgniter\Debug\Exceptions->errorHandler(8, 'Undefined index...', 'C:\\xampp\\htdocs...', 136, Array)
#1 C:\xampp\htdocs\isales-new\system\CodeIgniter.php(914): App\Controllers\Admin\AdminCampaignController->previewCampaign('305')
#2 C:\xampp\htdocs\isales-new\system\CodeIgniter.php(400): CodeIgniter\CodeIgniter->runController(Object(App\Controllers\Admin\AdminCampaignController))
#3 C:\xampp\htdocs\isales-new\system\CodeIgniter.php(308): CodeIgniter\CodeIgniter->handleRequest(NULL, Object(Config\Cache), false)
#4 C:\xampp\htdocs\isales-new\index.php(45): CodeIgniter\CodeIgniter->run()
#5 {main}
CRITICAL - 2021-06-04 18:00:33 --> Array to string conversion
#0 C:\xampp\htdocs\isales-new\app\Views\admin\campaign\preview.php(43): CodeIgniter\Debug\Exceptions->errorHandler(8, 'Array to string...', 'C:\\xampp\\htdocs...', 43, Array)
#1 C:\xampp\htdocs\isales-new\system\View\View.php(246): include('C:\\xampp\\htdocs...')
#2 C:\xampp\htdocs\isales-new\system\Common.php(1087): CodeIgniter\View\View->render('admin/campaign/...', Array, true)
#3 C:\xampp\htdocs\isales-new\app\Controllers\Admin\AdminCampaignController.php(139): view('admin/campaign/...', Array)
#4 C:\xampp\htdocs\isales-new\system\CodeIgniter.php(914): App\Controllers\Admin\AdminCampaignController->previewCampaign('305')
#5 C:\xampp\htdocs\isales-new\system\CodeIgniter.php(400): CodeIgniter\CodeIgniter->runController(Object(App\Controllers\Admin\AdminCampaignController))
#6 C:\xampp\htdocs\isales-new\system\CodeIgniter.php(308): CodeIgniter\CodeIgniter->handleRequest(NULL, Object(Config\Cache), false)
#7 C:\xampp\htdocs\isales-new\index.php(45): CodeIgniter\CodeIgniter->run()
#8 {main}
CRITICAL - 2021-06-04 18:00:59 --> Array to string conversion
#0 C:\xampp\htdocs\isales-new\app\Views\admin\campaign\preview.php(43): CodeIgniter\Debug\Exceptions->errorHandler(8, 'Array to string...', 'C:\\xampp\\htdocs...', 43, Array)
#1 C:\xampp\htdocs\isales-new\system\View\View.php(246): include('C:\\xampp\\htdocs...')
#2 C:\xampp\htdocs\isales-new\system\Common.php(1087): CodeIgniter\View\View->render('admin/campaign/...', Array, true)
#3 C:\xampp\htdocs\isales-new\app\Controllers\Admin\AdminCampaignController.php(139): view('admin/campaign/...', Array)
#4 C:\xampp\htdocs\isales-new\system\CodeIgniter.php(914): App\Controllers\Admin\AdminCampaignController->previewCampaign('305')
#5 C:\xampp\htdocs\isales-new\system\CodeIgniter.php(400): CodeIgniter\CodeIgniter->runController(Object(App\Controllers\Admin\AdminCampaignController))
#6 C:\xampp\htdocs\isales-new\system\CodeIgniter.php(308): CodeIgniter\CodeIgniter->handleRequest(NULL, Object(Config\Cache), false)
#7 C:\xampp\htdocs\isales-new\index.php(45): CodeIgniter\CodeIgniter->run()
#8 {main}
CRITICAL - 2021-06-04 18:10:00 --> Invalid argument supplied for foreach()
#0 C:\xampp\htdocs\isales-new\app\Views\admin\campaign\preview.php(48): CodeIgniter\Debug\Exceptions->errorHandler(2, 'Invalid argumen...', 'C:\\xampp\\htdocs...', 48, Array)
#1 C:\xampp\htdocs\isales-new\system\View\View.php(246): include('C:\\xampp\\htdocs...')
#2 C:\xampp\htdocs\isales-new\system\Common.php(1087): CodeIgniter\View\View->render('admin/campaign/...', Array, true)
#3 C:\xampp\htdocs\isales-new\app\Controllers\Admin\AdminCampaignController.php(139): view('admin/campaign/...', Array)
#4 C:\xampp\htdocs\isales-new\system\CodeIgniter.php(914): App\Controllers\Admin\AdminCampaignController->previewCampaign('275')
#5 C:\xampp\htdocs\isales-new\system\CodeIgniter.php(400): CodeIgniter\CodeIgniter->runController(Object(App\Controllers\Admin\AdminCampaignController))
#6 C:\xampp\htdocs\isales-new\system\CodeIgniter.php(308): CodeIgniter\CodeIgniter->handleRequest(NULL, Object(Config\Cache), false)
#7 C:\xampp\htdocs\isales-new\index.php(45): CodeIgniter\CodeIgniter->run()
#8 {main}
CRITICAL - 2021-06-04 18:13:26 --> Undefined offset: 17
#0 C:\xampp\htdocs\isales-new\app\Views\admin\campaign\log_share.php(130): CodeIgniter\Debug\Exceptions->errorHandler(8, 'Undefined offse...', 'C:\\xampp\\htdocs...', 130, Array)
#1 C:\xampp\htdocs\isales-new\system\View\View.php(246): include('C:\\xampp\\htdocs...')
#2 C:\xampp\htdocs\isales-new\system\Common.php(1087): CodeIgniter\View\View->render('admin/campaign/...', Array, true)
#3 C:\xampp\htdocs\isales-new\app\Controllers\Admin\AdminCampaignController.php(103): view('admin/campaign/...', Array)
#4 C:\xampp\htdocs\isales-new\system\CodeIgniter.php(914): App\Controllers\Admin\AdminCampaignController->shareCampaign()
#5 C:\xampp\htdocs\isales-new\system\CodeIgniter.php(400): CodeIgniter\CodeIgniter->runController(Object(App\Controllers\Admin\AdminCampaignController))
#6 C:\xampp\htdocs\isales-new\system\CodeIgniter.php(308): CodeIgniter\CodeIgniter->handleRequest(NULL, Object(Config\Cache), false)
#7 C:\xampp\htdocs\isales-new\index.php(45): CodeIgniter\CodeIgniter->run()
#8 {main}
CRITICAL - 2021-06-04 18:13:41 --> Function name must be a string
#0 C:\xampp\htdocs\isales-new\system\View\View.php(246): include()
#1 C:\xampp\htdocs\isales-new\system\Common.php(1087): CodeIgniter\View\View->render('admin/campaign/...', Array, true)
#2 C:\xampp\htdocs\isales-new\app\Controllers\Admin\AdminCampaignController.php(103): view('admin/campaign/...', Array)
#3 C:\xampp\htdocs\isales-new\system\CodeIgniter.php(914): App\Controllers\Admin\AdminCampaignController->shareCampaign()
#4 C:\xampp\htdocs\isales-new\system\CodeIgniter.php(400): CodeIgniter\CodeIgniter->runController(Object(App\Controllers\Admin\AdminCampaignController))
#5 C:\xampp\htdocs\isales-new\system\CodeIgniter.php(308): CodeIgniter\CodeIgniter->handleRequest(NULL, Object(Config\Cache), false)
#6 C:\xampp\htdocs\isales-new\index.php(45): CodeIgniter\CodeIgniter->run()
#7 {main}
CRITICAL - 2021-06-04 18:14:31 --> Invalid argument supplied for foreach()
#0 C:\xampp\htdocs\isales-new\app\Views\admin\campaign\preview.php(48): CodeIgniter\Debug\Exceptions->errorHandler(2, 'Invalid argumen...', 'C:\\xampp\\htdocs...', 48, Array)
#1 C:\xampp\htdocs\isales-new\system\View\View.php(246): include('C:\\xampp\\htdocs...')
#2 C:\xampp\htdocs\isales-new\system\Common.php(1087): CodeIgniter\View\View->render('admin/campaign/...', Array, true)
#3 C:\xampp\htdocs\isales-new\app\Controllers\Admin\AdminCampaignController.php(139): view('admin/campaign/...', Array)
#4 C:\xampp\htdocs\isales-new\system\CodeIgniter.php(914): App\Controllers\Admin\AdminCampaignController->previewCampaign('227')
#5 C:\xampp\htdocs\isales-new\system\CodeIgniter.php(400): CodeIgniter\CodeIgniter->runController(Object(App\Controllers\Admin\AdminCampaignController))
#6 C:\xampp\htdocs\isales-new\system\CodeIgniter.php(308): CodeIgniter\CodeIgniter->handleRequest(NULL, Object(Config\Cache), false)
#7 C:\xampp\htdocs\isales-new\index.php(45): CodeIgniter\CodeIgniter->run()
#8 {main}
CRITICAL - 2021-06-04 18:49:32 --> Invalid argument supplied for foreach()
#0 C:\xampp\htdocs\isales-new\app\Views\admin\campaign\preview.php(48): CodeIgniter\Debug\Exceptions->errorHandler(2, 'Invalid argumen...', 'C:\\xampp\\htdocs...', 48, Array)
#1 C:\xampp\htdocs\isales-new\system\View\View.php(246): include('C:\\xampp\\htdocs...')
#2 C:\xampp\htdocs\isales-new\system\Common.php(1087): CodeIgniter\View\View->render('admin/campaign/...', Array, true)
#3 C:\xampp\htdocs\isales-new\app\Controllers\Admin\AdminCampaignController.php(139): view('admin/campaign/...', Array)
#4 C:\xampp\htdocs\isales-new\system\CodeIgniter.php(914): App\Controllers\Admin\AdminCampaignController->previewCampaign('264')
#5 C:\xampp\htdocs\isales-new\system\CodeIgniter.php(400): CodeIgniter\CodeIgniter->runController(Object(App\Controllers\Admin\AdminCampaignController))
#6 C:\xampp\htdocs\isales-new\system\CodeIgniter.php(308): CodeIgniter\CodeIgniter->handleRequest(NULL, Object(Config\Cache), false)
#7 C:\xampp\htdocs\isales-new\index.php(45): CodeIgniter\CodeIgniter->run()
#8 {main}
CRITICAL - 2021-06-04 18:54:24 --> Invalid argument supplied for foreach()
#0 C:\xampp\htdocs\isales-new\app\Views\admin\campaign\preview.php(48): CodeIgniter\Debug\Exceptions->errorHandler(2, 'Invalid argumen...', 'C:\\xampp\\htdocs...', 48, Array)
#1 C:\xampp\htdocs\isales-new\system\View\View.php(246): include('C:\\xampp\\htdocs...')
#2 C:\xampp\htdocs\isales-new\system\Common.php(1087): CodeIgniter\View\View->render('admin/campaign/...', Array, true)
#3 C:\xampp\htdocs\isales-new\app\Controllers\Admin\AdminCampaignController.php(139): view('admin/campaign/...', Array)
#4 C:\xampp\htdocs\isales-new\system\CodeIgniter.php(914): App\Controllers\Admin\AdminCampaignController->previewCampaign('264')
#5 C:\xampp\htdocs\isales-new\system\CodeIgniter.php(400): CodeIgniter\CodeIgniter->runController(Object(App\Controllers\Admin\AdminCampaignController))
#6 C:\xampp\htdocs\isales-new\system\CodeIgniter.php(308): CodeIgniter\CodeIgniter->handleRequest(NULL, Object(Config\Cache), false)
#7 C:\xampp\htdocs\isales-new\index.php(45): CodeIgniter\CodeIgniter->run()
#8 {main}
CRITICAL - 2021-06-04 18:54:36 --> Invalid argument supplied for foreach()
#0 C:\xampp\htdocs\isales-new\app\Views\admin\campaign\preview.php(57): CodeIgniter\Debug\Exceptions->errorHandler(2, 'Invalid argumen...', 'C:\\xampp\\htdocs...', 57, Array)
#1 C:\xampp\htdocs\isales-new\system\View\View.php(246): include('C:\\xampp\\htdocs...')
#2 C:\xampp\htdocs\isales-new\system\Common.php(1087): CodeIgniter\View\View->render('admin/campaign/...', Array, true)
#3 C:\xampp\htdocs\isales-new\app\Controllers\Admin\AdminCampaignController.php(139): view('admin/campaign/...', Array)
#4 C:\xampp\htdocs\isales-new\system\CodeIgniter.php(914): App\Controllers\Admin\AdminCampaignController->previewCampaign('264')
#5 C:\xampp\htdocs\isales-new\system\CodeIgniter.php(400): CodeIgniter\CodeIgniter->runController(Object(App\Controllers\Admin\AdminCampaignController))
#6 C:\xampp\htdocs\isales-new\system\CodeIgniter.php(308): CodeIgniter\CodeIgniter->handleRequest(NULL, Object(Config\Cache), false)
#7 C:\xampp\htdocs\isales-new\index.php(45): CodeIgniter\CodeIgniter->run()
#8 {main}
