CRITICAL - 2021-03-06 23:19:41 --> unlink(/var/www/html/isales/writable/debugbar/debugbar_1615047333.json): No such file or directory
#0 [internal function]: CodeIgniter\Debug\Exceptions->errorHandler(2, 'unlink(/var/www...', '/var/www/html/i...', 106, Array)
#1 /var/www/html/isales/system/Debug/Toolbar/Collectors/History.php(106): unlink('/var/www/html/i...')
#2 /var/www/html/isales/system/Debug/Toolbar.php(483): CodeIgniter\Debug\Toolbar\Collectors\History->setFiles(1615047580, 20)
#3 /var/www/html/isales/system/Debug/Toolbar.php(455): CodeIgniter\Debug\Toolbar->format(Array, 'html')
#4 /var/www/html/isales/app/Config/Events.php(44): CodeIgniter\Debug\Toolbar->respond()
#5 [internal function]: CodeIgniter\Events\Events::Config\{closure}()
#6 /var/www/html/isales/system/Events/Events.php(188): call_user_func(Object(Closure))
#7 /var/www/html/isales/system/CodeIgniter.php(289): CodeIgniter\Events\Events::trigger('pre_system')
#8 /var/www/html/isales/index.php(45): CodeIgniter\CodeIgniter->run()
#9 {main}
CRITICAL - 2021-03-06 23:43:46 --> Undefined index: error
#0 /var/www/html/isales/app/Controllers/Admin/AdminSpajController.php(36): CodeIgniter\Debug\Exceptions->errorHandler(8, 'Undefined index...', '/var/www/html/i...', 36, Array)
#1 /var/www/html/isales/system/CodeIgniter.php(914): App\Controllers\Admin\AdminSpajController->getData()
#2 /var/www/html/isales/system/CodeIgniter.php(400): CodeIgniter\CodeIgniter->runController(Object(App\Controllers\Admin\AdminSpajController))
#3 /var/www/html/isales/system/CodeIgniter.php(308): CodeIgniter\CodeIgniter->handleRequest(NULL, Object(Config\Cache), false)
#4 /var/www/html/isales/index.php(45): CodeIgniter\CodeIgniter->run()
#5 {main}
CRITICAL - 2021-03-06 23:43:46 --> Uncaught CodeIgniter\Format\Exceptions\FormatException: Failed to parse json string, error: "Type is not supported". in /var/www/html/isales/system/Format/Exceptions/FormatException.php:9
Stack trace:
#0 /var/www/html/isales/system/Format/JSONFormatter.php(67): CodeIgniter\Format\Exceptions\FormatException::forInvalidJSON('Type is not sup...')
#1 /var/www/html/isales/system/API/ResponseTrait.php(414): CodeIgniter\Format\JSONFormatter->format(Array)
#2 /var/www/html/isales/system/API/ResponseTrait.php(134): CodeIgniter\Debug\Exceptions->format(Array)
#3 /var/www/html/isales/system/Debug/Exceptions.php(166): CodeIgniter\Debug\Exceptions->respond(Array, 500)
#4 [internal function]: CodeIgniter\Debug\Exceptions->exceptionHandler(Object(ErrorException))
#5 {main}
  thrown
#0 [internal function]: CodeIgniter\Debug\Exceptions->shutdownHandler()
#1 {main}
CRITICAL - 2021-03-06 23:48:12 --> Undefined index: error
#0 /var/www/html/isales/app/Controllers/Admin/AdminSpajController.php(36): CodeIgniter\Debug\Exceptions->errorHandler(8, 'Undefined index...', '/var/www/html/i...', 36, Array)
#1 /var/www/html/isales/system/CodeIgniter.php(914): App\Controllers\Admin\AdminSpajController->getData()
#2 /var/www/html/isales/system/CodeIgniter.php(400): CodeIgniter\CodeIgniter->runController(Object(App\Controllers\Admin\AdminSpajController))
#3 /var/www/html/isales/system/CodeIgniter.php(308): CodeIgniter\CodeIgniter->handleRequest(NULL, Object(Config\Cache), false)
#4 /var/www/html/isales/index.php(45): CodeIgniter\CodeIgniter->run()
#5 {main}
CRITICAL - 2021-03-06 23:48:12 --> Uncaught CodeIgniter\Format\Exceptions\FormatException: Failed to parse json string, error: "Type is not supported". in /var/www/html/isales/system/Format/Exceptions/FormatException.php:9
Stack trace:
#0 /var/www/html/isales/system/Format/JSONFormatter.php(67): CodeIgniter\Format\Exceptions\FormatException::forInvalidJSON('Type is not sup...')
#1 /var/www/html/isales/system/API/ResponseTrait.php(414): CodeIgniter\Format\JSONFormatter->format(Array)
#2 /var/www/html/isales/system/API/ResponseTrait.php(134): CodeIgniter\Debug\Exceptions->format(Array)
#3 /var/www/html/isales/system/Debug/Exceptions.php(166): CodeIgniter\Debug\Exceptions->respond(Array, 500)
#4 [internal function]: CodeIgniter\Debug\Exceptions->exceptionHandler(Object(ErrorException))
#5 {main}
  thrown
#0 [internal function]: CodeIgniter\Debug\Exceptions->shutdownHandler()
#1 {main}
