CRITICAL - 2021-04-17 13:22:37 --> syntax error, unexpected '}', expecting end of file
#0 C:\xampp\htdocs\isales\system\Autoloader\Autoloader.php(296): CodeIgniter\Autoloader\Autoloader->requireFile('C:\\xampp\\htdocs...')
#1 C:\xampp\htdocs\isales\system\Autoloader\Autoloader.php(258): CodeIgniter\Autoloader\Autoloader->loadInNamespace('App\\Models\\Reco...')
#2 [internal function]: CodeIgniter\Autoloader\Autoloader->loadClass('App\\Models\\Reco...')
#3 C:\xampp\htdocs\isales\app\Controllers\ServicesAdmin\ServicesAdminController.php(15): spl_autoload_call('App\\Models\\Reco...')
#4 C:\xampp\htdocs\isales\system\CodeIgniter.php(886): App\Controllers\ServicesAdmin\ServicesAdminController->__construct()
#5 C:\xampp\htdocs\isales\system\CodeIgniter.php(395): CodeIgniter\CodeIgniter->createController()
#6 C:\xampp\htdocs\isales\system\CodeIgniter.php(308): CodeIgniter\CodeIgniter->handleRequest(NULL, Object(Config\Cache), false)
#7 C:\xampp\htdocs\isales\index.php(45): CodeIgniter\CodeIgniter->run()
#8 {main}
CRITICAL - 2021-04-17 13:22:37 --> Undefined index: error
#0 C:\xampp\htdocs\isales\app\Controllers\Admin\AdminRecordingController.php(47): CodeIgniter\Debug\Exceptions->errorHandler(8, 'Undefined index...', 'C:\\xampp\\htdocs...', 47, Array)
#1 C:\xampp\htdocs\isales\system\CodeIgniter.php(914): App\Controllers\Admin\AdminRecordingController->playRecording()
#2 C:\xampp\htdocs\isales\system\CodeIgniter.php(400): CodeIgniter\CodeIgniter->runController(Object(App\Controllers\Admin\AdminRecordingController))
#3 C:\xampp\htdocs\isales\system\CodeIgniter.php(308): CodeIgniter\CodeIgniter->handleRequest(NULL, Object(Config\Cache), false)
#4 C:\xampp\htdocs\isales\index.php(45): CodeIgniter\CodeIgniter->run()
#5 {main}
CRITICAL - 2021-04-17 13:22:37 --> Uncaught CodeIgniter\Format\Exceptions\FormatException: Failed to parse json string, error: "Type is not supported". in C:\xampp\htdocs\isales\system\Format\Exceptions\FormatException.php:9
Stack trace:
#0 C:\xampp\htdocs\isales\system\Format\JSONFormatter.php(67): CodeIgniter\Format\Exceptions\FormatException::forInvalidJSON('Type is not sup...')
#1 C:\xampp\htdocs\isales\system\API\ResponseTrait.php(414): CodeIgniter\Format\JSONFormatter->format(Array)
#2 C:\xampp\htdocs\isales\system\API\ResponseTrait.php(134): CodeIgniter\Debug\Exceptions->format(Array)
#3 C:\xampp\htdocs\isales\system\Debug\Exceptions.php(166): CodeIgniter\Debug\Exceptions->respond(Array, 500)
#4 [internal function]: CodeIgniter\Debug\Exceptions->exceptionHandler(Object(ErrorException))
#5 {main}
  thrown
#0 [internal function]: CodeIgniter\Debug\Exceptions->shutdownHandler()
#1 {main}
CRITICAL - 2021-04-17 13:23:24 --> syntax error, unexpected '}', expecting end of file
#0 C:\xampp\htdocs\isales\system\Autoloader\Autoloader.php(296): CodeIgniter\Autoloader\Autoloader->requireFile('C:\\xampp\\htdocs...')
#1 C:\xampp\htdocs\isales\system\Autoloader\Autoloader.php(258): CodeIgniter\Autoloader\Autoloader->loadInNamespace('App\\Models\\Reco...')
#2 [internal function]: CodeIgniter\Autoloader\Autoloader->loadClass('App\\Models\\Reco...')
#3 C:\xampp\htdocs\isales\app\Controllers\ServicesAdmin\ServicesAdminController.php(15): spl_autoload_call('App\\Models\\Reco...')
#4 C:\xampp\htdocs\isales\system\CodeIgniter.php(886): App\Controllers\ServicesAdmin\ServicesAdminController->__construct()
#5 C:\xampp\htdocs\isales\system\CodeIgniter.php(395): CodeIgniter\CodeIgniter->createController()
#6 C:\xampp\htdocs\isales\system\CodeIgniter.php(308): CodeIgniter\CodeIgniter->handleRequest(NULL, Object(Config\Cache), false)
#7 C:\xampp\htdocs\isales\index.php(45): CodeIgniter\CodeIgniter->run()
#8 {main}
CRITICAL - 2021-04-17 13:23:24 --> Undefined index: error
#0 C:\xampp\htdocs\isales\app\Controllers\Admin\AdminRecordingController.php(47): CodeIgniter\Debug\Exceptions->errorHandler(8, 'Undefined index...', 'C:\\xampp\\htdocs...', 47, Array)
#1 C:\xampp\htdocs\isales\system\CodeIgniter.php(914): App\Controllers\Admin\AdminRecordingController->playRecording()
#2 C:\xampp\htdocs\isales\system\CodeIgniter.php(400): CodeIgniter\CodeIgniter->runController(Object(App\Controllers\Admin\AdminRecordingController))
#3 C:\xampp\htdocs\isales\system\CodeIgniter.php(308): CodeIgniter\CodeIgniter->handleRequest(NULL, Object(Config\Cache), false)
#4 C:\xampp\htdocs\isales\index.php(45): CodeIgniter\CodeIgniter->run()
#5 {main}
CRITICAL - 2021-04-17 13:23:24 --> Uncaught CodeIgniter\Format\Exceptions\FormatException: Failed to parse json string, error: "Type is not supported". in C:\xampp\htdocs\isales\system\Format\Exceptions\FormatException.php:9
Stack trace:
#0 C:\xampp\htdocs\isales\system\Format\JSONFormatter.php(67): CodeIgniter\Format\Exceptions\FormatException::forInvalidJSON('Type is not sup...')
#1 C:\xampp\htdocs\isales\system\API\ResponseTrait.php(414): CodeIgniter\Format\JSONFormatter->format(Array)
#2 C:\xampp\htdocs\isales\system\API\ResponseTrait.php(134): CodeIgniter\Debug\Exceptions->format(Array)
#3 C:\xampp\htdocs\isales\system\Debug\Exceptions.php(166): CodeIgniter\Debug\Exceptions->respond(Array, 500)
#4 [internal function]: CodeIgniter\Debug\Exceptions->exceptionHandler(Object(ErrorException))
#5 {main}
  thrown
#0 [internal function]: CodeIgniter\Debug\Exceptions->shutdownHandler()
#1 {main}
CRITICAL - 2021-04-17 13:27:29 --> syntax error, unexpected '}', expecting end of file
#0 C:\xampp\htdocs\isales\system\Autoloader\Autoloader.php(296): CodeIgniter\Autoloader\Autoloader->requireFile('C:\\xampp\\htdocs...')
#1 C:\xampp\htdocs\isales\system\Autoloader\Autoloader.php(258): CodeIgniter\Autoloader\Autoloader->loadInNamespace('App\\Models\\Reco...')
#2 [internal function]: CodeIgniter\Autoloader\Autoloader->loadClass('App\\Models\\Reco...')
#3 C:\xampp\htdocs\isales\app\Controllers\ServicesAdmin\ServicesAdminController.php(15): spl_autoload_call('App\\Models\\Reco...')
#4 C:\xampp\htdocs\isales\system\CodeIgniter.php(886): App\Controllers\ServicesAdmin\ServicesAdminController->__construct()
#5 C:\xampp\htdocs\isales\system\CodeIgniter.php(395): CodeIgniter\CodeIgniter->createController()
#6 C:\xampp\htdocs\isales\system\CodeIgniter.php(308): CodeIgniter\CodeIgniter->handleRequest(NULL, Object(Config\Cache), false)
#7 C:\xampp\htdocs\isales\index.php(45): CodeIgniter\CodeIgniter->run()
#8 {main}
CRITICAL - 2021-04-17 13:27:29 --> Undefined index: error
#0 C:\xampp\htdocs\isales\app\Controllers\Admin\AdminRecordingController.php(47): CodeIgniter\Debug\Exceptions->errorHandler(8, 'Undefined index...', 'C:\\xampp\\htdocs...', 47, Array)
#1 C:\xampp\htdocs\isales\system\CodeIgniter.php(914): App\Controllers\Admin\AdminRecordingController->playRecording()
#2 C:\xampp\htdocs\isales\system\CodeIgniter.php(400): CodeIgniter\CodeIgniter->runController(Object(App\Controllers\Admin\AdminRecordingController))
#3 C:\xampp\htdocs\isales\system\CodeIgniter.php(308): CodeIgniter\CodeIgniter->handleRequest(NULL, Object(Config\Cache), false)
#4 C:\xampp\htdocs\isales\index.php(45): CodeIgniter\CodeIgniter->run()
#5 {main}
CRITICAL - 2021-04-17 13:27:29 --> Uncaught CodeIgniter\Format\Exceptions\FormatException: Failed to parse json string, error: "Type is not supported". in C:\xampp\htdocs\isales\system\Format\Exceptions\FormatException.php:9
Stack trace:
#0 C:\xampp\htdocs\isales\system\Format\JSONFormatter.php(67): CodeIgniter\Format\Exceptions\FormatException::forInvalidJSON('Type is not sup...')
#1 C:\xampp\htdocs\isales\system\API\ResponseTrait.php(414): CodeIgniter\Format\JSONFormatter->format(Array)
#2 C:\xampp\htdocs\isales\system\API\ResponseTrait.php(134): CodeIgniter\Debug\Exceptions->format(Array)
#3 C:\xampp\htdocs\isales\system\Debug\Exceptions.php(166): CodeIgniter\Debug\Exceptions->respond(Array, 500)
#4 [internal function]: CodeIgniter\Debug\Exceptions->exceptionHandler(Object(ErrorException))
#5 {main}
  thrown
#0 [internal function]: CodeIgniter\Debug\Exceptions->shutdownHandler()
#1 {main}
CRITICAL - 2021-04-17 13:40:48 --> Trying to access array offset on value of type null
#0 C:\xampp\htdocs\isales\app\Controllers\Admin\AdminRecordingController.php(31): CodeIgniter\Debug\Exceptions->errorHandler(8, 'Trying to acces...', 'C:\\xampp\\htdocs...', 31, Array)
#1 C:\xampp\htdocs\isales\system\CodeIgniter.php(914): App\Controllers\Admin\AdminRecordingController->playRecording()
#2 C:\xampp\htdocs\isales\system\CodeIgniter.php(400): CodeIgniter\CodeIgniter->runController(Object(App\Controllers\Admin\AdminRecordingController))
#3 C:\xampp\htdocs\isales\system\CodeIgniter.php(308): CodeIgniter\CodeIgniter->handleRequest(NULL, Object(Config\Cache), false)
#4 C:\xampp\htdocs\isales\index.php(45): CodeIgniter\CodeIgniter->run()
#5 {main}
CRITICAL - 2021-04-17 14:01:47 --> Trying to access array offset on value of type null
#0 C:\xampp\htdocs\isales\app\Controllers\Admin\AdminRecordingController.php(31): CodeIgniter\Debug\Exceptions->errorHandler(8, 'Trying to acces...', 'C:\\xampp\\htdocs...', 31, Array)
#1 C:\xampp\htdocs\isales\system\CodeIgniter.php(914): App\Controllers\Admin\AdminRecordingController->playRecording()
#2 C:\xampp\htdocs\isales\system\CodeIgniter.php(400): CodeIgniter\CodeIgniter->runController(Object(App\Controllers\Admin\AdminRecordingController))
#3 C:\xampp\htdocs\isales\system\CodeIgniter.php(308): CodeIgniter\CodeIgniter->handleRequest(NULL, Object(Config\Cache), false)
#4 C:\xampp\htdocs\isales\index.php(45): CodeIgniter\CodeIgniter->run()
#5 {main}
CRITICAL - 2021-04-17 14:05:19 --> Unknown column 't.recording.recording_date' in 'where clause'
#0 C:\xampp\htdocs\isales\system\Database\MySQLi\Connection.php(331): mysqli->query('SELECT `t_recor...')
#1 C:\xampp\htdocs\isales\system\Database\BaseConnection.php(738): CodeIgniter\Database\MySQLi\Connection->execute('SELECT `t_recor...')
#2 C:\xampp\htdocs\isales\system\Database\BaseConnection.php(666): CodeIgniter\Database\BaseConnection->simpleQuery('SELECT `t_recor...')
#3 C:\xampp\htdocs\isales\system\Database\BaseBuilder.php(1845): CodeIgniter\Database\BaseConnection->query('SELECT `t_recor...', Array, false)
#4 C:\xampp\htdocs\isales\system\Model.php(1716): CodeIgniter\Database\BaseBuilder->get()
#5 C:\xampp\htdocs\isales\app\Models\RecordingModel.php(37): CodeIgniter\Model->__call('get', Array)
#6 C:\xampp\htdocs\isales\app\Controllers\ServicesAdmin\ServicesAdminController.php(331): App\Models\RecordingModel->getAll(Array)
#7 C:\xampp\htdocs\isales\system\CodeIgniter.php(914): App\Controllers\ServicesAdmin\ServicesAdminController->allRecording()
#8 C:\xampp\htdocs\isales\system\CodeIgniter.php(400): CodeIgniter\CodeIgniter->runController(Object(App\Controllers\ServicesAdmin\ServicesAdminController))
#9 C:\xampp\htdocs\isales\system\CodeIgniter.php(308): CodeIgniter\CodeIgniter->handleRequest(NULL, Object(Config\Cache), false)
#10 C:\xampp\htdocs\isales\index.php(45): CodeIgniter\CodeIgniter->run()
#11 {main}
CRITICAL - 2021-04-17 14:05:19 --> Undefined index: error
#0 C:\xampp\htdocs\isales\app\Controllers\Admin\AdminRecordingController.php(47): CodeIgniter\Debug\Exceptions->errorHandler(8, 'Undefined index...', 'C:\\xampp\\htdocs...', 47, Array)
#1 C:\xampp\htdocs\isales\system\CodeIgniter.php(914): App\Controllers\Admin\AdminRecordingController->playRecording()
#2 C:\xampp\htdocs\isales\system\CodeIgniter.php(400): CodeIgniter\CodeIgniter->runController(Object(App\Controllers\Admin\AdminRecordingController))
#3 C:\xampp\htdocs\isales\system\CodeIgniter.php(308): CodeIgniter\CodeIgniter->handleRequest(NULL, Object(Config\Cache), false)
#4 C:\xampp\htdocs\isales\index.php(45): CodeIgniter\CodeIgniter->run()
#5 {main}
CRITICAL - 2021-04-17 14:05:19 --> Uncaught CodeIgniter\Format\Exceptions\FormatException: Failed to parse json string, error: "Type is not supported". in C:\xampp\htdocs\isales\system\Format\Exceptions\FormatException.php:9
Stack trace:
#0 C:\xampp\htdocs\isales\system\Format\JSONFormatter.php(67): CodeIgniter\Format\Exceptions\FormatException::forInvalidJSON('Type is not sup...')
#1 C:\xampp\htdocs\isales\system\API\ResponseTrait.php(414): CodeIgniter\Format\JSONFormatter->format(Array)
#2 C:\xampp\htdocs\isales\system\API\ResponseTrait.php(134): CodeIgniter\Debug\Exceptions->format(Array)
#3 C:\xampp\htdocs\isales\system\Debug\Exceptions.php(166): CodeIgniter\Debug\Exceptions->respond(Array, 500)
#4 [internal function]: CodeIgniter\Debug\Exceptions->exceptionHandler(Object(ErrorException))
#5 {main}
  thrown
#0 [internal function]: CodeIgniter\Debug\Exceptions->shutdownHandler()
#1 {main}
CRITICAL - 2021-04-17 14:22:30 --> Undefined index: search
#0 C:\xampp\htdocs\isales\app\Controllers\ServicesAdmin\ServicesAdminController.php(331): CodeIgniter\Debug\Exceptions->errorHandler(8, 'Undefined index...', 'C:\\xampp\\htdocs...', 331, Array)
#1 C:\xampp\htdocs\isales\system\CodeIgniter.php(914): App\Controllers\ServicesAdmin\ServicesAdminController->allRecording()
#2 C:\xampp\htdocs\isales\system\CodeIgniter.php(400): CodeIgniter\CodeIgniter->runController(Object(App\Controllers\ServicesAdmin\ServicesAdminController))
#3 C:\xampp\htdocs\isales\system\CodeIgniter.php(308): CodeIgniter\CodeIgniter->handleRequest(NULL, Object(Config\Cache), false)
#4 C:\xampp\htdocs\isales\index.php(45): CodeIgniter\CodeIgniter->run()
#5 {main}
CRITICAL - 2021-04-17 14:23:35 --> Undefined index: search
#0 C:\xampp\htdocs\isales\app\Controllers\ServicesAdmin\ServicesAdminController.php(331): CodeIgniter\Debug\Exceptions->errorHandler(8, 'Undefined index...', 'C:\\xampp\\htdocs...', 331, Array)
#1 C:\xampp\htdocs\isales\system\CodeIgniter.php(914): App\Controllers\ServicesAdmin\ServicesAdminController->allRecording()
#2 C:\xampp\htdocs\isales\system\CodeIgniter.php(400): CodeIgniter\CodeIgniter->runController(Object(App\Controllers\ServicesAdmin\ServicesAdminController))
#3 C:\xampp\htdocs\isales\system\CodeIgniter.php(308): CodeIgniter\CodeIgniter->handleRequest(NULL, Object(Config\Cache), false)
#4 C:\xampp\htdocs\isales\index.php(45): CodeIgniter\CodeIgniter->run()
#5 {main}
CRITICAL - 2021-04-17 14:30:23 --> Undefined index: search
#0 C:\xampp\htdocs\isales\app\Controllers\ServicesAdmin\ServicesAdminController.php(331): CodeIgniter\Debug\Exceptions->errorHandler(8, 'Undefined index...', 'C:\\xampp\\htdocs...', 331, Array)
#1 C:\xampp\htdocs\isales\system\CodeIgniter.php(914): App\Controllers\ServicesAdmin\ServicesAdminController->allRecording()
#2 C:\xampp\htdocs\isales\system\CodeIgniter.php(400): CodeIgniter\CodeIgniter->runController(Object(App\Controllers\ServicesAdmin\ServicesAdminController))
#3 C:\xampp\htdocs\isales\system\CodeIgniter.php(308): CodeIgniter\CodeIgniter->handleRequest(NULL, Object(Config\Cache), false)
#4 C:\xampp\htdocs\isales\index.php(45): CodeIgniter\CodeIgniter->run()
#5 {main}
CRITICAL - 2021-04-17 14:32:11 --> Undefined index: search
#0 C:\xampp\htdocs\isales\app\Controllers\ServicesAdmin\ServicesAdminController.php(331): CodeIgniter\Debug\Exceptions->errorHandler(8, 'Undefined index...', 'C:\\xampp\\htdocs...', 331, Array)
#1 C:\xampp\htdocs\isales\system\CodeIgniter.php(914): App\Controllers\ServicesAdmin\ServicesAdminController->allRecording()
#2 C:\xampp\htdocs\isales\system\CodeIgniter.php(400): CodeIgniter\CodeIgniter->runController(Object(App\Controllers\ServicesAdmin\ServicesAdminController))
#3 C:\xampp\htdocs\isales\system\CodeIgniter.php(308): CodeIgniter\CodeIgniter->handleRequest(NULL, Object(Config\Cache), false)
#4 C:\xampp\htdocs\isales\index.php(45): CodeIgniter\CodeIgniter->run()
#5 {main}
CRITICAL - 2021-04-17 14:41:15 --> Undefined index: search
#0 C:\xampp\htdocs\isales\app\Controllers\ServicesAdmin\ServicesAdminController.php(331): CodeIgniter\Debug\Exceptions->errorHandler(8, 'Undefined index...', 'C:\\xampp\\htdocs...', 331, Array)
#1 C:\xampp\htdocs\isales\system\CodeIgniter.php(914): App\Controllers\ServicesAdmin\ServicesAdminController->allRecording()
#2 C:\xampp\htdocs\isales\system\CodeIgniter.php(400): CodeIgniter\CodeIgniter->runController(Object(App\Controllers\ServicesAdmin\ServicesAdminController))
#3 C:\xampp\htdocs\isales\system\CodeIgniter.php(308): CodeIgniter\CodeIgniter->handleRequest(NULL, Object(Config\Cache), false)
#4 C:\xampp\htdocs\isales\index.php(45): CodeIgniter\CodeIgniter->run()
#5 {main}
CRITICAL - 2021-04-17 14:42:00 --> Undefined index: search
#0 C:\xampp\htdocs\isales\app\Controllers\ServicesAdmin\ServicesAdminController.php(331): CodeIgniter\Debug\Exceptions->errorHandler(8, 'Undefined index...', 'C:\\xampp\\htdocs...', 331, Array)
#1 C:\xampp\htdocs\isales\system\CodeIgniter.php(914): App\Controllers\ServicesAdmin\ServicesAdminController->allRecording()
#2 C:\xampp\htdocs\isales\system\CodeIgniter.php(400): CodeIgniter\CodeIgniter->runController(Object(App\Controllers\ServicesAdmin\ServicesAdminController))
#3 C:\xampp\htdocs\isales\system\CodeIgniter.php(308): CodeIgniter\CodeIgniter->handleRequest(NULL, Object(Config\Cache), false)
#4 C:\xampp\htdocs\isales\index.php(45): CodeIgniter\CodeIgniter->run()
#5 {main}
CRITICAL - 2021-04-17 16:48:07 --> Undefined index: search
#0 C:\xampp\htdocs\isales\app\Controllers\ServicesAdmin\ServicesAdminController.php(331): CodeIgniter\Debug\Exceptions->errorHandler(8, 'Undefined index...', 'C:\\xampp\\htdocs...', 331, Array)
#1 C:\xampp\htdocs\isales\system\CodeIgniter.php(914): App\Controllers\ServicesAdmin\ServicesAdminController->allRecording()
#2 C:\xampp\htdocs\isales\system\CodeIgniter.php(400): CodeIgniter\CodeIgniter->runController(Object(App\Controllers\ServicesAdmin\ServicesAdminController))
#3 C:\xampp\htdocs\isales\system\CodeIgniter.php(308): CodeIgniter\CodeIgniter->handleRequest(NULL, Object(Config\Cache), false)
#4 C:\xampp\htdocs\isales\index.php(45): CodeIgniter\CodeIgniter->run()
#5 {main}
CRITICAL - 2021-04-17 16:55:58 --> Undefined index: search
#0 C:\xampp\htdocs\isales\app\Controllers\ServicesAdmin\ServicesAdminController.php(331): CodeIgniter\Debug\Exceptions->errorHandler(8, 'Undefined index...', 'C:\\xampp\\htdocs...', 331, Array)
#1 C:\xampp\htdocs\isales\system\CodeIgniter.php(914): App\Controllers\ServicesAdmin\ServicesAdminController->allRecording()
#2 C:\xampp\htdocs\isales\system\CodeIgniter.php(400): CodeIgniter\CodeIgniter->runController(Object(App\Controllers\ServicesAdmin\ServicesAdminController))
#3 C:\xampp\htdocs\isales\system\CodeIgniter.php(308): CodeIgniter\CodeIgniter->handleRequest(NULL, Object(Config\Cache), false)
#4 C:\xampp\htdocs\isales\index.php(45): CodeIgniter\CodeIgniter->run()
#5 {main}
CRITICAL - 2021-04-17 18:48:29 --> Cannot use empty array elements in arrays
#0 [internal function]: CodeIgniter\Debug\Exceptions->shutdownHandler()
#1 {main}
