CRITICAL - 2021-06-28 13:31:52 --> Undefined variable: produk
#0 C:\xampp\htdocs\isales-new\app\Views\admin\performance\index.php(82): CodeIgniter\Debug\Exceptions->errorHandler(8, 'Undefined varia...', 'C:\\xampp\\htdocs...', 82, Array)
#1 C:\xampp\htdocs\isales-new\system\View\View.php(246): include('C:\\xampp\\htdocs...')
#2 C:\xampp\htdocs\isales-new\system\Common.php(1087): CodeIgniter\View\View->render('admin/performan...', Array, true)
#3 C:\xampp\htdocs\isales-new\app\Controllers\Admin\AdminPerformanceController.php(71): view('admin/performan...', Array)
#4 C:\xampp\htdocs\isales-new\system\CodeIgniter.php(914): App\Controllers\Admin\AdminPerformanceController->index()
#5 C:\xampp\htdocs\isales-new\system\CodeIgniter.php(400): CodeIgniter\CodeIgniter->runController(Object(App\Controllers\Admin\AdminPerformanceController))
#6 C:\xampp\htdocs\isales-new\system\CodeIgniter.php(308): CodeIgniter\CodeIgniter->handleRequest(NULL, Object(Config\Cache), false)
#7 C:\xampp\htdocs\isales-new\index.php(45): CodeIgniter\CodeIgniter->run()
#8 {main}
CRITICAL - 2021-06-28 13:33:19 --> Undefined variable: produk
#0 C:\xampp\htdocs\isales-new\app\Views\admin\performance\index.php(82): CodeIgniter\Debug\Exceptions->errorHandler(8, 'Undefined varia...', 'C:\\xampp\\htdocs...', 82, Array)
#1 C:\xampp\htdocs\isales-new\system\View\View.php(246): include('C:\\xampp\\htdocs...')
#2 C:\xampp\htdocs\isales-new\system\Common.php(1087): CodeIgniter\View\View->render('admin/performan...', Array, true)
#3 C:\xampp\htdocs\isales-new\app\Controllers\Admin\AdminPerformanceController.php(71): view('admin/performan...', Array)
#4 C:\xampp\htdocs\isales-new\system\CodeIgniter.php(914): App\Controllers\Admin\AdminPerformanceController->index()
#5 C:\xampp\htdocs\isales-new\system\CodeIgniter.php(400): CodeIgniter\CodeIgniter->runController(Object(App\Controllers\Admin\AdminPerformanceController))
#6 C:\xampp\htdocs\isales-new\system\CodeIgniter.php(308): CodeIgniter\CodeIgniter->handleRequest(NULL, Object(Config\Cache), false)
#7 C:\xampp\htdocs\isales-new\index.php(45): CodeIgniter\CodeIgniter->run()
#8 {main}
