CRITICAL - 2021-06-02 16:20:47 --> Table 'isales.t_spaj' doesn't exist
#0 C:\xampp\htdocs\isales-new\system\Database\MySQLi\Connection.php(331): mysqli->query('SELECT MAX(`no_...')
#1 C:\xampp\htdocs\isales-new\system\Database\BaseConnection.php(738): CodeIgniter\Database\MySQLi\Connection->execute('SELECT MAX(`no_...')
#2 C:\xampp\htdocs\isales-new\system\Database\BaseConnection.php(666): CodeIgniter\Database\BaseConnection->simpleQuery('SELECT MAX(`no_...')
#3 C:\xampp\htdocs\isales-new\system\Database\BaseBuilder.php(1845): CodeIgniter\Database\BaseConnection->query('SELECT MAX(`no_...', Array, false)
#4 C:\xampp\htdocs\isales-new\system\Model.php(1716): CodeIgniter\Database\BaseBuilder->get()
#5 C:\xampp\htdocs\isales-new\app\Models\SpajModel.php(131): CodeIgniter\Model->__call('get', Array)
#6 C:\xampp\htdocs\isales-new\app\Controllers\Telesales\TelesalesController.php(1737): App\Models\SpajModel->getAll(Array)
#7 C:\xampp\htdocs\isales-new\system\CodeIgniter.php(914): App\Controllers\Telesales\TelesalesController->createOrderPersonalAccient()
#8 C:\xampp\htdocs\isales-new\system\CodeIgniter.php(400): CodeIgniter\CodeIgniter->runController(Object(App\Controllers\Telesales\TelesalesController))
#9 C:\xampp\htdocs\isales-new\system\CodeIgniter.php(308): CodeIgniter\CodeIgniter->handleRequest(NULL, Object(Config\Cache), false)
#10 C:\xampp\htdocs\isales-new\index.php(45): CodeIgniter\CodeIgniter->run()
#11 {main}
CRITICAL - 2021-06-02 16:22:08 --> Table 'isales.t_virtual_account' doesn't exist
#0 C:\xampp\htdocs\isales-new\system\Database\MySQLi\Connection.php(331): mysqli->query('SELECT `t_virtu...')
#1 C:\xampp\htdocs\isales-new\system\Database\BaseConnection.php(738): CodeIgniter\Database\MySQLi\Connection->execute('SELECT `t_virtu...')
#2 C:\xampp\htdocs\isales-new\system\Database\BaseConnection.php(666): CodeIgniter\Database\BaseConnection->simpleQuery('SELECT `t_virtu...')
#3 C:\xampp\htdocs\isales-new\system\Database\BaseBuilder.php(1845): CodeIgniter\Database\BaseConnection->query('SELECT `t_virtu...', Array, false)
#4 C:\xampp\htdocs\isales-new\system\Model.php(1716): CodeIgniter\Database\BaseBuilder->get()
#5 C:\xampp\htdocs\isales-new\app\Models\VirtualAccountModel.php(31): CodeIgniter\Model->__call('get', Array)
#6 C:\xampp\htdocs\isales-new\app\Controllers\Telesales\TelesalesController.php(1739): App\Models\VirtualAccountModel->getAll(Array)
#7 C:\xampp\htdocs\isales-new\system\CodeIgniter.php(914): App\Controllers\Telesales\TelesalesController->createOrderPersonalAccient()
#8 C:\xampp\htdocs\isales-new\system\CodeIgniter.php(400): CodeIgniter\CodeIgniter->runController(Object(App\Controllers\Telesales\TelesalesController))
#9 C:\xampp\htdocs\isales-new\system\CodeIgniter.php(308): CodeIgniter\CodeIgniter->handleRequest(NULL, Object(Config\Cache), false)
#10 C:\xampp\htdocs\isales-new\index.php(45): CodeIgniter\CodeIgniter->run()
#11 {main}
