CRITICAL - 2021-04-18 13:30:23 --> Illegal string offset 'start'
#0 C:\xampp\htdocs\isales\app\Controllers\Admin\AdminRecordingController.php(32): CodeIgniter\Debug\Exceptions->errorHandler(2, 'Illegal string ...', 'C:\\xampp\\htdocs...', 32, Array)
#1 C:\xampp\htdocs\isales\system\CodeIgniter.php(914): App\Controllers\Admin\AdminRecordingController->playRecording()
#2 C:\xampp\htdocs\isales\system\CodeIgniter.php(400): CodeIgniter\CodeIgniter->runController(Object(App\Controllers\Admin\AdminRecordingController))
#3 C:\xampp\htdocs\isales\system\CodeIgniter.php(308): CodeIgniter\CodeIgniter->handleRequest(NULL, Object(Config\Cache), false)
#4 C:\xampp\htdocs\isales\index.php(45): CodeIgniter\CodeIgniter->run()
#5 {main}
CRITICAL - 2021-04-18 13:32:17 --> Illegal string offset 'start'
#0 C:\xampp\htdocs\isales\app\Controllers\Admin\AdminRecordingController.php(32): CodeIgniter\Debug\Exceptions->errorHandler(2, 'Illegal string ...', 'C:\\xampp\\htdocs...', 32, Array)
#1 C:\xampp\htdocs\isales\system\CodeIgniter.php(914): App\Controllers\Admin\AdminRecordingController->playRecording()
#2 C:\xampp\htdocs\isales\system\CodeIgniter.php(400): CodeIgniter\CodeIgniter->runController(Object(App\Controllers\Admin\AdminRecordingController))
#3 C:\xampp\htdocs\isales\system\CodeIgniter.php(308): CodeIgniter\CodeIgniter->handleRequest(NULL, Object(Config\Cache), false)
#4 C:\xampp\htdocs\isales\index.php(45): CodeIgniter\CodeIgniter->run()
#5 {main}
CRITICAL - 2021-04-18 13:32:34 --> Cannot use empty array elements in arrays
#0 [internal function]: CodeIgniter\Debug\Exceptions->shutdownHandler()
#1 {main}
CRITICAL - 2021-04-18 13:32:34 --> Trying to access array offset on value of type null
#0 C:\xampp\htdocs\isales\app\Controllers\Admin\AdminRecordingController.php(49): CodeIgniter\Debug\Exceptions->errorHandler(8, 'Trying to acces...', 'C:\\xampp\\htdocs...', 49, Array)
#1 C:\xampp\htdocs\isales\system\CodeIgniter.php(914): App\Controllers\Admin\AdminRecordingController->playRecording()
#2 C:\xampp\htdocs\isales\system\CodeIgniter.php(400): CodeIgniter\CodeIgniter->runController(Object(App\Controllers\Admin\AdminRecordingController))
#3 C:\xampp\htdocs\isales\system\CodeIgniter.php(308): CodeIgniter\CodeIgniter->handleRequest(NULL, Object(Config\Cache), false)
#4 C:\xampp\htdocs\isales\index.php(45): CodeIgniter\CodeIgniter->run()
#5 {main}
CRITICAL - 2021-04-18 13:32:36 --> Uncaught CodeIgniter\Format\Exceptions\FormatException: Failed to parse json string, error: "Type is not supported". in C:\xampp\htdocs\isales\system\Format\Exceptions\FormatException.php:9
Stack trace:
#0 C:\xampp\htdocs\isales\system\Format\JSONFormatter.php(67): CodeIgniter\Format\Exceptions\FormatException::forInvalidJSON('Type is not sup...')
#1 C:\xampp\htdocs\isales\system\API\ResponseTrait.php(414): CodeIgniter\Format\JSONFormatter->format(Array)
#2 C:\xampp\htdocs\isales\system\API\ResponseTrait.php(134): CodeIgniter\Debug\Exceptions->format(Array)
#3 C:\xampp\htdocs\isales\system\Debug\Exceptions.php(166): CodeIgniter\Debug\Exceptions->respond(Array, 500)
#4 [internal function]: CodeIgniter\Debug\Exceptions->exceptionHandler(Object(ErrorException))
#5 {main}
  thrown
#0 [internal function]: CodeIgniter\Debug\Exceptions->shutdownHandler()
#1 {main}
CRITICAL - 2021-04-18 14:13:34 --> syntax error, unexpected 'public' (T_PUBLIC)
#0 C:\xampp\htdocs\isales\system\Autoloader\Autoloader.php(296): CodeIgniter\Autoloader\Autoloader->requireFile('C:\\xampp\\htdocs...')
#1 C:\xampp\htdocs\isales\system\Autoloader\Autoloader.php(258): CodeIgniter\Autoloader\Autoloader->loadInNamespace('App\\Models\\Reco...')
#2 [internal function]: CodeIgniter\Autoloader\Autoloader->loadClass('App\\Models\\Reco...')
#3 C:\xampp\htdocs\isales\app\Controllers\ServicesAdmin\ServicesAdminController.php(15): spl_autoload_call('App\\Models\\Reco...')
#4 C:\xampp\htdocs\isales\system\CodeIgniter.php(886): App\Controllers\ServicesAdmin\ServicesAdminController->__construct()
#5 C:\xampp\htdocs\isales\system\CodeIgniter.php(395): CodeIgniter\CodeIgniter->createController()
#6 C:\xampp\htdocs\isales\system\CodeIgniter.php(308): CodeIgniter\CodeIgniter->handleRequest(NULL, Object(Config\Cache), false)
#7 C:\xampp\htdocs\isales\index.php(45): CodeIgniter\CodeIgniter->run()
#8 {main}
CRITICAL - 2021-04-18 14:13:34 --> Undefined index: error
#0 C:\xampp\htdocs\isales\app\Controllers\Admin\AdminRecordingController.php(49): CodeIgniter\Debug\Exceptions->errorHandler(8, 'Undefined index...', 'C:\\xampp\\htdocs...', 49, Array)
#1 C:\xampp\htdocs\isales\system\CodeIgniter.php(914): App\Controllers\Admin\AdminRecordingController->playRecording()
#2 C:\xampp\htdocs\isales\system\CodeIgniter.php(400): CodeIgniter\CodeIgniter->runController(Object(App\Controllers\Admin\AdminRecordingController))
#3 C:\xampp\htdocs\isales\system\CodeIgniter.php(308): CodeIgniter\CodeIgniter->handleRequest(NULL, Object(Config\Cache), false)
#4 C:\xampp\htdocs\isales\index.php(45): CodeIgniter\CodeIgniter->run()
#5 {main}
CRITICAL - 2021-04-18 14:13:35 --> Uncaught CodeIgniter\Format\Exceptions\FormatException: Failed to parse json string, error: "Type is not supported". in C:\xampp\htdocs\isales\system\Format\Exceptions\FormatException.php:9
Stack trace:
#0 C:\xampp\htdocs\isales\system\Format\JSONFormatter.php(67): CodeIgniter\Format\Exceptions\FormatException::forInvalidJSON('Type is not sup...')
#1 C:\xampp\htdocs\isales\system\API\ResponseTrait.php(414): CodeIgniter\Format\JSONFormatter->format(Array)
#2 C:\xampp\htdocs\isales\system\API\ResponseTrait.php(134): CodeIgniter\Debug\Exceptions->format(Array)
#3 C:\xampp\htdocs\isales\system\Debug\Exceptions.php(166): CodeIgniter\Debug\Exceptions->respond(Array, 500)
#4 [internal function]: CodeIgniter\Debug\Exceptions->exceptionHandler(Object(ErrorException))
#5 {main}
  thrown
#0 [internal function]: CodeIgniter\Debug\Exceptions->shutdownHandler()
#1 {main}
CRITICAL - 2021-04-18 14:14:03 --> syntax error, unexpected 'public' (T_PUBLIC)
#0 C:\xampp\htdocs\isales\system\Autoloader\Autoloader.php(296): CodeIgniter\Autoloader\Autoloader->requireFile('C:\\xampp\\htdocs...')
#1 C:\xampp\htdocs\isales\system\Autoloader\Autoloader.php(258): CodeIgniter\Autoloader\Autoloader->loadInNamespace('App\\Models\\Reco...')
#2 [internal function]: CodeIgniter\Autoloader\Autoloader->loadClass('App\\Models\\Reco...')
#3 C:\xampp\htdocs\isales\app\Controllers\ServicesAdmin\ServicesAdminController.php(15): spl_autoload_call('App\\Models\\Reco...')
#4 C:\xampp\htdocs\isales\system\CodeIgniter.php(886): App\Controllers\ServicesAdmin\ServicesAdminController->__construct()
#5 C:\xampp\htdocs\isales\system\CodeIgniter.php(395): CodeIgniter\CodeIgniter->createController()
#6 C:\xampp\htdocs\isales\system\CodeIgniter.php(308): CodeIgniter\CodeIgniter->handleRequest(NULL, Object(Config\Cache), false)
#7 C:\xampp\htdocs\isales\index.php(45): CodeIgniter\CodeIgniter->run()
#8 {main}
CRITICAL - 2021-04-18 14:14:03 --> Undefined index: error
#0 C:\xampp\htdocs\isales\app\Controllers\Admin\AdminRecordingController.php(49): CodeIgniter\Debug\Exceptions->errorHandler(8, 'Undefined index...', 'C:\\xampp\\htdocs...', 49, Array)
#1 C:\xampp\htdocs\isales\system\CodeIgniter.php(914): App\Controllers\Admin\AdminRecordingController->playRecording()
#2 C:\xampp\htdocs\isales\system\CodeIgniter.php(400): CodeIgniter\CodeIgniter->runController(Object(App\Controllers\Admin\AdminRecordingController))
#3 C:\xampp\htdocs\isales\system\CodeIgniter.php(308): CodeIgniter\CodeIgniter->handleRequest(NULL, Object(Config\Cache), false)
#4 C:\xampp\htdocs\isales\index.php(45): CodeIgniter\CodeIgniter->run()
#5 {main}
CRITICAL - 2021-04-18 14:14:03 --> Uncaught CodeIgniter\Format\Exceptions\FormatException: Failed to parse json string, error: "Type is not supported". in C:\xampp\htdocs\isales\system\Format\Exceptions\FormatException.php:9
Stack trace:
#0 C:\xampp\htdocs\isales\system\Format\JSONFormatter.php(67): CodeIgniter\Format\Exceptions\FormatException::forInvalidJSON('Type is not sup...')
#1 C:\xampp\htdocs\isales\system\API\ResponseTrait.php(414): CodeIgniter\Format\JSONFormatter->format(Array)
#2 C:\xampp\htdocs\isales\system\API\ResponseTrait.php(134): CodeIgniter\Debug\Exceptions->format(Array)
#3 C:\xampp\htdocs\isales\system\Debug\Exceptions.php(166): CodeIgniter\Debug\Exceptions->respond(Array, 500)
#4 [internal function]: CodeIgniter\Debug\Exceptions->exceptionHandler(Object(ErrorException))
#5 {main}
  thrown
#0 [internal function]: CodeIgniter\Debug\Exceptions->shutdownHandler()
#1 {main}
CRITICAL - 2021-04-18 14:14:12 --> syntax error, unexpected 'public' (T_PUBLIC)
#0 C:\xampp\htdocs\isales\system\Autoloader\Autoloader.php(296): CodeIgniter\Autoloader\Autoloader->requireFile('C:\\xampp\\htdocs...')
#1 C:\xampp\htdocs\isales\system\Autoloader\Autoloader.php(258): CodeIgniter\Autoloader\Autoloader->loadInNamespace('App\\Models\\Reco...')
#2 [internal function]: CodeIgniter\Autoloader\Autoloader->loadClass('App\\Models\\Reco...')
#3 C:\xampp\htdocs\isales\app\Controllers\ServicesAdmin\ServicesAdminController.php(15): spl_autoload_call('App\\Models\\Reco...')
#4 C:\xampp\htdocs\isales\system\CodeIgniter.php(886): App\Controllers\ServicesAdmin\ServicesAdminController->__construct()
#5 C:\xampp\htdocs\isales\system\CodeIgniter.php(395): CodeIgniter\CodeIgniter->createController()
#6 C:\xampp\htdocs\isales\system\CodeIgniter.php(308): CodeIgniter\CodeIgniter->handleRequest(NULL, Object(Config\Cache), false)
#7 C:\xampp\htdocs\isales\index.php(45): CodeIgniter\CodeIgniter->run()
#8 {main}
CRITICAL - 2021-04-18 14:14:12 --> Undefined index: error
#0 C:\xampp\htdocs\isales\app\Controllers\Admin\AdminRecordingController.php(49): CodeIgniter\Debug\Exceptions->errorHandler(8, 'Undefined index...', 'C:\\xampp\\htdocs...', 49, Array)
#1 C:\xampp\htdocs\isales\system\CodeIgniter.php(914): App\Controllers\Admin\AdminRecordingController->playRecording()
#2 C:\xampp\htdocs\isales\system\CodeIgniter.php(400): CodeIgniter\CodeIgniter->runController(Object(App\Controllers\Admin\AdminRecordingController))
#3 C:\xampp\htdocs\isales\system\CodeIgniter.php(308): CodeIgniter\CodeIgniter->handleRequest(NULL, Object(Config\Cache), false)
#4 C:\xampp\htdocs\isales\index.php(45): CodeIgniter\CodeIgniter->run()
#5 {main}
CRITICAL - 2021-04-18 14:14:12 --> Uncaught CodeIgniter\Format\Exceptions\FormatException: Failed to parse json string, error: "Type is not supported". in C:\xampp\htdocs\isales\system\Format\Exceptions\FormatException.php:9
Stack trace:
#0 C:\xampp\htdocs\isales\system\Format\JSONFormatter.php(67): CodeIgniter\Format\Exceptions\FormatException::forInvalidJSON('Type is not sup...')
#1 C:\xampp\htdocs\isales\system\API\ResponseTrait.php(414): CodeIgniter\Format\JSONFormatter->format(Array)
#2 C:\xampp\htdocs\isales\system\API\ResponseTrait.php(134): CodeIgniter\Debug\Exceptions->format(Array)
#3 C:\xampp\htdocs\isales\system\Debug\Exceptions.php(166): CodeIgniter\Debug\Exceptions->respond(Array, 500)
#4 [internal function]: CodeIgniter\Debug\Exceptions->exceptionHandler(Object(ErrorException))
#5 {main}
  thrown
#0 [internal function]: CodeIgniter\Debug\Exceptions->shutdownHandler()
#1 {main}
CRITICAL - 2021-04-18 19:18:28 --> Trying to access array offset on value of type null
#0 C:\xampp\htdocs\isales\app\Controllers\Admin\AdminRecordingController.php(31): CodeIgniter\Debug\Exceptions->errorHandler(8, 'Trying to acces...', 'C:\\xampp\\htdocs...', 31, Array)
#1 C:\xampp\htdocs\isales\system\CodeIgniter.php(914): App\Controllers\Admin\AdminRecordingController->playRecording()
#2 C:\xampp\htdocs\isales\system\CodeIgniter.php(400): CodeIgniter\CodeIgniter->runController(Object(App\Controllers\Admin\AdminRecordingController))
#3 C:\xampp\htdocs\isales\system\CodeIgniter.php(308): CodeIgniter\CodeIgniter->handleRequest(NULL, Object(Config\Cache), false)
#4 C:\xampp\htdocs\isales\index.php(45): CodeIgniter\CodeIgniter->run()
#5 {main}
CRITICAL - 2021-04-18 19:19:23 --> Trying to access array offset on value of type null
#0 C:\xampp\htdocs\isales\app\Controllers\Admin\AdminRecordingController.php(31): CodeIgniter\Debug\Exceptions->errorHandler(8, 'Trying to acces...', 'C:\\xampp\\htdocs...', 31, Array)
#1 C:\xampp\htdocs\isales\system\CodeIgniter.php(914): App\Controllers\Admin\AdminRecordingController->playRecording()
#2 C:\xampp\htdocs\isales\system\CodeIgniter.php(400): CodeIgniter\CodeIgniter->runController(Object(App\Controllers\Admin\AdminRecordingController))
#3 C:\xampp\htdocs\isales\system\CodeIgniter.php(308): CodeIgniter\CodeIgniter->handleRequest(NULL, Object(Config\Cache), false)
#4 C:\xampp\htdocs\isales\index.php(45): CodeIgniter\CodeIgniter->run()
#5 {main}
CRITICAL - 2021-04-18 19:22:04 --> Undefined index: search
#0 C:\xampp\htdocs\isales\app\Controllers\ServicesAdmin\ServicesAdminController.php(331): CodeIgniter\Debug\Exceptions->errorHandler(8, 'Undefined index...', 'C:\\xampp\\htdocs...', 331, Array)
#1 C:\xampp\htdocs\isales\system\CodeIgniter.php(914): App\Controllers\ServicesAdmin\ServicesAdminController->allRecording()
#2 C:\xampp\htdocs\isales\system\CodeIgniter.php(400): CodeIgniter\CodeIgniter->runController(Object(App\Controllers\ServicesAdmin\ServicesAdminController))
#3 C:\xampp\htdocs\isales\system\CodeIgniter.php(308): CodeIgniter\CodeIgniter->handleRequest(NULL, Object(Config\Cache), false)
#4 C:\xampp\htdocs\isales\index.php(45): CodeIgniter\CodeIgniter->run()
#5 {main}
CRITICAL - 2021-04-18 19:22:04 --> Undefined index: error
#0 C:\xampp\htdocs\isales\app\Controllers\Admin\AdminRecordingController.php(49): CodeIgniter\Debug\Exceptions->errorHandler(8, 'Undefined index...', 'C:\\xampp\\htdocs...', 49, Array)
#1 C:\xampp\htdocs\isales\system\CodeIgniter.php(914): App\Controllers\Admin\AdminRecordingController->playRecording()
#2 C:\xampp\htdocs\isales\system\CodeIgniter.php(400): CodeIgniter\CodeIgniter->runController(Object(App\Controllers\Admin\AdminRecordingController))
#3 C:\xampp\htdocs\isales\system\CodeIgniter.php(308): CodeIgniter\CodeIgniter->handleRequest(NULL, Object(Config\Cache), false)
#4 C:\xampp\htdocs\isales\index.php(45): CodeIgniter\CodeIgniter->run()
#5 {main}
CRITICAL - 2021-04-18 19:22:04 --> Undefined index: search
#0 C:\xampp\htdocs\isales\app\Controllers\ServicesAdmin\ServicesAdminController.php(331): CodeIgniter\Debug\Exceptions->errorHandler(8, 'Undefined index...', 'C:\\xampp\\htdocs...', 331, Array)
#1 C:\xampp\htdocs\isales\system\CodeIgniter.php(914): App\Controllers\ServicesAdmin\ServicesAdminController->allRecording()
#2 C:\xampp\htdocs\isales\system\CodeIgniter.php(400): CodeIgniter\CodeIgniter->runController(Object(App\Controllers\ServicesAdmin\ServicesAdminController))
#3 C:\xampp\htdocs\isales\system\CodeIgniter.php(308): CodeIgniter\CodeIgniter->handleRequest(NULL, Object(Config\Cache), false)
#4 C:\xampp\htdocs\isales\index.php(45): CodeIgniter\CodeIgniter->run()
#5 {main}
CRITICAL - 2021-04-18 19:22:04 --> Undefined index: error
#0 C:\xampp\htdocs\isales\app\Controllers\Admin\AdminRecordingController.php(49): CodeIgniter\Debug\Exceptions->errorHandler(8, 'Undefined index...', 'C:\\xampp\\htdocs...', 49, Array)
#1 C:\xampp\htdocs\isales\system\CodeIgniter.php(914): App\Controllers\Admin\AdminRecordingController->playRecording()
#2 C:\xampp\htdocs\isales\system\CodeIgniter.php(400): CodeIgniter\CodeIgniter->runController(Object(App\Controllers\Admin\AdminRecordingController))
#3 C:\xampp\htdocs\isales\system\CodeIgniter.php(308): CodeIgniter\CodeIgniter->handleRequest(NULL, Object(Config\Cache), false)
#4 C:\xampp\htdocs\isales\index.php(45): CodeIgniter\CodeIgniter->run()
#5 {main}
CRITICAL - 2021-04-18 19:22:31 --> Undefined index: search
#0 C:\xampp\htdocs\isales\app\Controllers\ServicesAdmin\ServicesAdminController.php(331): CodeIgniter\Debug\Exceptions->errorHandler(8, 'Undefined index...', 'C:\\xampp\\htdocs...', 331, Array)
#1 C:\xampp\htdocs\isales\system\CodeIgniter.php(914): App\Controllers\ServicesAdmin\ServicesAdminController->allRecording()
#2 C:\xampp\htdocs\isales\system\CodeIgniter.php(400): CodeIgniter\CodeIgniter->runController(Object(App\Controllers\ServicesAdmin\ServicesAdminController))
#3 C:\xampp\htdocs\isales\system\CodeIgniter.php(308): CodeIgniter\CodeIgniter->handleRequest(NULL, Object(Config\Cache), false)
#4 C:\xampp\htdocs\isales\index.php(45): CodeIgniter\CodeIgniter->run()
#5 {main}
CRITICAL - 2021-04-18 19:22:31 --> Undefined index: error
#0 C:\xampp\htdocs\isales\app\Controllers\Admin\AdminRecordingController.php(49): CodeIgniter\Debug\Exceptions->errorHandler(8, 'Undefined index...', 'C:\\xampp\\htdocs...', 49, Array)
#1 C:\xampp\htdocs\isales\system\CodeIgniter.php(914): App\Controllers\Admin\AdminRecordingController->playRecording()
#2 C:\xampp\htdocs\isales\system\CodeIgniter.php(400): CodeIgniter\CodeIgniter->runController(Object(App\Controllers\Admin\AdminRecordingController))
#3 C:\xampp\htdocs\isales\system\CodeIgniter.php(308): CodeIgniter\CodeIgniter->handleRequest(NULL, Object(Config\Cache), false)
#4 C:\xampp\htdocs\isales\index.php(45): CodeIgniter\CodeIgniter->run()
#5 {main}
CRITICAL - 2021-04-18 19:22:32 --> Uncaught CodeIgniter\Format\Exceptions\FormatException: Failed to parse json string, error: "Type is not supported". in C:\xampp\htdocs\isales\system\Format\Exceptions\FormatException.php:9
Stack trace:
#0 C:\xampp\htdocs\isales\system\Format\JSONFormatter.php(67): CodeIgniter\Format\Exceptions\FormatException::forInvalidJSON('Type is not sup...')
#1 C:\xampp\htdocs\isales\system\API\ResponseTrait.php(414): CodeIgniter\Format\JSONFormatter->format(Array)
#2 C:\xampp\htdocs\isales\system\API\ResponseTrait.php(134): CodeIgniter\Debug\Exceptions->format(Array)
#3 C:\xampp\htdocs\isales\system\Debug\Exceptions.php(166): CodeIgniter\Debug\Exceptions->respond(Array, 500)
#4 [internal function]: CodeIgniter\Debug\Exceptions->exceptionHandler(Object(ErrorException))
#5 {main}
  thrown
#0 [internal function]: CodeIgniter\Debug\Exceptions->shutdownHandler()
#1 {main}
CRITICAL - 2021-04-18 19:22:37 --> Undefined index: search
#0 C:\xampp\htdocs\isales\app\Controllers\ServicesAdmin\ServicesAdminController.php(331): CodeIgniter\Debug\Exceptions->errorHandler(8, 'Undefined index...', 'C:\\xampp\\htdocs...', 331, Array)
#1 C:\xampp\htdocs\isales\system\CodeIgniter.php(914): App\Controllers\ServicesAdmin\ServicesAdminController->allRecording()
#2 C:\xampp\htdocs\isales\system\CodeIgniter.php(400): CodeIgniter\CodeIgniter->runController(Object(App\Controllers\ServicesAdmin\ServicesAdminController))
#3 C:\xampp\htdocs\isales\system\CodeIgniter.php(308): CodeIgniter\CodeIgniter->handleRequest(NULL, Object(Config\Cache), false)
#4 C:\xampp\htdocs\isales\index.php(45): CodeIgniter\CodeIgniter->run()
#5 {main}
CRITICAL - 2021-04-18 19:22:37 --> Undefined index: error
#0 C:\xampp\htdocs\isales\app\Controllers\Admin\AdminRecordingController.php(49): CodeIgniter\Debug\Exceptions->errorHandler(8, 'Undefined index...', 'C:\\xampp\\htdocs...', 49, Array)
#1 C:\xampp\htdocs\isales\system\CodeIgniter.php(914): App\Controllers\Admin\AdminRecordingController->playRecording()
#2 C:\xampp\htdocs\isales\system\CodeIgniter.php(400): CodeIgniter\CodeIgniter->runController(Object(App\Controllers\Admin\AdminRecordingController))
#3 C:\xampp\htdocs\isales\system\CodeIgniter.php(308): CodeIgniter\CodeIgniter->handleRequest(NULL, Object(Config\Cache), false)
#4 C:\xampp\htdocs\isales\index.php(45): CodeIgniter\CodeIgniter->run()
#5 {main}
CRITICAL - 2021-04-18 19:27:21 --> Undefined index: search
#0 C:\xampp\htdocs\isales\app\Controllers\ServicesAdmin\ServicesAdminController.php(331): CodeIgniter\Debug\Exceptions->errorHandler(8, 'Undefined index...', 'C:\\xampp\\htdocs...', 331, Array)
#1 C:\xampp\htdocs\isales\system\CodeIgniter.php(914): App\Controllers\ServicesAdmin\ServicesAdminController->allRecording()
#2 C:\xampp\htdocs\isales\system\CodeIgniter.php(400): CodeIgniter\CodeIgniter->runController(Object(App\Controllers\ServicesAdmin\ServicesAdminController))
#3 C:\xampp\htdocs\isales\system\CodeIgniter.php(308): CodeIgniter\CodeIgniter->handleRequest(NULL, Object(Config\Cache), false)
#4 C:\xampp\htdocs\isales\index.php(45): CodeIgniter\CodeIgniter->run()
#5 {main}
CRITICAL - 2021-04-18 19:27:21 --> Undefined index: error
#0 C:\xampp\htdocs\isales\app\Controllers\Admin\AdminRecordingController.php(50): CodeIgniter\Debug\Exceptions->errorHandler(8, 'Undefined index...', 'C:\\xampp\\htdocs...', 50, Array)
#1 C:\xampp\htdocs\isales\system\CodeIgniter.php(914): App\Controllers\Admin\AdminRecordingController->playRecording()
#2 C:\xampp\htdocs\isales\system\CodeIgniter.php(400): CodeIgniter\CodeIgniter->runController(Object(App\Controllers\Admin\AdminRecordingController))
#3 C:\xampp\htdocs\isales\system\CodeIgniter.php(308): CodeIgniter\CodeIgniter->handleRequest(NULL, Object(Config\Cache), false)
#4 C:\xampp\htdocs\isales\index.php(45): CodeIgniter\CodeIgniter->run()
#5 {main}
CRITICAL - 2021-04-18 19:27:21 --> Uncaught CodeIgniter\Format\Exceptions\FormatException: Failed to parse json string, error: "Type is not supported". in C:\xampp\htdocs\isales\system\Format\Exceptions\FormatException.php:9
Stack trace:
#0 C:\xampp\htdocs\isales\system\Format\JSONFormatter.php(67): CodeIgniter\Format\Exceptions\FormatException::forInvalidJSON('Type is not sup...')
#1 C:\xampp\htdocs\isales\system\API\ResponseTrait.php(414): CodeIgniter\Format\JSONFormatter->format(Array)
#2 C:\xampp\htdocs\isales\system\API\ResponseTrait.php(134): CodeIgniter\Debug\Exceptions->format(Array)
#3 C:\xampp\htdocs\isales\system\Debug\Exceptions.php(166): CodeIgniter\Debug\Exceptions->respond(Array, 500)
#4 [internal function]: CodeIgniter\Debug\Exceptions->exceptionHandler(Object(ErrorException))
#5 {main}
  thrown
#0 [internal function]: CodeIgniter\Debug\Exceptions->shutdownHandler()
#1 {main}
CRITICAL - 2021-04-18 19:27:41 --> Undefined index: search
#0 C:\xampp\htdocs\isales\app\Controllers\ServicesAdmin\ServicesAdminController.php(331): CodeIgniter\Debug\Exceptions->errorHandler(8, 'Undefined index...', 'C:\\xampp\\htdocs...', 331, Array)
#1 C:\xampp\htdocs\isales\system\CodeIgniter.php(914): App\Controllers\ServicesAdmin\ServicesAdminController->allRecording()
#2 C:\xampp\htdocs\isales\system\CodeIgniter.php(400): CodeIgniter\CodeIgniter->runController(Object(App\Controllers\ServicesAdmin\ServicesAdminController))
#3 C:\xampp\htdocs\isales\system\CodeIgniter.php(308): CodeIgniter\CodeIgniter->handleRequest(NULL, Object(Config\Cache), false)
#4 C:\xampp\htdocs\isales\index.php(45): CodeIgniter\CodeIgniter->run()
#5 {main}
CRITICAL - 2021-04-18 19:27:41 --> Undefined index: error
#0 C:\xampp\htdocs\isales\app\Controllers\Admin\AdminRecordingController.php(50): CodeIgniter\Debug\Exceptions->errorHandler(8, 'Undefined index...', 'C:\\xampp\\htdocs...', 50, Array)
#1 C:\xampp\htdocs\isales\system\CodeIgniter.php(914): App\Controllers\Admin\AdminRecordingController->playRecording()
#2 C:\xampp\htdocs\isales\system\CodeIgniter.php(400): CodeIgniter\CodeIgniter->runController(Object(App\Controllers\Admin\AdminRecordingController))
#3 C:\xampp\htdocs\isales\system\CodeIgniter.php(308): CodeIgniter\CodeIgniter->handleRequest(NULL, Object(Config\Cache), false)
#4 C:\xampp\htdocs\isales\index.php(45): CodeIgniter\CodeIgniter->run()
#5 {main}
CRITICAL - 2021-04-18 19:27:41 --> Uncaught CodeIgniter\Format\Exceptions\FormatException: Failed to parse json string, error: "Type is not supported". in C:\xampp\htdocs\isales\system\Format\Exceptions\FormatException.php:9
Stack trace:
#0 C:\xampp\htdocs\isales\system\Format\JSONFormatter.php(67): CodeIgniter\Format\Exceptions\FormatException::forInvalidJSON('Type is not sup...')
#1 C:\xampp\htdocs\isales\system\API\ResponseTrait.php(414): CodeIgniter\Format\JSONFormatter->format(Array)
#2 C:\xampp\htdocs\isales\system\API\ResponseTrait.php(134): CodeIgniter\Debug\Exceptions->format(Array)
#3 C:\xampp\htdocs\isales\system\Debug\Exceptions.php(166): CodeIgniter\Debug\Exceptions->respond(Array, 500)
#4 [internal function]: CodeIgniter\Debug\Exceptions->exceptionHandler(Object(ErrorException))
#5 {main}
  thrown
#0 [internal function]: CodeIgniter\Debug\Exceptions->shutdownHandler()
#1 {main}
CRITICAL - 2021-04-18 19:37:22 --> Trying to access array offset on value of type null
#0 C:\xampp\htdocs\isales\app\Controllers\Admin\AdminRecordingController.php(31): CodeIgniter\Debug\Exceptions->errorHandler(8, 'Trying to acces...', 'C:\\xampp\\htdocs...', 31, Array)
#1 C:\xampp\htdocs\isales\system\CodeIgniter.php(914): App\Controllers\Admin\AdminRecordingController->playRecording()
#2 C:\xampp\htdocs\isales\system\CodeIgniter.php(400): CodeIgniter\CodeIgniter->runController(Object(App\Controllers\Admin\AdminRecordingController))
#3 C:\xampp\htdocs\isales\system\CodeIgniter.php(308): CodeIgniter\CodeIgniter->handleRequest(NULL, Object(Config\Cache), false)
#4 C:\xampp\htdocs\isales\index.php(45): CodeIgniter\CodeIgniter->run()
#5 {main}
CRITICAL - 2021-04-18 19:38:24 --> Trying to access array offset on value of type null
#0 C:\xampp\htdocs\isales\app\Controllers\Admin\AdminRecordingController.php(31): CodeIgniter\Debug\Exceptions->errorHandler(8, 'Trying to acces...', 'C:\\xampp\\htdocs...', 31, Array)
#1 C:\xampp\htdocs\isales\system\CodeIgniter.php(914): App\Controllers\Admin\AdminRecordingController->playRecording()
#2 C:\xampp\htdocs\isales\system\CodeIgniter.php(400): CodeIgniter\CodeIgniter->runController(Object(App\Controllers\Admin\AdminRecordingController))
#3 C:\xampp\htdocs\isales\system\CodeIgniter.php(308): CodeIgniter\CodeIgniter->handleRequest(NULL, Object(Config\Cache), false)
#4 C:\xampp\htdocs\isales\index.php(45): CodeIgniter\CodeIgniter->run()
#5 {main}
CRITICAL - 2021-04-18 19:39:08 --> Trying to access array offset on value of type null
#0 C:\xampp\htdocs\isales\app\Controllers\Admin\AdminRecordingController.php(31): CodeIgniter\Debug\Exceptions->errorHandler(8, 'Trying to acces...', 'C:\\xampp\\htdocs...', 31, Array)
#1 C:\xampp\htdocs\isales\system\CodeIgniter.php(914): App\Controllers\Admin\AdminRecordingController->playRecording()
#2 C:\xampp\htdocs\isales\system\CodeIgniter.php(400): CodeIgniter\CodeIgniter->runController(Object(App\Controllers\Admin\AdminRecordingController))
#3 C:\xampp\htdocs\isales\system\CodeIgniter.php(308): CodeIgniter\CodeIgniter->handleRequest(NULL, Object(Config\Cache), false)
#4 C:\xampp\htdocs\isales\index.php(45): CodeIgniter\CodeIgniter->run()
#5 {main}
CRITICAL - 2021-04-18 21:24:22 --> Trying to access array offset on value of type null
#0 C:\xampp\htdocs\isales\app\Controllers\Admin\AdminSpajController.php(30): CodeIgniter\Debug\Exceptions->errorHandler(8, 'Trying to acces...', 'C:\\xampp\\htdocs...', 30, Array)
#1 C:\xampp\htdocs\isales\system\CodeIgniter.php(914): App\Controllers\Admin\AdminSpajController->getData()
#2 C:\xampp\htdocs\isales\system\CodeIgniter.php(400): CodeIgniter\CodeIgniter->runController(Object(App\Controllers\Admin\AdminSpajController))
#3 C:\xampp\htdocs\isales\system\CodeIgniter.php(308): CodeIgniter\CodeIgniter->handleRequest(NULL, Object(Config\Cache), false)
#4 C:\xampp\htdocs\isales\index.php(45): CodeIgniter\CodeIgniter->run()
#5 {main}
